{"meta": {"format": 3, "version": "7.13.1", "timestamp": "2026-01-15T15:29:08.221293", "branch_coverage": false, "show_contexts": false}, "files": {"src/lark_service/__init__.py": {"executed_lines": [], "summary": {"covered_lines": 0, "num_statements": 0, "percent_covered": 100.0, "percent_covered_display": "100.00", "missing_lines": 0, "excluded_lines": 0, "percent_statements_covered": 100.0, "percent_statements_covered_display": "100.00"}, "missing_lines": [], "excluded_lines": [], "functions": {"": {"executed_lines": [], "summary": {"covered_lines": 0, "num_statements": 0, "percent_covered": 100.0, "percent_covered_display": "100.00", "missing_lines": 0, "excluded_lines": 0, "percent_statements_covered": 100.0, "percent_statements_covered_display": "100.00"}, "missing_lines": [], "excluded_lines": [], "start_line": 1}}, "classes": {"": {"executed_lines": [], "summary": {"covered_lines": 0, "num_statements": 0, "percent_covered": 100.0, "percent_covered_display": "100.00", "missing_lines": 0, "excluded_lines": 0, "percent_statements_covered": 100.0, "percent_statements_covered_display": "100.00"}, "missing_lines": [], "excluded_lines": [], "start_line": 1}}}, "src/lark_service/apaas/__init__.py": {"executed_lines": [], "summary": {"covered_lines": 0, "num_statements": 0, "percent_covered": 100.0, "percent_covered_display": "100.00", "missing_lines": 0, "excluded_lines": 0, "percent_statements_covered": 100.0, "percent_statements_covered_display": "100.00"}, "missing_lines": [], "excluded_lines": [], "functions": {"": {"executed_lines": [], "summary": {"covered_lines": 0, "num_statements": 0, "percent_covered": 100.0, "percent_covered_display": "100.00", "missing_lines": 0, "excluded_lines": 0, "percent_statements_covered": 100.0, "percent_statements_covered_display": "100.00"}, "missing_lines": [], "excluded_lines": [], "start_line": 1}}, "classes": {"": {"executed_lines": [], "summary": {"covered_lines": 0, "num_statements": 0, "percent_covered": 100.0, "percent_covered_display": "100.00", "missing_lines": 0, "excluded_lines": 0, "percent_statements_covered": 100.0, "percent_statements_covered_display": "100.00"}, "missing_lines": [], "excluded_lines": [], "start_line": 1}}}, "src/lark_service/cli/__init__.py": {"executed_lines": [], "summary": {"covered_lines": 0, "num_statements": 7, "percent_covered": 0.0, "percent_covered_display": "0.00", "missing_lines": 7, "excluded_lines": 2, "percent_statements_covered": 0.0, "percent_statements_covered_display": "0.00"}, "missing_lines": [6, 8, 11, 12, 13, 38, 42], "excluded_lines": [45, 46], "functions": {"main": {"executed_lines": [], "summary": {"covered_lines": 0, "num_statements": 1, "percent_covered": 0.0, "percent_covered_display": "0.00", "missing_lines": 1, "excluded_lines": 0, "percent_statements_covered": 0.0, "percent_statements_covered_display": "0.00"}, "missing_lines": [38], "excluded_lines": [], "start_line": 13}, "": {"executed_lines": [], "summary": {"covered_lines": 0, "num_statements": 6, "percent_covered": 0.0, "percent_covered_display": "0.00", "missing_lines": 6, "excluded_lines": 2, "percent_statements_covered": 0.0, "percent_statements_covered_display": "0.00"}, "missing_lines": [6, 8, 11, 12, 13, 42], "excluded_lines": [45, 46], "start_line": 1}}, "classes": {"": {"executed_lines": [], "summary": {"covered_lines": 0, "num_statements": 7, "percent_covered": 0.0, "percent_covered_display": "0.00", "missing_lines": 7, "excluded_lines": 2, "percent_statements_covered": 0.0, "percent_statements_covered_display": "0.00"}, "missing_lines": [6, 8, 11, 12, 13, 38, 42], "excluded_lines": [45, 46], "start_line": 1}}}, "src/lark_service/cli/app.py": {"executed_lines": [], "summary": {"covered_lines": 0, "num_statements": 174, "percent_covered": 0.0, "percent_covered_display": "0.00", "missing_lines": 174, "excluded_lines": 0, "percent_statements_covered": 0.0, "percent_statements_covered_display": "0.00"}, "missing_lines": [6, 7, 8, 9, 11, 12, 13, 14, 16, 17, 20, 22, 25, 34, 36, 37, 38, 42, 45, 47, 49, 50, 53, 54, 56, 59, 60, 61, 62, 63, 64, 65, 66, 83, 85, 86, 95, 96, 97, 98, 100, 101, 102, 104, 107, 108, 109, 110, 118, 120, 121, 123, 125, 137, 140, 141, 142, 144, 145, 146, 147, 148, 149, 151, 152, 153, 155, 163, 164, 166, 167, 168, 170, 173, 174, 175, 176, 185, 187, 188, 190, 191, 192, 195, 197, 199, 210, 213, 214, 215, 216, 217, 218, 219, 220, 221, 222, 224, 225, 226, 228, 231, 232, 233, 234, 235, 236, 237, 238, 253, 255, 257, 258, 259, 261, 270, 271, 272, 273, 275, 276, 277, 279, 282, 283, 284, 285, 286, 297, 299, 301, 302, 303, 304, 307, 308, 309, 313, 314, 315, 318, 320, 321, 322, 324, 325, 326, 328, 331, 332, 333, 339, 341, 342, 344, 345, 346, 348, 349, 350, 352, 355, 356, 357, 363, 365, 366, 368, 369, 370, 372, 373, 374, 376], "excluded_lines": [], "functions": {"get_app_manager": {"executed_lines": [], "summary": {"covered_lines": 0, "num_statements": 9, "percent_covered": 0.0, "percent_covered_display": "0.00", "missing_lines": 9, "excluded_lines": 0, "percent_statements_covered": 0.0, "percent_statements_covered_display": "0.00"}, "missing_lines": [34, 36, 37, 38, 42, 45, 47, 49, 50], "excluded_lines": [], "start_line": 25}, "app": {"executed_lines": [], "summary": {"covered_lines": 0, "num_statements": 1, "percent_covered": 0.0, "percent_covered_display": "0.00", "missing_lines": 1, "excluded_lines": 0, "percent_statements_covered": 0.0, "percent_statements_covered_display": "0.00"}, "missing_lines": [56], "excluded_lines": [], "start_line": 54}, "add": {"executed_lines": [], "summary": {"covered_lines": 0, "num_statements": 11, "percent_covered": 0.0, "percent_covered_display": "0.00", "missing_lines": 11, "excluded_lines": 0, "percent_statements_covered": 0.0, "percent_statements_covered_display": "0.00"}, "missing_lines": [83, 85, 86, 95, 96, 97, 98, 100, 101, 102, 104], "excluded_lines": [], "start_line": 66}, "list": {"executed_lines": [], "summary": {"covered_lines": 0, "num_statements": 25, "percent_covered": 0.0, "percent_covered_display": "0.00", "missing_lines": 25, "excluded_lines": 0, "percent_statements_covered": 0.0, "percent_statements_covered_display": "0.00"}, "missing_lines": [118, 120, 121, 123, 125, 137, 140, 141, 142, 144, 145, 146, 147, 148, 149, 151, 152, 153, 155, 163, 164, 166, 167, 168, 170], "excluded_lines": [], "start_line": 110}, "show": {"executed_lines": [], "summary": {"covered_lines": 0, "num_statements": 24, "percent_covered": 0.0, "percent_covered_display": "0.00", "missing_lines": 24, "excluded_lines": 0, "percent_statements_covered": 0.0, "percent_statements_covered_display": "0.00"}, "missing_lines": [185, 187, 188, 190, 191, 192, 195, 197, 199, 210, 213, 214, 215, 216, 217, 218, 219, 220, 221, 222, 224, 225, 226, 228], "excluded_lines": [], "start_line": 176}, "update": {"executed_lines": [], "summary": {"covered_lines": 0, "num_statements": 14, "percent_covered": 0.0, "percent_covered_display": "0.00", "missing_lines": 14, "excluded_lines": 0, "percent_statements_covered": 0.0, "percent_statements_covered_display": "0.00"}, "missing_lines": [253, 255, 257, 258, 259, 261, 270, 271, 272, 273, 275, 276, 277, 279], "excluded_lines": [], "start_line": 238}, "delete": {"executed_lines": [], "summary": {"covered_lines": 0, "num_statements": 20, "percent_covered": 0.0, "percent_covered_display": "0.00", "missing_lines": 20, "excluded_lines": 0, "percent_statements_covered": 0.0, "percent_statements_covered_display": "0.00"}, "missing_lines": [297, 299, 301, 302, 303, 304, 307, 308, 309, 313, 314, 315, 318, 320, 321, 322, 324, 325, 326, 328], "excluded_lines": [], "start_line": 286}, "enable": {"executed_lines": [], "summary": {"covered_lines": 0, "num_statements": 10, "percent_covered": 0.0, "percent_covered_display": "0.00", "missing_lines": 10, "excluded_lines": 0, "percent_statements_covered": 0.0, "percent_statements_covered_display": "0.00"}, "missing_lines": [339, 341, 342, 344, 345, 346, 348, 349, 350, 352], "excluded_lines": [], "start_line": 333}, "disable": {"executed_lines": [], "summary": {"covered_lines": 0, "num_statements": 10, "percent_covered": 0.0, "percent_covered_display": "0.00", "missing_lines": 10, "excluded_lines": 0, "percent_statements_covered": 0.0, "percent_statements_covered_display": "0.00"}, "missing_lines": [363, 365, 366, 368, 369, 370, 372, 373, 374, 376], "excluded_lines": [], "start_line": 357}, "": {"executed_lines": [], "summary": {"covered_lines": 0, "num_statements": 50, "percent_covered": 0.0, "percent_covered_display": "0.00", "missing_lines": 50, "excluded_lines": 0, "percent_statements_covered": 0.0, "percent_statements_covered_display": "0.00"}, "missing_lines": [6, 7, 8, 9, 11, 12, 13, 14, 16, 17, 20, 22, 25, 53, 54, 59, 60, 61, 62, 63, 64, 65, 66, 107, 108, 109, 110, 173, 174, 175, 176, 231, 232, 233, 234, 235, 236, 237, 238, 282, 283, 284, 285, 286, 331, 332, 333, 355, 356, 357], "excluded_lines": [], "start_line": 1}}, "classes": {"": {"executed_lines": [], "summary": {"covered_lines": 0, "num_statements": 174, "percent_covered": 0.0, "percent_covered_display": "0.00", "missing_lines": 174, "excluded_lines": 0, "percent_statements_covered": 0.0, "percent_statements_covered_display": "0.00"}, "missing_lines": [6, 7, 8, 9, 11, 12, 13, 14, 16, 17, 20, 22, 25, 34, 36, 37, 38, 42, 45, 47, 49, 50, 53, 54, 56, 59, 60, 61, 62, 63, 64, 65, 66, 83, 85, 86, 95, 96, 97, 98, 100, 101, 102, 104, 107, 108, 109, 110, 118, 120, 121, 123, 125, 137, 140, 141, 142, 144, 145, 146, 147, 148, 149, 151, 152, 153, 155, 163, 164, 166, 167, 168, 170, 173, 174, 175, 176, 185, 187, 188, 190, 191, 192, 195, 197, 199, 210, 213, 214, 215, 216, 217, 218, 219, 220, 221, 222, 224, 225, 226, 228, 231, 232, 233, 234, 235, 236, 237, 238, 253, 255, 257, 258, 259, 261, 270, 271, 272, 273, 275, 276, 277, 279, 282, 283, 284, 285, 286, 297, 299, 301, 302, 303, 304, 307, 308, 309, 313, 314, 315, 318, 320, 321, 322, 324, 325, 326, 328, 331, 332, 333, 339, 341, 342, 344, 345, 346, 348, 349, 350, 352, 355, 356, 357, 363, 365, 366, 368, 369, 370, 372, 373, 374, 376], "excluded_lines": [], "start_line": 1}}}, "src/lark_service/clouddoc/__init__.py": {"executed_lines": [], "summary": {"covered_lines": 0, "num_statements": 0, "percent_covered": 100.0, "percent_covered_display": "100.00", "missing_lines": 0, "excluded_lines": 0, "percent_statements_covered": 100.0, "percent_statements_covered_display": "100.00"}, "missing_lines": [], "excluded_lines": [], "functions": {"": {"executed_lines": [], "summary": {"covered_lines": 0, "num_statements": 0, "percent_covered": 100.0, "percent_covered_display": "100.00", "missing_lines": 0, "excluded_lines": 0, "percent_statements_covered": 100.0, "percent_statements_covered_display": "100.00"}, "missing_lines": [], "excluded_lines": [], "start_line": 1}}, "classes": {"": {"executed_lines": [], "summary": {"covered_lines": 0, "num_statements": 0, "percent_covered": 100.0, "percent_covered_display": "100.00", "missing_lines": 0, "excluded_lines": 0, "percent_statements_covered": 100.0, "percent_statements_covered_display": "100.00"}, "missing_lines": [], "excluded_lines": [], "start_line": 1}}}, "src/lark_service/contact/__init__.py": {"executed_lines": [], "summary": {"covered_lines": 0, "num_statements": 0, "percent_covered": 100.0, "percent_covered_display": "100.00", "missing_lines": 0, "excluded_lines": 0, "percent_statements_covered": 100.0, "percent_statements_covered_display": "100.00"}, "missing_lines": [], "excluded_lines": [], "functions": {"": {"executed_lines": [], "summary": {"covered_lines": 0, "num_statements": 0, "percent_covered": 100.0, "percent_covered_display": "100.00", "missing_lines": 0, "excluded_lines": 0, "percent_statements_covered": 100.0, "percent_statements_covered_display": "100.00"}, "missing_lines": [], "excluded_lines": [], "start_line": 1}}, "classes": {"": {"executed_lines": [], "summary": {"covered_lines": 0, "num_statements": 0, "percent_covered": 100.0, "percent_covered_display": "100.00", "missing_lines": 0, "excluded_lines": 0, "percent_statements_covered": 100.0, "percent_statements_covered_display": "100.00"}, "missing_lines": [], "excluded_lines": [], "start_line": 1}}}, "src/lark_service/core/__init__.py": {"executed_lines": [13, 14, 15, 27, 28, 29, 30, 32], "summary": {"covered_lines": 8, "num_statements": 8, "percent_covered": 100.0, "percent_covered_display": "100.00", "missing_lines": 0, "excluded_lines": 0, "percent_statements_covered": 100.0, "percent_statements_covered_display": "100.00"}, "missing_lines": [], "excluded_lines": [], "functions": {"": {"executed_lines": [13, 14, 15, 27, 28, 29, 30, 32], "summary": {"covered_lines": 8, "num_statements": 8, "percent_covered": 100.0, "percent_covered_display": "100.00", "missing_lines": 0, "excluded_lines": 0, "percent_statements_covered": 100.0, "percent_statements_covered_display": "100.00"}, "missing_lines": [], "excluded_lines": [], "start_line": 1}}, "classes": {"": {"executed_lines": [13, 14, 15, 27, 28, 29, 30, 32], "summary": {"covered_lines": 8, "num_statements": 8, "percent_covered": 100.0, "percent_covered_display": "100.00", "missing_lines": 0, "excluded_lines": 0, "percent_statements_covered": 100.0, "percent_statements_covered_display": "100.00"}, "missing_lines": [], "excluded_lines": [], "start_line": 1}}}, "src/lark_service/core/config.py": {"executed_lines": [7, 8, 9, 11, 14, 15, 46, 47, 48, 49, 50, 53, 54, 55, 56, 59, 62, 63, 64, 65, 66, 68, 69, 91, 92, 94, 96, 99, 107, 108, 109, 114, 115, 116, 118, 120, 121, 122, 125, 126, 127, 128, 129, 130, 131, 133, 155, 169, 174, 188], "summary": {"covered_lines": 50, "num_statements": 51, "percent_covered": 98.03921568627452, "percent_covered_display": "98.04", "missing_lines": 1, "excluded_lines": 0, "percent_statements_covered": 98.03921568627452, "percent_statements_covered_display": "98.04"}, "missing_lines": [93], "excluded_lines": [], "functions": {"Config.load_from_env": {"executed_lines": [91, 92, 94, 96, 99, 107, 108, 109, 114, 115, 116, 118, 120, 121, 122, 125, 126, 127, 128, 129, 130, 131, 133], "summary": {"covered_lines": 23, "num_statements": 24, "percent_covered": 95.83333333333333, "percent_covered_display": "95.83", "missing_lines": 1, "excluded_lines": 0, "percent_statements_covered": 95.83333333333333, "percent_statements_covered_display": "95.83"}, "missing_lines": [93], "excluded_lines": [], "start_line": 69}, "Config.get_postgres_url": {"executed_lines": [169], "summary": {"covered_lines": 1, "num_statements": 1, "percent_covered": 100.0, "percent_covered_display": "100.00", "missing_lines": 0, "excluded_lines": 0, "percent_statements_covered": 100.0, "percent_statements_covered_display": "100.00"}, "missing_lines": [], "excluded_lines": [], "start_line": 155}, "Config.get_rabbitmq_url": {"executed_lines": [188], "summary": {"covered_lines": 1, "num_statements": 1, "percent_covered": 100.0, "percent_covered_display": "100.00", "missing_lines": 0, "excluded_lines": 0, "percent_statements_covered": 100.0, "percent_statements_covered_display": "100.00"}, "missing_lines": [], "excluded_lines": [], "start_line": 174}, "": {"executed_lines": [7, 8, 9, 11, 14, 15, 46, 47, 48, 49, 50, 53, 54, 55, 56, 59, 62, 63, 64, 65, 66, 68, 69, 155, 174], "summary": {"covered_lines": 25, "num_statements": 25, "percent_covered": 100.0, "percent_covered_display": "100.00", "missing_lines": 0, "excluded_lines": 0, "percent_statements_covered": 100.0, "percent_statements_covered_display": "100.00"}, "missing_lines": [], "excluded_lines": [], "start_line": 1}}, "classes": {"Config": {"executed_lines": [91, 92, 94, 96, 99, 107, 108, 109, 114, 115, 116, 118, 120, 121, 122, 125, 126, 127, 128, 129, 130, 131, 133, 169, 188], "summary": {"covered_lines": 25, "num_statements": 26, "percent_covered": 96.15384615384616, "percent_covered_display": "96.15", "missing_lines": 1, "excluded_lines": 0, "percent_statements_covered": 96.15384615384616, "percent_statements_covered_display": "96.15"}, "missing_lines": [93], "excluded_lines": [], "start_line": 15}, "": {"executed_lines": [7, 8, 9, 11, 14, 15, 46, 47, 48, 49, 50, 53, 54, 55, 56, 59, 62, 63, 64, 65, 66, 68, 69, 155, 174], "summary": {"covered_lines": 25, "num_statements": 25, "percent_covered": 100.0, "percent_covered_display": "100.00", "missing_lines": 0, "excluded_lines": 0, "percent_statements_covered": 100.0, "percent_statements_covered_display": "100.00"}, "missing_lines": [], "excluded_lines": [], "start_line": 1}}}, "src/lark_service/core/credential_pool.py": {"executed_lines": [6, 7, 9, 10, 12, 13, 17, 18, 19, 20, 21, 22, 24, 27, 42, 63, 64, 65, 66, 67, 73, 75, 77, 89, 93, 94, 95, 125, 137, 139, 140, 173, 175, 176, 181, 237, 261, 263, 270, 271, 272, 274, 275, 284, 297, 299, 321, 324, 326, 327, 328, 332, 335, 336, 337, 341, 362, 392, 402, 403, 404], "summary": {"covered_lines": 61, "num_statements": 105, "percent_covered": 58.095238095238095, "percent_covered_display": "58.10", "missing_lines": 44, "excluded_lines": 0, "percent_statements_covered": 58.095238095238095, "percent_statements_covered_display": "58.10"}, "missing_lines": [90, 100, 101, 107, 110, 116, 118, 123, 145, 147, 148, 157, 158, 160, 162, 171, 174, 193, 195, 196, 201, 203, 204, 213, 214, 216, 218, 227, 229, 230, 231, 232, 264, 286, 294, 339, 344, 351, 360, 377, 379, 381, 382, 387], "excluded_lines": [], "functions": {"CredentialPool.__init__": {"executed_lines": [63, 64, 65, 66, 67, 73, 75], "summary": {"covered_lines": 7, "num_statements": 7, "percent_covered": 100.0, "percent_covered_display": "100.00", "missing_lines": 0, "excluded_lines": 0, "percent_statements_covered": 100.0, "percent_statements_covered_display": "100.00"}, "missing_lines": [], "excluded_lines": [], "start_line": 42}, "CredentialPool._get_sdk_client": {"executed_lines": [89, 93, 94, 95], "summary": {"covered_lines": 4, "num_statements": 12, "percent_covered": 33.333333333333336, "percent_covered_display": "33.33", "missing_lines": 8, "excluded_lines": 0, "percent_statements_covered": 33.333333333333336, "percent_statements_covered_display": "33.33"}, "missing_lines": [90, 100, 101, 107, 110, 116, 118, 123], "excluded_lines": [], "start_line": 77}, "CredentialPool._fetch_app_access_token": {"executed_lines": [137, 139, 140, 173, 175, 176], "summary": {"covered_lines": 6, "num_statements": 15, "percent_covered": 40.0, "percent_covered_display": "40.00", "missing_lines": 9, "excluded_lines": 0, "percent_statements_covered": 40.0, "percent_statements_covered_display": "40.00"}, "missing_lines": [145, 147, 148, 157, 158, 160, 162, 171, 174], "excluded_lines": [], "start_line": 125}, "CredentialPool._fetch_tenant_access_token": {"executed_lines": [], "summary": {"covered_lines": 0, "num_statements": 15, "percent_covered": 0.0, "percent_covered_display": "0.00", "missing_lines": 15, "excluded_lines": 0, "percent_statements_covered": 0.0, "percent_statements_covered_display": "0.00"}, "missing_lines": [193, 195, 196, 201, 203, 204, 213, 214, 216, 218, 227, 229, 230, 231, 232], "excluded_lines": [], "start_line": 181}, "CredentialPool.get_token": {"executed_lines": [261, 263, 270, 271, 272, 274, 275, 284, 297], "summary": {"covered_lines": 9, "num_statements": 12, "percent_covered": 75.0, "percent_covered_display": "75.00", "missing_lines": 3, "excluded_lines": 0, "percent_statements_covered": 75.0, "percent_statements_covered_display": "75.00"}, "missing_lines": [264, 286, 294], "excluded_lines": [], "start_line": 237}, "CredentialPool.refresh_token": {"executed_lines": [321, 324, 326, 327, 328, 332, 335, 341], "summary": {"covered_lines": 8, "num_statements": 11, "percent_covered": 72.72727272727273, "percent_covered_display": "72.73", "missing_lines": 3, "excluded_lines": 0, "percent_statements_covered": 72.72727272727273, "percent_statements_covered_display": "72.73"}, "missing_lines": [344, 351, 360], "excluded_lines": [], "start_line": 299}, "CredentialPool.refresh_token.fetch_token": {"executed_lines": [336, 337], "summary": {"covered_lines": 2, "num_statements": 3, "percent_covered": 66.66666666666667, "percent_covered_display": "66.67", "missing_lines": 1, "excluded_lines": 0, "percent_statements_covered": 66.66666666666667, "percent_statements_covered_display": "66.67"}, "missing_lines": [339], "excluded_lines": [], "start_line": 335}, "CredentialPool.invalidate_token": {"executed_lines": [], "summary": {"covered_lines": 0, "num_statements": 5, "percent_covered": 0.0, "percent_covered_display": "0.00", "missing_lines": 5, "excluded_lines": 0, "percent_statements_covered": 0.0, "percent_statements_covered_display": "0.00"}, "missing_lines": [377, 379, 381, 382, 387], "excluded_lines": [], "start_line": 362}, "CredentialPool.close": {"executed_lines": [402, 403, 404], "summary": {"covered_lines": 3, "num_statements": 3, "percent_covered": 100.0, "percent_covered_display": "100.00", "missing_lines": 0, "excluded_lines": 0, "percent_statements_covered": 100.0, "percent_statements_covered_display": "100.00"}, "missing_lines": [], "excluded_lines": [], "start_line": 392}, "": {"executed_lines": [6, 7, 9, 10, 12, 13, 17, 18, 19, 20, 21, 22, 24, 27, 42, 77, 125, 181, 237, 299, 362, 392], "summary": {"covered_lines": 22, "num_statements": 22, "percent_covered": 100.0, "percent_covered_display": "100.00", "missing_lines": 0, "excluded_lines": 0, "percent_statements_covered": 100.0, "percent_statements_covered_display": "100.00"}, "missing_lines": [], "excluded_lines": [], "start_line": 1}}, "classes": {"CredentialPool": {"executed_lines": [63, 64, 65, 66, 67, 73, 75, 89, 93, 94, 95, 137, 139, 140, 173, 175, 176, 261, 263, 270, 271, 272, 274, 275, 284, 297, 321, 324, 326, 327, 328, 332, 335, 336, 337, 341, 402, 403, 404], "summary": {"covered_lines": 39, "num_statements": 83, "percent_covered": 46.98795180722892, "percent_covered_display": "46.99", "missing_lines": 44, "excluded_lines": 0, "percent_statements_covered": 46.98795180722892, "percent_statements_covered_display": "46.99"}, "missing_lines": [90, 100, 101, 107, 110, 116, 118, 123, 145, 147, 148, 157, 158, 160, 162, 171, 174, 193, 195, 196, 201, 203, 204, 213, 214, 216, 218, 227, 229, 230, 231, 232, 264, 286, 294, 339, 344, 351, 360, 377, 379, 381, 382, 387], "excluded_lines": [], "start_line": 27}, "": {"executed_lines": [6, 7, 9, 10, 12, 13, 17, 18, 19, 20, 21, 22, 24, 27, 42, 77, 125, 181, 237, 299, 362, 392], "summary": {"covered_lines": 22, "num_statements": 22, "percent_covered": 100.0, "percent_covered_display": "100.00", "missing_lines": 0, "excluded_lines": 0, "percent_statements_covered": 100.0, "percent_statements_covered_display": "100.00"}, "missing_lines": [], "excluded_lines": [], "start_line": 1}}}, "src/lark_service/core/exceptions.py": {"executed_lines": [6, 9, 21, 32, 33, 34, 35, 38, 48, 51, 64, 67, 80, 83, 95, 113, 114, 115, 116, 119, 129, 140, 141, 144, 157, 160, 173, 176, 187, 199, 200, 201, 204, 217], "summary": {"covered_lines": 34, "num_statements": 34, "percent_covered": 100.0, "percent_covered_display": "100.00", "missing_lines": 0, "excluded_lines": 0, "percent_statements_covered": 100.0, "percent_statements_covered_display": "100.00"}, "missing_lines": [], "excluded_lines": [], "functions": {"LarkServiceError.__init__": {"executed_lines": [32, 33, 34, 35], "summary": {"covered_lines": 4, "num_statements": 4, "percent_covered": 100.0, "percent_covered_display": "100.00", "missing_lines": 0, "excluded_lines": 0, "percent_statements_covered": 100.0, "percent_statements_covered_display": "100.00"}, "missing_lines": [], "excluded_lines": [], "start_line": 21}, "APIError.__init__": {"executed_lines": [113, 114, 115, 116], "summary": {"covered_lines": 4, "num_statements": 4, "percent_covered": 100.0, "percent_covered_display": "100.00", "missing_lines": 0, "excluded_lines": 0, "percent_statements_covered": 100.0, "percent_statements_covered_display": "100.00"}, "missing_lines": [], "excluded_lines": [], "start_line": 95}, "RateLimitError.__init__": {"executed_lines": [140, 141], "summary": {"covered_lines": 2, "num_statements": 2, "percent_covered": 100.0, "percent_covered_display": "100.00", "missing_lines": 0, "excluded_lines": 0, "percent_statements_covered": 100.0, "percent_statements_covered_display": "100.00"}, "missing_lines": [], "excluded_lines": [], "start_line": 129}, "LockAcquisitionError.__init__": {"executed_lines": [199, 200, 201], "summary": {"covered_lines": 3, "num_statements": 3, "percent_covered": 100.0, "percent_covered_display": "100.00", "missing_lines": 0, "excluded_lines": 0, "percent_statements_covered": 100.0, "percent_statements_covered_display": "100.00"}, "missing_lines": [], "excluded_lines": [], "start_line": 187}, "": {"executed_lines": [6, 9, 21, 38, 48, 51, 64, 67, 80, 83, 95, 119, 129, 144, 157, 160, 173, 176, 187, 204, 217], "summary": {"covered_lines": 21, "num_statements": 21, "percent_covered": 100.0, "percent_covered_display": "100.00", "missing_lines": 0, "excluded_lines": 0, "percent_statements_covered": 100.0, "percent_statements_covered_display": "100.00"}, "missing_lines": [], "excluded_lines": [], "start_line": 1}}, "classes": {"LarkServiceError": {"executed_lines": [32, 33, 34, 35], "summary": {"covered_lines": 4, "num_statements": 4, "percent_covered": 100.0, "percent_covered_display": "100.00", "missing_lines": 0, "excluded_lines": 0, "percent_statements_covered": 100.0, "percent_statements_covered_display": "100.00"}, "missing_lines": [], "excluded_lines": [], "start_line": 9}, "ConfigError": {"executed_lines": [], "summary": {"covered_lines": 0, "num_statements": 0, "percent_covered": 100.0, "percent_covered_display": "100.00", "missing_lines": 0, "excluded_lines": 0, "percent_statements_covered": 100.0, "percent_statements_covered_display": "100.00"}, "missing_lines": [], "excluded_lines": [], "start_line": 38}, "TokenAcquisitionError": {"executed_lines": [], "summary": {"covered_lines": 0, "num_statements": 0, "percent_covered": 100.0, "percent_covered_display": "100.00", "missing_lines": 0, "excluded_lines": 0, "percent_statements_covered": 100.0, "percent_statements_covered_display": "100.00"}, "missing_lines": [], "excluded_lines": [], "start_line": 51}, "TokenExpiredError": {"executed_lines": [], "summary": {"covered_lines": 0, "num_statements": 0, "percent_covered": 100.0, "percent_covered_display": "100.00", "missing_lines": 0, "excluded_lines": 0, "percent_statements_covered": 100.0, "percent_statements_covered_display": "100.00"}, "missing_lines": [], "excluded_lines": [], "start_line": 67}, "APIError": {"executed_lines": [113, 114, 115, 116], "summary": {"covered_lines": 4, "num_statements": 4, "percent_covered": 100.0, "percent_covered_display": "100.00", "missing_lines": 0, "excluded_lines": 0, "percent_statements_covered": 100.0, "percent_statements_covered_display": "100.00"}, "missing_lines": [], "excluded_lines": [], "start_line": 83}, "RateLimitError": {"executed_lines": [140, 141], "summary": {"covered_lines": 2, "num_statements": 2, "percent_covered": 100.0, "percent_covered_display": "100.00", "missing_lines": 0, "excluded_lines": 0, "percent_statements_covered": 100.0, "percent_statements_covered_display": "100.00"}, "missing_lines": [], "excluded_lines": [], "start_line": 119}, "ValidationError": {"executed_lines": [], "summary": {"covered_lines": 0, "num_statements": 0, "percent_covered": 100.0, "percent_covered_display": "100.00", "missing_lines": 0, "excluded_lines": 0, "percent_statements_covered": 100.0, "percent_statements_covered_display": "100.00"}, "missing_lines": [], "excluded_lines": [], "start_line": 144}, "StorageError": {"executed_lines": [], "summary": {"covered_lines": 0, "num_statements": 0, "percent_covered": 100.0, "percent_covered_display": "100.00", "missing_lines": 0, "excluded_lines": 0, "percent_statements_covered": 100.0, "percent_statements_covered_display": "100.00"}, "missing_lines": [], "excluded_lines": [], "start_line": 160}, "LockAcquisitionError": {"executed_lines": [199, 200, 201], "summary": {"covered_lines": 3, "num_statements": 3, "percent_covered": 100.0, "percent_covered_display": "100.00", "missing_lines": 0, "excluded_lines": 0, "percent_statements_covered": 100.0, "percent_statements_covered_display": "100.00"}, "missing_lines": [], "excluded_lines": [], "start_line": 176}, "AuthenticationError": {"executed_lines": [], "summary": {"covered_lines": 0, "num_statements": 0, "percent_covered": 100.0, "percent_covered_display": "100.00", "missing_lines": 0, "excluded_lines": 0, "percent_statements_covered": 100.0, "percent_statements_covered_display": "100.00"}, "missing_lines": [], "excluded_lines": [], "start_line": 204}, "": {"executed_lines": [6, 9, 21, 38, 48, 51, 64, 67, 80, 83, 95, 119, 129, 144, 157, 160, 173, 176, 187, 204, 217], "summary": {"covered_lines": 21, "num_statements": 21, "percent_covered": 100.0, "percent_covered_display": "100.00", "missing_lines": 0, "excluded_lines": 0, "percent_statements_covered": 100.0, "percent_statements_covered_display": "100.00"}, "missing_lines": [], "excluded_lines": [], "start_line": 1}}}, "src/lark_service/core/lock_manager.py": {"executed_lines": [6, 7, 8, 10, 12, 13, 15, 18, 31, 41, 42, 43, 46, 47, 49, 54, 63, 64, 65, 66, 68, 77, 79, 107, 108, 110, 111, 112, 115, 116, 117, 118, 123, 124, 131, 132, 150, 155, 157, 180, 181, 182, 190, 191, 192, 199, 204, 212, 224, 236, 249, 250, 251, 252, 253, 255, 264, 268, 270, 278, 279], "summary": {"covered_lines": 61, "num_statements": 73, "percent_covered": 83.56164383561644, "percent_covered_display": "83.56", "missing_lines": 12, "excluded_lines": 0, "percent_statements_covered": 83.56164383561644, "percent_statements_covered_display": "83.56"}, "missing_lines": [133, 135, 136, 141, 143, 144, 183, 184, 193, 194, 210, 221], "excluded_lines": [], "functions": {"TokenRefreshLock.__init__": {"executed_lines": [41, 42, 43, 46, 47, 49], "summary": {"covered_lines": 6, "num_statements": 6, "percent_covered": 100.0, "percent_covered_display": "100.00", "missing_lines": 0, "excluded_lines": 0, "percent_statements_covered": 100.0, "percent_statements_covered_display": "100.00"}, "missing_lines": [], "excluded_lines": [], "start_line": 31}, "TokenRefreshLock._get_thread_lock": {"executed_lines": [63, 64, 65, 66], "summary": {"covered_lines": 4, "num_statements": 4, "percent_covered": 100.0, "percent_covered_display": "100.00", "missing_lines": 0, "excluded_lines": 0, "percent_statements_covered": 100.0, "percent_statements_covered_display": "100.00"}, "missing_lines": [], "excluded_lines": [], "start_line": 54}, "TokenRefreshLock._get_file_lock_path": {"executed_lines": [77], "summary": {"covered_lines": 1, "num_statements": 1, "percent_covered": 100.0, "percent_covered_display": "100.00", "missing_lines": 0, "excluded_lines": 0, "percent_statements_covered": 100.0, "percent_statements_covered_display": "100.00"}, "missing_lines": [], "excluded_lines": [], "start_line": 68}, "TokenRefreshLock.acquire": {"executed_lines": [107, 108, 110, 111, 112, 115, 116, 117, 118, 123, 124, 131, 132, 150, 155], "summary": {"covered_lines": 15, "num_statements": 21, "percent_covered": 71.42857142857143, "percent_covered_display": "71.43", "missing_lines": 6, "excluded_lines": 0, "percent_statements_covered": 71.42857142857143, "percent_statements_covered_display": "71.43"}, "missing_lines": [133, 135, 136, 141, 143, 144], "excluded_lines": [], "start_line": 79}, "TokenRefreshLock.release": {"executed_lines": [180, 181, 182, 190, 191, 192, 199], "summary": {"covered_lines": 7, "num_statements": 11, "percent_covered": 63.63636363636363, "percent_covered_display": "63.64", "missing_lines": 4, "excluded_lines": 0, "percent_statements_covered": 63.63636363636363, "percent_statements_covered_display": "63.64"}, "missing_lines": [183, 184, 193, 194], "excluded_lines": [], "start_line": 157}, "TokenRefreshLock.__enter__": {"executed_lines": [], "summary": {"covered_lines": 0, "num_statements": 1, "percent_covered": 0.0, "percent_covered_display": "0.00", "missing_lines": 1, "excluded_lines": 0, "percent_statements_covered": 0.0, "percent_statements_covered_display": "0.00"}, "missing_lines": [210], "excluded_lines": [], "start_line": 204}, "TokenRefreshLock.__exit__": {"executed_lines": [], "summary": {"covered_lines": 0, "num_statements": 1, "percent_covered": 0.0, "percent_covered_display": "0.00", "missing_lines": 1, "excluded_lines": 0, "percent_statements_covered": 0.0, "percent_statements_covered_display": "0.00"}, "missing_lines": [221], "excluded_lines": [], "start_line": 212}, "RefreshLockContext.__init__": {"executed_lines": [249, 250, 251, 252, 253], "summary": {"covered_lines": 5, "num_statements": 5, "percent_covered": 100.0, "percent_covered_display": "100.00", "missing_lines": 0, "excluded_lines": 0, "percent_statements_covered": 100.0, "percent_statements_covered_display": "100.00"}, "missing_lines": [], "excluded_lines": [], "start_line": 236}, "RefreshLockContext.__enter__": {"executed_lines": [264, 268], "summary": {"covered_lines": 2, "num_statements": 2, "percent_covered": 100.0, "percent_covered_display": "100.00", "missing_lines": 0, "excluded_lines": 0, "percent_statements_covered": 100.0, "percent_statements_covered_display": "100.00"}, "missing_lines": [], "excluded_lines": [], "start_line": 255}, "RefreshLockContext.__exit__": {"executed_lines": [278, 279], "summary": {"covered_lines": 2, "num_statements": 2, "percent_covered": 100.0, "percent_covered_display": "100.00", "missing_lines": 0, "excluded_lines": 0, "percent_statements_covered": 100.0, "percent_statements_covered_display": "100.00"}, "missing_lines": [], "excluded_lines": [], "start_line": 270}, "": {"executed_lines": [6, 7, 8, 10, 12, 13, 15, 18, 31, 54, 68, 79, 157, 204, 212, 224, 236, 255, 270], "summary": {"covered_lines": 19, "num_statements": 19, "percent_covered": 100.0, "percent_covered_display": "100.00", "missing_lines": 0, "excluded_lines": 0, "percent_statements_covered": 100.0, "percent_statements_covered_display": "100.00"}, "missing_lines": [], "excluded_lines": [], "start_line": 1}}, "classes": {"TokenRefreshLock": {"executed_lines": [41, 42, 43, 46, 47, 49, 63, 64, 65, 66, 77, 107, 108, 110, 111, 112, 115, 116, 117, 118, 123, 124, 131, 132, 150, 155, 180, 181, 182, 190, 191, 192, 199], "summary": {"covered_lines": 33, "num_statements": 45, "percent_covered": 73.33333333333333, "percent_covered_display": "73.33", "missing_lines": 12, "excluded_lines": 0, "percent_statements_covered": 73.33333333333333, "percent_statements_covered_display": "73.33"}, "missing_lines": [133, 135, 136, 141, 143, 144, 183, 184, 193, 194, 210, 221], "excluded_lines": [], "start_line": 18}, "RefreshLockContext": {"executed_lines": [249, 250, 251, 252, 253, 264, 268, 278, 279], "summary": {"covered_lines": 9, "num_statements": 9, "percent_covered": 100.0, "percent_covered_display": "100.00", "missing_lines": 0, "excluded_lines": 0, "percent_statements_covered": 100.0, "percent_statements_covered_display": "100.00"}, "missing_lines": [], "excluded_lines": [], "start_line": 224}, "": {"executed_lines": [6, 7, 8, 10, 12, 13, 15, 18, 31, 54, 68, 79, 157, 204, 212, 224, 236, 255, 270], "summary": {"covered_lines": 19, "num_statements": 19, "percent_covered": 100.0, "percent_covered_display": "100.00", "missing_lines": 0, "excluded_lines": 0, "percent_statements_covered": 100.0, "percent_statements_covered_display": "100.00"}, "missing_lines": [], "excluded_lines": [], "start_line": 1}}}, "src/lark_service/core/models/__init__.py": {"executed_lines": [3, 4, 7, 8, 10], "summary": {"covered_lines": 5, "num_statements": 5, "percent_covered": 100.0, "percent_covered_display": "100.00", "missing_lines": 0, "excluded_lines": 0, "percent_statements_covered": 100.0, "percent_statements_covered_display": "100.00"}, "missing_lines": [], "excluded_lines": [], "functions": {"": {"executed_lines": [3, 4, 7, 8, 10], "summary": {"covered_lines": 5, "num_statements": 5, "percent_covered": 100.0, "percent_covered_display": "100.00", "missing_lines": 0, "excluded_lines": 0, "percent_statements_covered": 100.0, "percent_statements_covered_display": "100.00"}, "missing_lines": [], "excluded_lines": [], "start_line": 1}}, "classes": {"": {"executed_lines": [3, 4, 7, 8, 10], "summary": {"covered_lines": 5, "num_statements": 5, "percent_covered": 100.0, "percent_covered_display": "100.00", "missing_lines": 0, "excluded_lines": 0, "percent_statements_covered": 100.0, "percent_statements_covered_display": "100.00"}, "missing_lines": [], "excluded_lines": [], "start_line": 1}}}, "src/lark_service/core/models/application.py": {"executed_lines": [8, 9, 10, 12, 15, 45, 47, 48, 49, 50, 51, 52, 53, 54, 55, 57, 64, 66, 82, 83, 85, 97, 98], "summary": {"covered_lines": 23, "num_statements": 23, "percent_covered": 100.0, "percent_covered_display": "100.00", "missing_lines": 0, "excluded_lines": 7, "percent_statements_covered": 100.0, "percent_statements_covered_display": "100.00"}, "missing_lines": [], "excluded_lines": [100, 101, 102, 103, 104, 105, 106], "functions": {"Application.is_active": {"executed_lines": [64], "summary": {"covered_lines": 1, "num_statements": 1, "percent_covered": 100.0, "percent_covered_display": "100.00", "missing_lines": 0, "excluded_lines": 0, "percent_statements_covered": 100.0, "percent_statements_covered_display": "100.00"}, "missing_lines": [], "excluded_lines": [], "start_line": 57}, "Application.get_decrypted_secret": {"executed_lines": [82, 83], "summary": {"covered_lines": 2, "num_statements": 2, "percent_covered": 100.0, "percent_covered_display": "100.00", "missing_lines": 0, "excluded_lines": 0, "percent_statements_covered": 100.0, "percent_statements_covered_display": "100.00"}, "missing_lines": [], "excluded_lines": [], "start_line": 66}, "Application.set_encrypted_secret": {"executed_lines": [97, 98], "summary": {"covered_lines": 2, "num_statements": 2, "percent_covered": 100.0, "percent_covered_display": "100.00", "missing_lines": 0, "excluded_lines": 0, "percent_statements_covered": 100.0, "percent_statements_covered_display": "100.00"}, "missing_lines": [], "excluded_lines": [], "start_line": 85}, "Application.__repr__": {"executed_lines": [], "summary": {"covered_lines": 0, "num_statements": 0, "percent_covered": 100.0, "percent_covered_display": "100.00", "missing_lines": 0, "excluded_lines": 6, "percent_statements_covered": 100.0, "percent_statements_covered_display": "100.00"}, "missing_lines": [], "excluded_lines": [101, 102, 103, 104, 105, 106], "start_line": 100}, "": {"executed_lines": [8, 9, 10, 12, 15, 45, 47, 48, 49, 50, 51, 52, 53, 54, 55, 57, 66, 85], "summary": {"covered_lines": 18, "num_statements": 18, "percent_covered": 100.0, "percent_covered_display": "100.00", "missing_lines": 0, "excluded_lines": 1, "percent_statements_covered": 100.0, "percent_statements_covered_display": "100.00"}, "missing_lines": [], "excluded_lines": [100], "start_line": 1}}, "classes": {"Application": {"executed_lines": [64, 82, 83, 97, 98], "summary": {"covered_lines": 5, "num_statements": 5, "percent_covered": 100.0, "percent_covered_display": "100.00", "missing_lines": 0, "excluded_lines": 6, "percent_statements_covered": 100.0, "percent_statements_covered_display": "100.00"}, "missing_lines": [], "excluded_lines": [101, 102, 103, 104, 105, 106], "start_line": 15}, "": {"executed_lines": [8, 9, 10, 12, 15, 45, 47, 48, 49, 50, 51, 52, 53, 54, 55, 57, 66, 85], "summary": {"covered_lines": 18, "num_statements": 18, "percent_covered": 100.0, "percent_covered_display": "100.00", "missing_lines": 0, "excluded_lines": 1, "percent_statements_covered": 100.0, "percent_statements_covered_display": "100.00"}, "missing_lines": [], "excluded_lines": [100], "start_line": 1}}}, "src/lark_service/core/models/auth_session.py": {"executed_lines": [7, 9, 10, 12, 15, 50, 52, 53, 54, 55, 56, 57, 58, 59, 60, 61, 62, 63, 65, 70, 84, 99, 108, 122], "summary": {"covered_lines": 24, "num_statements": 42, "percent_covered": 57.142857142857146, "percent_covered_display": "57.14", "missing_lines": 18, "excluded_lines": 9, "percent_statements_covered": 57.142857142857146, "percent_statements_covered_display": "57.14"}, "missing_lines": [75, 76, 77, 78, 80, 81, 82, 95, 96, 97, 106, 117, 118, 119, 120, 133, 134, 135], "excluded_lines": [137, 138, 139, 140, 141, 142, 143, 144, 145], "functions": {"UserAuthSession.__init__": {"executed_lines": [], "summary": {"covered_lines": 0, "num_statements": 7, "percent_covered": 0.0, "percent_covered_display": "0.00", "missing_lines": 7, "excluded_lines": 0, "percent_statements_covered": 0.0, "percent_statements_covered_display": "0.00"}, "missing_lines": [75, 76, 77, 78, 80, 81, 82], "excluded_lines": [], "start_line": 70}, "UserAuthSession.is_expired": {"executed_lines": [], "summary": {"covered_lines": 0, "num_statements": 3, "percent_covered": 0.0, "percent_covered_display": "0.00", "missing_lines": 3, "excluded_lines": 0, "percent_statements_covered": 0.0, "percent_statements_covered_display": "0.00"}, "missing_lines": [95, 96, 97], "excluded_lines": [], "start_line": 84}, "UserAuthSession.is_completed": {"executed_lines": [], "summary": {"covered_lines": 0, "num_statements": 1, "percent_covered": 0.0, "percent_covered_display": "0.00", "missing_lines": 1, "excluded_lines": 0, "percent_statements_covered": 0.0, "percent_statements_covered_display": "0.00"}, "missing_lines": [106], "excluded_lines": [], "start_line": 99}, "UserAuthSession.complete": {"executed_lines": [], "summary": {"covered_lines": 0, "num_statements": 4, "percent_covered": 0.0, "percent_covered_display": "0.00", "missing_lines": 4, "excluded_lines": 0, "percent_statements_covered": 0.0, "percent_statements_covered_display": "0.00"}, "missing_lines": [117, 118, 119, 120], "excluded_lines": [], "start_line": 108}, "UserAuthSession.get_remaining_seconds": {"executed_lines": [], "summary": {"covered_lines": 0, "num_statements": 3, "percent_covered": 0.0, "percent_covered_display": "0.00", "missing_lines": 3, "excluded_lines": 0, "percent_statements_covered": 0.0, "percent_statements_covered_display": "0.00"}, "missing_lines": [133, 134, 135], "excluded_lines": [], "start_line": 122}, "UserAuthSession.__repr__": {"executed_lines": [], "summary": {"covered_lines": 0, "num_statements": 0, "percent_covered": 100.0, "percent_covered_display": "100.00", "missing_lines": 0, "excluded_lines": 8, "percent_statements_covered": 100.0, "percent_statements_covered_display": "100.00"}, "missing_lines": [], "excluded_lines": [138, 139, 140, 141, 142, 143, 144, 145], "start_line": 137}, "": {"executed_lines": [7, 9, 10, 12, 15, 50, 52, 53, 54, 55, 56, 57, 58, 59, 60, 61, 62, 63, 65, 70, 84, 99, 108, 122], "summary": {"covered_lines": 24, "num_statements": 24, "percent_covered": 100.0, "percent_covered_display": "100.00", "missing_lines": 0, "excluded_lines": 1, "percent_statements_covered": 100.0, "percent_statements_covered_display": "100.00"}, "missing_lines": [], "excluded_lines": [137], "start_line": 1}}, "classes": {"UserAuthSession": {"executed_lines": [], "summary": {"covered_lines": 0, "num_statements": 18, "percent_covered": 0.0, "percent_covered_display": "0.00", "missing_lines": 18, "excluded_lines": 8, "percent_statements_covered": 0.0, "percent_statements_covered_display": "0.00"}, "missing_lines": [75, 76, 77, 78, 80, 81, 82, 95, 96, 97, 106, 117, 118, 119, 120, 133, 134, 135], "excluded_lines": [138, 139, 140, 141, 142, 143, 144, 145], "start_line": 15}, "": {"executed_lines": [7, 9, 10, 12, 15, 50, 52, 53, 54, 55, 56, 57, 58, 59, 60, 61, 62, 63, 65, 70, 84, 99, 108, 122], "summary": {"covered_lines": 24, "num_statements": 24, "percent_covered": 100.0, "percent_covered_display": "100.00", "missing_lines": 0, "excluded_lines": 1, "percent_statements_covered": 100.0, "percent_statements_covered_display": "100.00"}, "missing_lines": [], "excluded_lines": [137], "start_line": 1}}}, "src/lark_service/core/models/token_storage.py": {"executed_lines": [7, 9, 10, 12, 15, 45, 47, 48, 49, 50, 51, 52, 53, 55, 60, 71, 72, 73, 75, 94, 95, 97, 98, 101, 102, 105, 107, 118, 119, 120], "summary": {"covered_lines": 30, "num_statements": 30, "percent_covered": 100.0, "percent_covered_display": "100.00", "missing_lines": 0, "excluded_lines": 8, "percent_statements_covered": 100.0, "percent_statements_covered_display": "100.00"}, "missing_lines": [], "excluded_lines": [122, 123, 124, 125, 126, 127, 128, 129], "functions": {"TokenStorage.is_expired": {"executed_lines": [71, 72, 73], "summary": {"covered_lines": 3, "num_statements": 3, "percent_covered": 100.0, "percent_covered_display": "100.00", "missing_lines": 0, "excluded_lines": 0, "percent_statements_covered": 100.0, "percent_statements_covered_display": "100.00"}, "missing_lines": [], "excluded_lines": [], "start_line": 60}, "TokenStorage.should_refresh": {"executed_lines": [94, 95, 97, 98, 101, 102, 105], "summary": {"covered_lines": 7, "num_statements": 7, "percent_covered": 100.0, "percent_covered_display": "100.00", "missing_lines": 0, "excluded_lines": 0, "percent_statements_covered": 100.0, "percent_statements_covered_display": "100.00"}, "missing_lines": [], "excluded_lines": [], "start_line": 75}, "TokenStorage.get_remaining_seconds": {"executed_lines": [118, 119, 120], "summary": {"covered_lines": 3, "num_statements": 3, "percent_covered": 100.0, "percent_covered_display": "100.00", "missing_lines": 0, "excluded_lines": 0, "percent_statements_covered": 100.0, "percent_statements_covered_display": "100.00"}, "missing_lines": [], "excluded_lines": [], "start_line": 107}, "TokenStorage.__repr__": {"executed_lines": [], "summary": {"covered_lines": 0, "num_statements": 0, "percent_covered": 100.0, "percent_covered_display": "100.00", "missing_lines": 0, "excluded_lines": 7, "percent_statements_covered": 100.0, "percent_statements_covered_display": "100.00"}, "missing_lines": [], "excluded_lines": [123, 124, 125, 126, 127, 128, 129], "start_line": 122}, "": {"executed_lines": [7, 9, 10, 12, 15, 45, 47, 48, 49, 50, 51, 52, 53, 55, 60, 75, 107], "summary": {"covered_lines": 17, "num_statements": 17, "percent_covered": 100.0, "percent_covered_display": "100.00", "missing_lines": 0, "excluded_lines": 1, "percent_statements_covered": 100.0, "percent_statements_covered_display": "100.00"}, "missing_lines": [], "excluded_lines": [122], "start_line": 1}}, "classes": {"TokenStorage": {"executed_lines": [71, 72, 73, 94, 95, 97, 98, 101, 102, 105, 118, 119, 120], "summary": {"covered_lines": 13, "num_statements": 13, "percent_covered": 100.0, "percent_covered_display": "100.00", "missing_lines": 0, "excluded_lines": 7, "percent_statements_covered": 100.0, "percent_statements_covered_display": "100.00"}, "missing_lines": [], "excluded_lines": [123, 124, 125, 126, 127, 128, 129], "start_line": 15}, "": {"executed_lines": [7, 9, 10, 12, 15, 45, 47, 48, 49, 50, 51, 52, 53, 55, 60, 75, 107], "summary": {"covered_lines": 17, "num_statements": 17, "percent_covered": 100.0, "percent_covered_display": "100.00", "missing_lines": 0, "excluded_lines": 1, "percent_statements_covered": 100.0, "percent_statements_covered_display": "100.00"}, "missing_lines": [], "excluded_lines": [122], "start_line": 1}}}, "src/lark_service/core/models/user_cache.py": {"executed_lines": [7, 9, 10, 12, 15, 49, 51, 52, 53, 54, 55, 56, 57, 58, 59, 60, 61, 62, 64, 71, 85, 100, 115], "summary": {"covered_lines": 23, "num_statements": 39, "percent_covered": 58.97435897435897, "percent_covered_display": "58.97", "missing_lines": 16, "excluded_lines": 9, "percent_statements_covered": 58.97435897435897, "percent_statements_covered_display": "58.97"}, "missing_lines": [76, 77, 78, 79, 81, 82, 83, 96, 97, 98, 111, 112, 113, 117, 118, 119], "excluded_lines": [121, 122, 123, 124, 125, 126, 127, 128, 129], "functions": {"UserCache.__init__": {"executed_lines": [], "summary": {"covered_lines": 0, "num_statements": 7, "percent_covered": 0.0, "percent_covered_display": "0.00", "missing_lines": 7, "excluded_lines": 0, "percent_statements_covered": 0.0, "percent_statements_covered_display": "0.00"}, "missing_lines": [76, 77, 78, 79, 81, 82, 83], "excluded_lines": [], "start_line": 71}, "UserCache.is_expired": {"executed_lines": [], "summary": {"covered_lines": 0, "num_statements": 3, "percent_covered": 0.0, "percent_covered_display": "0.00", "missing_lines": 3, "excluded_lines": 0, "percent_statements_covered": 0.0, "percent_statements_covered_display": "0.00"}, "missing_lines": [96, 97, 98], "excluded_lines": [], "start_line": 85}, "UserCache.get_remaining_seconds": {"executed_lines": [], "summary": {"covered_lines": 0, "num_statements": 3, "percent_covered": 0.0, "percent_covered_display": "0.00", "missing_lines": 3, "excluded_lines": 0, "percent_statements_covered": 0.0, "percent_statements_covered_display": "0.00"}, "missing_lines": [111, 112, 113], "excluded_lines": [], "start_line": 100}, "UserCache.refresh_expiration": {"executed_lines": [], "summary": {"covered_lines": 0, "num_statements": 3, "percent_covered": 0.0, "percent_covered_display": "0.00", "missing_lines": 3, "excluded_lines": 0, "percent_statements_covered": 0.0, "percent_statements_covered_display": "0.00"}, "missing_lines": [117, 118, 119], "excluded_lines": [], "start_line": 115}, "UserCache.__repr__": {"executed_lines": [], "summary": {"covered_lines": 0, "num_statements": 0, "percent_covered": 100.0, "percent_covered_display": "100.00", "missing_lines": 0, "excluded_lines": 8, "percent_statements_covered": 100.0, "percent_statements_covered_display": "100.00"}, "missing_lines": [], "excluded_lines": [122, 123, 124, 125, 126, 127, 128, 129], "start_line": 121}, "": {"executed_lines": [7, 9, 10, 12, 15, 49, 51, 52, 53, 54, 55, 56, 57, 58, 59, 60, 61, 62, 64, 71, 85, 100, 115], "summary": {"covered_lines": 23, "num_statements": 23, "percent_covered": 100.0, "percent_covered_display": "100.00", "missing_lines": 0, "excluded_lines": 1, "percent_statements_covered": 100.0, "percent_statements_covered_display": "100.00"}, "missing_lines": [], "excluded_lines": [121], "start_line": 1}}, "classes": {"UserCache": {"executed_lines": [], "summary": {"covered_lines": 0, "num_statements": 16, "percent_covered": 0.0, "percent_covered_display": "0.00", "missing_lines": 16, "excluded_lines": 8, "percent_statements_covered": 0.0, "percent_statements_covered_display": "0.00"}, "missing_lines": [76, 77, 78, 79, 81, 82, 83, 96, 97, 98, 111, 112, 113, 117, 118, 119], "excluded_lines": [122, 123, 124, 125, 126, 127, 128, 129], "start_line": 15}, "": {"executed_lines": [7, 9, 10, 12, 15, 49, 51, 52, 53, 54, 55, 56, 57, 58, 59, 60, 61, 62, 64, 71, 85, 100, 115], "summary": {"covered_lines": 23, "num_statements": 23, "percent_covered": 100.0, "percent_covered_display": "100.00", "missing_lines": 0, "excluded_lines": 1, "percent_statements_covered": 100.0, "percent_statements_covered_display": "100.00"}, "missing_lines": [], "excluded_lines": [121], "start_line": 1}}}, "src/lark_service/core/response.py": {"executed_lines": [6, 8, 10, 13, 24, 25, 26, 27, 30, 68, 69, 70, 71, 72, 74, 75, 95, 96, 121, 130], "summary": {"covered_lines": 20, "num_statements": 26, "percent_covered": 76.92307692307692, "percent_covered_display": "76.92", "missing_lines": 6, "excluded_lines": 0, "percent_statements_covered": 76.92307692307692, "percent_statements_covered_display": "76.92"}, "missing_lines": [93, 116, 117, 119, 128, 137], "excluded_lines": [], "functions": {"StandardResponse.success": {"executed_lines": [], "summary": {"covered_lines": 0, "num_statements": 1, "percent_covered": 0.0, "percent_covered_display": "0.00", "missing_lines": 1, "excluded_lines": 0, "percent_statements_covered": 0.0, "percent_statements_covered_display": "0.00"}, "missing_lines": [93], "excluded_lines": [], "start_line": 75}, "StandardResponse.error": {"executed_lines": [], "summary": {"covered_lines": 0, "num_statements": 3, "percent_covered": 0.0, "percent_covered_display": "0.00", "missing_lines": 3, "excluded_lines": 0, "percent_statements_covered": 0.0, "percent_statements_covered_display": "0.00"}, "missing_lines": [116, 117, 119], "excluded_lines": [], "start_line": 96}, "StandardResponse.is_success": {"executed_lines": [], "summary": {"covered_lines": 0, "num_statements": 1, "percent_covered": 0.0, "percent_covered_display": "0.00", "missing_lines": 1, "excluded_lines": 0, "percent_statements_covered": 0.0, "percent_statements_covered_display": "0.00"}, "missing_lines": [128], "excluded_lines": [], "start_line": 121}, "StandardResponse.is_error": {"executed_lines": [], "summary": {"covered_lines": 0, "num_statements": 1, "percent_covered": 0.0, "percent_covered_display": "0.00", "missing_lines": 1, "excluded_lines": 0, "percent_statements_covered": 0.0, "percent_statements_covered_display": "0.00"}, "missing_lines": [137], "excluded_lines": [], "start_line": 130}, "": {"executed_lines": [6, 8, 10, 13, 24, 25, 26, 27, 30, 68, 69, 70, 71, 72, 74, 75, 95, 96, 121, 130], "summary": {"covered_lines": 20, "num_statements": 20, "percent_covered": 100.0, "percent_covered_display": "100.00", "missing_lines": 0, "excluded_lines": 0, "percent_statements_covered": 100.0, "percent_statements_covered_display": "100.00"}, "missing_lines": [], "excluded_lines": [], "start_line": 1}}, "classes": {"ErrorDetail": {"executed_lines": [], "summary": {"covered_lines": 0, "num_statements": 0, "percent_covered": 100.0, "percent_covered_display": "100.00", "missing_lines": 0, "excluded_lines": 0, "percent_statements_covered": 100.0, "percent_statements_covered_display": "100.00"}, "missing_lines": [], "excluded_lines": [], "start_line": 13}, "StandardResponse": {"executed_lines": [], "summary": {"covered_lines": 0, "num_statements": 6, "percent_covered": 0.0, "percent_covered_display": "0.00", "missing_lines": 6, "excluded_lines": 0, "percent_statements_covered": 0.0, "percent_statements_covered_display": "0.00"}, "missing_lines": [93, 116, 117, 119, 128, 137], "excluded_lines": [], "start_line": 30}, "": {"executed_lines": [6, 8, 10, 13, 24, 25, 26, 27, 30, 68, 69, 70, 71, 72, 74, 75, 95, 96, 121, 130], "summary": {"covered_lines": 20, "num_statements": 20, "percent_covered": 100.0, "percent_covered_display": "100.00", "missing_lines": 0, "excluded_lines": 0, "percent_statements_covered": 100.0, "percent_statements_covered_display": "100.00"}, "missing_lines": [], "excluded_lines": [], "start_line": 1}}}, "src/lark_service/core/retry.py": {"executed_lines": [6, 7, 8, 10, 11, 13, 15, 18, 28, 46, 47, 48, 49, 51, 61, 79, 80, 82, 108, 110, 111, 112, 113, 114, 118, 120, 121, 122, 124, 134, 135, 136, 138, 145, 147, 148, 151, 152, 160, 162, 164, 174, 175, 176, 178, 185, 187, 188, 189, 191, 202, 203, 204, 206, 213, 221, 244, 245, 246, 252, 253, 254], "summary": {"covered_lines": 62, "num_statements": 65, "percent_covered": 95.38461538461539, "percent_covered_display": "95.38", "missing_lines": 3, "excluded_lines": 0, "percent_statements_covered": 95.38461538461539, "percent_statements_covered_display": "95.38"}, "missing_lines": [216, 217, 218], "excluded_lines": [], "functions": {"RetryStrategy.__init__": {"executed_lines": [46, 47, 48, 49, 51], "summary": {"covered_lines": 5, "num_statements": 5, "percent_covered": 100.0, "percent_covered_display": "100.00", "missing_lines": 0, "excluded_lines": 0, "percent_statements_covered": 100.0, "percent_statements_covered_display": "100.00"}, "missing_lines": [], "excluded_lines": [], "start_line": 28}, "RetryStrategy.calculate_delay": {"executed_lines": [79, 80], "summary": {"covered_lines": 2, "num_statements": 2, "percent_covered": 100.0, "percent_covered_display": "100.00", "missing_lines": 0, "excluded_lines": 0, "percent_statements_covered": 100.0, "percent_statements_covered_display": "100.00"}, "missing_lines": [], "excluded_lines": [], "start_line": 61}, "RetryStrategy.execute": {"executed_lines": [108, 110, 111, 112, 113, 114, 118, 120, 121, 122, 124, 134, 135, 136, 138, 145, 147, 148, 151, 152, 160, 162, 164, 174, 175, 176, 178, 185, 187, 188, 189, 191, 202, 203, 204, 206, 213], "summary": {"covered_lines": 37, "num_statements": 40, "percent_covered": 92.5, "percent_covered_display": "92.50", "missing_lines": 3, "excluded_lines": 0, "percent_statements_covered": 92.5, "percent_statements_covered_display": "92.50"}, "missing_lines": [216, 217, 218], "excluded_lines": [], "start_line": 82}, "retry_on_error": {"executed_lines": [244, 254], "summary": {"covered_lines": 2, "num_statements": 2, "percent_covered": 100.0, "percent_covered_display": "100.00", "missing_lines": 0, "excluded_lines": 0, "percent_statements_covered": 100.0, "percent_statements_covered_display": "100.00"}, "missing_lines": [], "excluded_lines": [], "start_line": 221}, "retry_on_error.decorator": {"executed_lines": [245, 253], "summary": {"covered_lines": 2, "num_statements": 2, "percent_covered": 100.0, "percent_covered_display": "100.00", "missing_lines": 0, "excluded_lines": 0, "percent_statements_covered": 100.0, "percent_statements_covered_display": "100.00"}, "missing_lines": [], "excluded_lines": [], "start_line": 244}, "retry_on_error.decorator.wrapper": {"executed_lines": [246, 252], "summary": {"covered_lines": 2, "num_statements": 2, "percent_covered": 100.0, "percent_covered_display": "100.00", "missing_lines": 0, "excluded_lines": 0, "percent_statements_covered": 100.0, "percent_statements_covered_display": "100.00"}, "missing_lines": [], "excluded_lines": [], "start_line": 245}, "": {"executed_lines": [6, 7, 8, 10, 11, 13, 15, 18, 28, 61, 82, 221], "summary": {"covered_lines": 12, "num_statements": 12, "percent_covered": 100.0, "percent_covered_display": "100.00", "missing_lines": 0, "excluded_lines": 0, "percent_statements_covered": 100.0, "percent_statements_covered_display": "100.00"}, "missing_lines": [], "excluded_lines": [], "start_line": 1}}, "classes": {"RetryStrategy": {"executed_lines": [46, 47, 48, 49, 51, 79, 80, 108, 110, 111, 112, 113, 114, 118, 120, 121, 122, 124, 134, 135, 136, 138, 145, 147, 148, 151, 152, 160, 162, 164, 174, 175, 176, 178, 185, 187, 188, 189, 191, 202, 203, 204, 206, 213], "summary": {"covered_lines": 44, "num_statements": 47, "percent_covered": 93.61702127659575, "percent_covered_display": "93.62", "missing_lines": 3, "excluded_lines": 0, "percent_statements_covered": 93.61702127659575, "percent_statements_covered_display": "93.62"}, "missing_lines": [216, 217, 218], "excluded_lines": [], "start_line": 18}, "": {"executed_lines": [6, 7, 8, 10, 11, 13, 15, 18, 28, 61, 82, 221, 244, 245, 246, 252, 253, 254], "summary": {"covered_lines": 18, "num_statements": 18, "percent_covered": 100.0, "percent_covered_display": "100.00", "missing_lines": 0, "excluded_lines": 0, "percent_statements_covered": 100.0, "percent_statements_covered_display": "100.00"}, "missing_lines": [], "excluded_lines": [], "start_line": 1}}}, "src/lark_service/core/storage/__init__.py": {"executed_lines": [8, 9, 11], "summary": {"covered_lines": 3, "num_statements": 3, "percent_covered": 100.0, "percent_covered_display": "100.00", "missing_lines": 0, "excluded_lines": 0, "percent_statements_covered": 100.0, "percent_statements_covered_display": "100.00"}, "missing_lines": [], "excluded_lines": [], "functions": {"": {"executed_lines": [8, 9, 11], "summary": {"covered_lines": 3, "num_statements": 3, "percent_covered": 100.0, "percent_covered_display": "100.00", "missing_lines": 0, "excluded_lines": 0, "percent_statements_covered": 100.0, "percent_statements_covered_display": "100.00"}, "missing_lines": [], "excluded_lines": [], "start_line": 1}}, "classes": {"": {"executed_lines": [8, 9, 11], "summary": {"covered_lines": 3, "num_statements": 3, "percent_covered": 100.0, "percent_covered_display": "100.00", "missing_lines": 0, "excluded_lines": 0, "percent_statements_covered": 100.0, "percent_statements_covered_display": "100.00"}, "missing_lines": [], "excluded_lines": [], "start_line": 1}}}, "src/lark_service/core/storage/postgres_storage.py": {"executed_lines": [6, 8, 9, 10, 12, 13, 14, 15, 17, 20, 31, 55, 57, 59, 70, 73, 75, 89, 95, 97, 128, 129, 131, 134, 135, 137, 142, 149, 155, 157, 158, 160, 170, 171, 187, 189, 212, 214, 215, 216, 221, 223, 225, 237, 239, 260, 262, 263, 264, 269, 270, 272, 273, 275, 280, 292, 294, 346, 391, 437, 443, 444], "summary": {"covered_lines": 62, "num_statements": 116, "percent_covered": 53.44827586206897, "percent_covered_display": "53.45", "missing_lines": 54, "excluded_lines": 0, "percent_statements_covered": 53.44827586206897, "percent_statements_covered_display": "53.45"}, "missing_lines": [83, 84, 132, 144, 145, 146, 173, 174, 175, 176, 177, 178, 227, 228, 282, 283, 284, 317, 318, 320, 321, 322, 324, 325, 327, 328, 330, 333, 334, 336, 338, 339, 344, 362, 363, 364, 366, 370, 372, 380, 382, 383, 384, 389, 411, 412, 413, 418, 424, 425, 427, 429, 430, 435], "excluded_lines": [], "functions": {"TokenStorageService.__init__": {"executed_lines": [55, 57, 59, 70, 73, 75], "summary": {"covered_lines": 6, "num_statements": 8, "percent_covered": 75.0, "percent_covered_display": "75.00", "missing_lines": 2, "excluded_lines": 0, "percent_statements_covered": 75.0, "percent_statements_covered_display": "75.00"}, "missing_lines": [83, 84], "excluded_lines": [], "start_line": 31}, "TokenStorageService._get_session": {"executed_lines": [95], "summary": {"covered_lines": 1, "num_statements": 1, "percent_covered": 100.0, "percent_covered_display": "100.00", "missing_lines": 0, "excluded_lines": 0, "percent_statements_covered": 100.0, "percent_statements_covered_display": "100.00"}, "missing_lines": [], "excluded_lines": [], "start_line": 89}, "TokenStorageService.set_token": {"executed_lines": [128, 129, 131, 134, 135, 137, 142, 149, 155, 157, 158, 160, 170, 171, 187], "summary": {"covered_lines": 15, "num_statements": 25, "percent_covered": 60.0, "percent_covered_display": "60.00", "missing_lines": 10, "excluded_lines": 0, "percent_statements_covered": 60.0, "percent_statements_covered_display": "60.00"}, "missing_lines": [132, 144, 145, 146, 173, 174, 175, 176, 177, 178], "excluded_lines": [], "start_line": 97}, "TokenStorageService.get_token": {"executed_lines": [212, 214, 215, 216, 221, 223, 225, 237], "summary": {"covered_lines": 8, "num_statements": 10, "percent_covered": 80.0, "percent_covered_display": "80.00", "missing_lines": 2, "excluded_lines": 0, "percent_statements_covered": 80.0, "percent_statements_covered_display": "80.00"}, "missing_lines": [227, 228], "excluded_lines": [], "start_line": 189}, "TokenStorageService.delete_token": {"executed_lines": [260, 262, 263, 264, 269, 270, 272, 273, 275, 280, 292], "summary": {"covered_lines": 11, "num_statements": 14, "percent_covered": 78.57142857142857, "percent_covered_display": "78.57", "missing_lines": 3, "excluded_lines": 0, "percent_statements_covered": 78.57142857142857, "percent_statements_covered_display": "78.57"}, "missing_lines": [282, 283, 284], "excluded_lines": [], "start_line": 239}, "TokenStorageService.list_tokens": {"executed_lines": [], "summary": {"covered_lines": 0, "num_statements": 16, "percent_covered": 0.0, "percent_covered_display": "0.00", "missing_lines": 16, "excluded_lines": 0, "percent_statements_covered": 0.0, "percent_statements_covered_display": "0.00"}, "missing_lines": [317, 318, 320, 321, 322, 324, 325, 327, 328, 330, 333, 334, 336, 338, 339, 344], "excluded_lines": [], "start_line": 294}, "TokenStorageService.cleanup_expired_tokens": {"executed_lines": [], "summary": {"covered_lines": 0, "num_statements": 11, "percent_covered": 0.0, "percent_covered_display": "0.00", "missing_lines": 11, "excluded_lines": 0, "percent_statements_covered": 0.0, "percent_statements_covered_display": "0.00"}, "missing_lines": [362, 363, 364, 366, 370, 372, 380, 382, 383, 384, 389], "excluded_lines": [], "start_line": 346}, "TokenStorageService.get_tokens_needing_refresh": {"executed_lines": [], "summary": {"covered_lines": 0, "num_statements": 10, "percent_covered": 0.0, "percent_covered_display": "0.00", "missing_lines": 10, "excluded_lines": 0, "percent_statements_covered": 0.0, "percent_statements_covered_display": "0.00"}, "missing_lines": [411, 412, 413, 418, 424, 425, 427, 429, 430, 435], "excluded_lines": [], "start_line": 391}, "TokenStorageService.close": {"executed_lines": [443, 444], "summary": {"covered_lines": 2, "num_statements": 2, "percent_covered": 100.0, "percent_covered_display": "100.00", "missing_lines": 0, "excluded_lines": 0, "percent_statements_covered": 100.0, "percent_statements_covered_display": "100.00"}, "missing_lines": [], "excluded_lines": [], "start_line": 437}, "": {"executed_lines": [6, 8, 9, 10, 12, 13, 14, 15, 17, 20, 31, 89, 97, 189, 239, 294, 346, 391, 437], "summary": {"covered_lines": 19, "num_statements": 19, "percent_covered": 100.0, "percent_covered_display": "100.00", "missing_lines": 0, "excluded_lines": 0, "percent_statements_covered": 100.0, "percent_statements_covered_display": "100.00"}, "missing_lines": [], "excluded_lines": [], "start_line": 1}}, "classes": {"TokenStorageService": {"executed_lines": [55, 57, 59, 70, 73, 75, 95, 128, 129, 131, 134, 135, 137, 142, 149, 155, 157, 158, 160, 170, 171, 187, 212, 214, 215, 216, 221, 223, 225, 237, 260, 262, 263, 264, 269, 270, 272, 273, 275, 280, 292, 443, 444], "summary": {"covered_lines": 43, "num_statements": 97, "percent_covered": 44.329896907216494, "percent_covered_display": "44.33", "missing_lines": 54, "excluded_lines": 0, "percent_statements_covered": 44.329896907216494, "percent_statements_covered_display": "44.33"}, "missing_lines": [83, 84, 132, 144, 145, 146, 173, 174, 175, 176, 177, 178, 227, 228, 282, 283, 284, 317, 318, 320, 321, 322, 324, 325, 327, 328, 330, 333, 334, 336, 338, 339, 344, 362, 363, 364, 366, 370, 372, 380, 382, 383, 384, 389, 411, 412, 413, 418, 424, 425, 427, 429, 430, 435], "excluded_lines": [], "start_line": 20}, "": {"executed_lines": [6, 8, 9, 10, 12, 13, 14, 15, 17, 20, 31, 89, 97, 189, 239, 294, 346, 391, 437], "summary": {"covered_lines": 19, "num_statements": 19, "percent_covered": 100.0, "percent_covered_display": "100.00", "missing_lines": 0, "excluded_lines": 0, "percent_statements_covered": 100.0, "percent_statements_covered_display": "100.00"}, "missing_lines": [], "excluded_lines": [], "start_line": 1}}}, "src/lark_service/core/storage/sqlite_storage.py": {"executed_lines": [6, 8, 9, 11, 12, 13, 14, 16, 19, 31, 45, 46, 48, 50, 53, 60, 63, 65, 76, 82, 84, 118, 119, 121, 124, 125, 127, 128, 135, 136, 143, 151, 153, 154, 155, 157, 162, 174, 176, 194, 196, 197, 198, 199, 202, 210, 212, 257, 356, 409, 440, 446, 447], "summary": {"covered_lines": 53, "num_statements": 145, "percent_covered": 36.55172413793103, "percent_covered_display": "36.55", "missing_lines": 92, "excluded_lines": 0, "percent_statements_covered": 36.55172413793103, "percent_statements_covered_display": "36.55"}, "missing_lines": [70, 71, 122, 129, 137, 164, 165, 166, 167, 168, 169, 201, 204, 205, 230, 231, 233, 234, 235, 236, 237, 239, 242, 243, 245, 247, 248, 249, 250, 255, 289, 291, 292, 294, 295, 297, 298, 299, 300, 301, 307, 309, 313, 314, 318, 320, 321, 323, 324, 326, 327, 329, 330, 332, 333, 335, 341, 342, 344, 345, 346, 347, 348, 349, 354, 371, 373, 374, 375, 376, 377, 382, 383, 384, 385, 390, 391, 392, 397, 398, 399, 400, 401, 402, 407, 425, 426, 427, 432, 433, 434, 435], "excluded_lines": [], "functions": {"ApplicationManager.__init__": {"executed_lines": [45, 46, 48, 50, 53, 60, 63, 65], "summary": {"covered_lines": 8, "num_statements": 10, "percent_covered": 80.0, "percent_covered_display": "80.00", "missing_lines": 2, "excluded_lines": 0, "percent_statements_covered": 80.0, "percent_statements_covered_display": "80.00"}, "missing_lines": [70, 71], "excluded_lines": [], "start_line": 31}, "ApplicationManager._get_session": {"executed_lines": [82], "summary": {"covered_lines": 1, "num_statements": 1, "percent_covered": 100.0, "percent_covered_display": "100.00", "missing_lines": 0, "excluded_lines": 0, "percent_statements_covered": 100.0, "percent_statements_covered_display": "100.00"}, "missing_lines": [], "excluded_lines": [], "start_line": 76}, "ApplicationManager.add_application": {"executed_lines": [118, 119, 121, 124, 125, 127, 128, 135, 136, 143, 151, 153, 154, 155, 157, 162, 174], "summary": {"covered_lines": 17, "num_statements": 26, "percent_covered": 65.38461538461539, "percent_covered_display": "65.38", "missing_lines": 9, "excluded_lines": 0, "percent_statements_covered": 65.38461538461539, "percent_statements_covered_display": "65.38"}, "missing_lines": [122, 129, 137, 164, 165, 166, 167, 168, 169], "excluded_lines": [], "start_line": 84}, "ApplicationManager.get_application": {"executed_lines": [194, 196, 197, 198, 199, 202, 210], "summary": {"covered_lines": 7, "num_statements": 10, "percent_covered": 70.0, "percent_covered_display": "70.00", "missing_lines": 3, "excluded_lines": 0, "percent_statements_covered": 70.0, "percent_statements_covered_display": "70.00"}, "missing_lines": [201, 204, 205], "excluded_lines": [], "start_line": 176}, "ApplicationManager.list_applications": {"executed_lines": [], "summary": {"covered_lines": 0, "num_statements": 16, "percent_covered": 0.0, "percent_covered_display": "0.00", "missing_lines": 16, "excluded_lines": 0, "percent_statements_covered": 0.0, "percent_statements_covered_display": "0.00"}, "missing_lines": [230, 231, 233, 234, 235, 236, 237, 239, 242, 243, 245, 247, 248, 249, 250, 255], "excluded_lines": [], "start_line": 212}, "ApplicationManager.update_application": {"executed_lines": [], "summary": {"covered_lines": 0, "num_statements": 35, "percent_covered": 0.0, "percent_covered_display": "0.00", "missing_lines": 35, "excluded_lines": 0, "percent_statements_covered": 0.0, "percent_statements_covered_display": "0.00"}, "missing_lines": [289, 291, 292, 294, 295, 297, 298, 299, 300, 301, 307, 309, 313, 314, 318, 320, 321, 323, 324, 326, 327, 329, 330, 332, 333, 335, 341, 342, 344, 345, 346, 347, 348, 349, 354], "excluded_lines": [], "start_line": 257}, "ApplicationManager.delete_application": {"executed_lines": [], "summary": {"covered_lines": 0, "num_statements": 20, "percent_covered": 0.0, "percent_covered_display": "0.00", "missing_lines": 20, "excluded_lines": 0, "percent_statements_covered": 0.0, "percent_statements_covered_display": "0.00"}, "missing_lines": [371, 373, 374, 375, 376, 377, 382, 383, 384, 385, 390, 391, 392, 397, 398, 399, 400, 401, 402, 407], "excluded_lines": [], "start_line": 356}, "ApplicationManager.get_decrypted_secret": {"executed_lines": [], "summary": {"covered_lines": 0, "num_statements": 7, "percent_covered": 0.0, "percent_covered_display": "0.00", "missing_lines": 7, "excluded_lines": 0, "percent_statements_covered": 0.0, "percent_statements_covered_display": "0.00"}, "missing_lines": [425, 426, 427, 432, 433, 434, 435], "excluded_lines": [], "start_line": 409}, "ApplicationManager.close": {"executed_lines": [446, 447], "summary": {"covered_lines": 2, "num_statements": 2, "percent_covered": 100.0, "percent_covered_display": "100.00", "missing_lines": 0, "excluded_lines": 0, "percent_statements_covered": 100.0, "percent_statements_covered_display": "100.00"}, "missing_lines": [], "excluded_lines": [], "start_line": 440}, "": {"executed_lines": [6, 8, 9, 11, 12, 13, 14, 16, 19, 31, 76, 84, 176, 212, 257, 356, 409, 440], "summary": {"covered_lines": 18, "num_statements": 18, "percent_covered": 100.0, "percent_covered_display": "100.00", "missing_lines": 0, "excluded_lines": 0, "percent_statements_covered": 100.0, "percent_statements_covered_display": "100.00"}, "missing_lines": [], "excluded_lines": [], "start_line": 1}}, "classes": {"ApplicationManager": {"executed_lines": [45, 46, 48, 50, 53, 60, 63, 65, 82, 118, 119, 121, 124, 125, 127, 128, 135, 136, 143, 151, 153, 154, 155, 157, 162, 174, 194, 196, 197, 198, 199, 202, 210, 446, 447], "summary": {"covered_lines": 35, "num_statements": 127, "percent_covered": 27.559055118110237, "percent_covered_display": "27.56", "missing_lines": 92, "excluded_lines": 0, "percent_statements_covered": 27.559055118110237, "percent_statements_covered_display": "27.56"}, "missing_lines": [70, 71, 122, 129, 137, 164, 165, 166, 167, 168, 169, 201, 204, 205, 230, 231, 233, 234, 235, 236, 237, 239, 242, 243, 245, 247, 248, 249, 250, 255, 289, 291, 292, 294, 295, 297, 298, 299, 300, 301, 307, 309, 313, 314, 318, 320, 321, 323, 324, 326, 327, 329, 330, 332, 333, 335, 341, 342, 344, 345, 346, 347, 348, 349, 354, 371, 373, 374, 375, 376, 377, 382, 383, 384, 385, 390, 391, 392, 397, 398, 399, 400, 401, 402, 407, 425, 426, 427, 432, 433, 434, 435], "excluded_lines": [], "start_line": 19}, "": {"executed_lines": [6, 8, 9, 11, 12, 13, 14, 16, 19, 31, 76, 84, 176, 212, 257, 356, 409, 440], "summary": {"covered_lines": 18, "num_statements": 18, "percent_covered": 100.0, "percent_covered_display": "100.00", "missing_lines": 0, "excluded_lines": 0, "percent_statements_covered": 100.0, "percent_statements_covered_display": "100.00"}, "missing_lines": [], "excluded_lines": [], "start_line": 1}}}, "src/lark_service/db/__init__.py": {"executed_lines": [], "summary": {"covered_lines": 0, "num_statements": 2, "percent_covered": 0.0, "percent_covered_display": "0.00", "missing_lines": 2, "excluded_lines": 0, "percent_statements_covered": 0.0, "percent_statements_covered_display": "0.00"}, "missing_lines": [3, 10], "excluded_lines": [], "functions": {"": {"executed_lines": [], "summary": {"covered_lines": 0, "num_statements": 2, "percent_covered": 0.0, "percent_covered_display": "0.00", "missing_lines": 2, "excluded_lines": 0, "percent_statements_covered": 0.0, "percent_statements_covered_display": "0.00"}, "missing_lines": [3, 10], "excluded_lines": [], "start_line": 1}}, "classes": {"": {"executed_lines": [], "summary": {"covered_lines": 0, "num_statements": 2, "percent_covered": 0.0, "percent_covered_display": "0.00", "missing_lines": 2, "excluded_lines": 0, "percent_statements_covered": 0.0, "percent_statements_covered_display": "0.00"}, "missing_lines": [3, 10], "excluded_lines": [], "start_line": 1}}}, "src/lark_service/db/init_config_db.py": {"executed_lines": [], "summary": {"covered_lines": 0, "num_statements": 45, "percent_covered": 0.0, "percent_covered_display": "0.00", "missing_lines": 45, "excluded_lines": 0, "percent_statements_covered": 0.0, "percent_statements_covered_display": "0.00"}, "missing_lines": [7, 8, 10, 11, 13, 16, 30, 31, 34, 36, 39, 53, 54, 57, 60, 63, 93, 94, 96, 97, 99, 100, 101, 102, 106, 108, 109, 112, 113, 114, 116, 118, 119, 120, 123, 129, 131, 132, 133, 135, 138, 141, 159, 161, 162], "excluded_lines": [], "functions": {"get_config_db_path": {"executed_lines": [], "summary": {"covered_lines": 0, "num_statements": 4, "percent_covered": 0.0, "percent_covered_display": "0.00", "missing_lines": 4, "excluded_lines": 0, "percent_statements_covered": 0.0, "percent_statements_covered_display": "0.00"}, "missing_lines": [30, 31, 34, 36], "excluded_lines": [], "start_line": 16}, "init_config_database": {"executed_lines": [], "summary": {"covered_lines": 0, "num_statements": 4, "percent_covered": 0.0, "percent_covered_display": "0.00", "missing_lines": 4, "excluded_lines": 0, "percent_statements_covered": 0.0, "percent_statements_covered_display": "0.00"}, "missing_lines": [53, 54, 57, 60], "excluded_lines": [], "start_line": 39}, "add_default_application_from_env": {"executed_lines": [], "summary": {"covered_lines": 0, "num_statements": 25, "percent_covered": 0.0, "percent_covered_display": "0.00", "missing_lines": 25, "excluded_lines": 0, "percent_statements_covered": 0.0, "percent_statements_covered_display": "0.00"}, "missing_lines": [93, 94, 96, 97, 99, 100, 101, 102, 106, 108, 109, 112, 113, 114, 116, 118, 119, 120, 123, 129, 131, 132, 133, 135, 138], "excluded_lines": [], "start_line": 63}, "setup_config_database": {"executed_lines": [], "summary": {"covered_lines": 0, "num_statements": 3, "percent_covered": 0.0, "percent_covered_display": "0.00", "missing_lines": 3, "excluded_lines": 0, "percent_statements_covered": 0.0, "percent_statements_covered_display": "0.00"}, "missing_lines": [159, 161, 162], "excluded_lines": [], "start_line": 141}, "": {"executed_lines": [], "summary": {"covered_lines": 0, "num_statements": 9, "percent_covered": 0.0, "percent_covered_display": "0.00", "missing_lines": 9, "excluded_lines": 0, "percent_statements_covered": 0.0, "percent_statements_covered_display": "0.00"}, "missing_lines": [7, 8, 10, 11, 13, 16, 39, 63, 141], "excluded_lines": [], "start_line": 1}}, "classes": {"": {"executed_lines": [], "summary": {"covered_lines": 0, "num_statements": 45, "percent_covered": 0.0, "percent_covered_display": "0.00", "missing_lines": 45, "excluded_lines": 0, "percent_statements_covered": 0.0, "percent_statements_covered_display": "0.00"}, "missing_lines": [7, 8, 10, 11, 13, 16, 30, 31, 34, 36, 39, 53, 54, 57, 60, 63, 93, 94, 96, 97, 99, 100, 101, 102, 106, 108, 109, 112, 113, 114, 116, 118, 119, 120, 123, 129, 131, 132, 133, 135, 138, 141, 159, 161, 162], "excluded_lines": [], "start_line": 1}}}, "src/lark_service/messaging/__init__.py": {"executed_lines": [], "summary": {"covered_lines": 0, "num_statements": 0, "percent_covered": 100.0, "percent_covered_display": "100.00", "missing_lines": 0, "excluded_lines": 0, "percent_statements_covered": 100.0, "percent_statements_covered_display": "100.00"}, "missing_lines": [], "excluded_lines": [], "functions": {"": {"executed_lines": [], "summary": {"covered_lines": 0, "num_statements": 0, "percent_covered": 100.0, "percent_covered_display": "100.00", "missing_lines": 0, "excluded_lines": 0, "percent_statements_covered": 100.0, "percent_statements_covered_display": "100.00"}, "missing_lines": [], "excluded_lines": [], "start_line": 1}}, "classes": {"": {"executed_lines": [], "summary": {"covered_lines": 0, "num_statements": 0, "percent_covered": 100.0, "percent_covered_display": "100.00", "missing_lines": 0, "excluded_lines": 0, "percent_statements_covered": 100.0, "percent_statements_covered_display": "100.00"}, "missing_lines": [], "excluded_lines": [], "start_line": 1}}}, "src/lark_service/utils/__init__.py": {"executed_lines": [8, 15, 30], "summary": {"covered_lines": 3, "num_statements": 3, "percent_covered": 100.0, "percent_covered_display": "100.00", "missing_lines": 0, "excluded_lines": 0, "percent_statements_covered": 100.0, "percent_statements_covered_display": "100.00"}, "missing_lines": [], "excluded_lines": [], "functions": {"": {"executed_lines": [8, 15, 30], "summary": {"covered_lines": 3, "num_statements": 3, "percent_covered": 100.0, "percent_covered_display": "100.00", "missing_lines": 0, "excluded_lines": 0, "percent_statements_covered": 100.0, "percent_statements_covered_display": "100.00"}, "missing_lines": [], "excluded_lines": [], "start_line": 1}}, "classes": {"": {"executed_lines": [8, 15, 30], "summary": {"covered_lines": 3, "num_statements": 3, "percent_covered": 100.0, "percent_covered_display": "100.00", "missing_lines": 0, "excluded_lines": 0, "percent_statements_covered": 100.0, "percent_statements_covered_display": "100.00"}, "missing_lines": [], "excluded_lines": [], "start_line": 1}}}, "src/lark_service/utils/logger.py": {"executed_lines": [11, 12, 13, 14, 15, 17, 20, 28, 34, 48, 54, 85, 150, 163, 166, 187, 200, 211, 221, 230], "summary": {"covered_lines": 20, "num_statements": 71, "percent_covered": 28.169014084507044, "percent_covered_display": "28.17", "missing_lines": 51, "excluded_lines": 0, "percent_statements_covered": 28.169014084507044, "percent_statements_covered_display": "28.17"}, "missing_lines": [30, 31, 32, 43, 44, 45, 67, 70, 73, 76, 79, 80, 81, 82, 106, 107, 110, 113, 114, 117, 118, 120, 122, 127, 133, 134, 137, 138, 139, 140, 141, 142, 145, 147, 178, 179, 180, 181, 182, 183, 184, 193, 194, 195, 196, 197, 218, 219, 227, 228, 238], "excluded_lines": [], "functions": {"ContextFilter.__init__": {"executed_lines": [], "summary": {"covered_lines": 0, "num_statements": 3, "percent_covered": 0.0, "percent_covered_display": "0.00", "missing_lines": 3, "excluded_lines": 0, "percent_statements_covered": 0.0, "percent_statements_covered_display": "0.00"}, "missing_lines": [30, 31, 32], "excluded_lines": [], "start_line": 28}, "ContextFilter.filter": {"executed_lines": [], "summary": {"covered_lines": 0, "num_statements": 3, "percent_covered": 0.0, "percent_covered_display": "0.00", "missing_lines": 3, "excluded_lines": 0, "percent_statements_covered": 0.0, "percent_statements_covered_display": "0.00"}, "missing_lines": [43, 44, 45], "excluded_lines": [], "start_line": 34}, "CustomJsonFormatter.add_fields": {"executed_lines": [], "summary": {"covered_lines": 0, "num_statements": 8, "percent_covered": 0.0, "percent_covered_display": "0.00", "missing_lines": 8, "excluded_lines": 0, "percent_statements_covered": 0.0, "percent_statements_covered_display": "0.00"}, "missing_lines": [67, 70, 73, 76, 79, 80, 81, 82], "excluded_lines": [], "start_line": 54}, "setup_logger": {"executed_lines": [], "summary": {"covered_lines": 0, "num_statements": 20, "percent_covered": 0.0, "percent_covered_display": "0.00", "missing_lines": 20, "excluded_lines": 0, "percent_statements_covered": 0.0, "percent_statements_covered_display": "0.00"}, "missing_lines": [106, 107, 110, 113, 114, 117, 118, 120, 122, 127, 133, 134, 137, 138, 139, 140, 141, 142, 145, 147], "excluded_lines": [], "start_line": 85}, "get_logger": {"executed_lines": [163], "summary": {"covered_lines": 1, "num_statements": 1, "percent_covered": 100.0, "percent_covered_display": "100.00", "missing_lines": 0, "excluded_lines": 0, "percent_statements_covered": 100.0, "percent_statements_covered_display": "100.00"}, "missing_lines": [], "excluded_lines": [], "start_line": 150}, "set_request_context": {"executed_lines": [], "summary": {"covered_lines": 0, "num_statements": 7, "percent_covered": 0.0, "percent_covered_display": "0.00", "missing_lines": 7, "excluded_lines": 0, "percent_statements_covered": 0.0, "percent_statements_covered_display": "0.00"}, "missing_lines": [178, 179, 180, 181, 182, 183, 184], "excluded_lines": [], "start_line": 166}, "clear_request_context": {"executed_lines": [], "summary": {"covered_lines": 0, "num_statements": 5, "percent_covered": 0.0, "percent_covered_display": "0.00", "missing_lines": 5, "excluded_lines": 0, "percent_statements_covered": 0.0, "percent_statements_covered_display": "0.00"}, "missing_lines": [193, 194, 195, 196, 197], "excluded_lines": [], "start_line": 187}, "LoggerContextManager.__init__": {"executed_lines": [], "summary": {"covered_lines": 0, "num_statements": 2, "percent_covered": 0.0, "percent_covered_display": "0.00", "missing_lines": 2, "excluded_lines": 0, "percent_statements_covered": 0.0, "percent_statements_covered_display": "0.00"}, "missing_lines": [218, 219], "excluded_lines": [], "start_line": 211}, "LoggerContextManager.__enter__": {"executed_lines": [], "summary": {"covered_lines": 0, "num_statements": 2, "percent_covered": 0.0, "percent_covered_display": "0.00", "missing_lines": 2, "excluded_lines": 0, "percent_statements_covered": 0.0, "percent_statements_covered_display": "0.00"}, "missing_lines": [227, 228], "excluded_lines": [], "start_line": 221}, "LoggerContextManager.__exit__": {"executed_lines": [], "summary": {"covered_lines": 0, "num_statements": 1, "percent_covered": 0.0, "percent_covered_display": "0.00", "missing_lines": 1, "excluded_lines": 0, "percent_statements_covered": 0.0, "percent_statements_covered_display": "0.00"}, "missing_lines": [238], "excluded_lines": [], "start_line": 230}, "": {"executed_lines": [11, 12, 13, 14, 15, 17, 20, 28, 34, 48, 54, 85, 150, 166, 187, 200, 211, 221, 230], "summary": {"covered_lines": 19, "num_statements": 19, "percent_covered": 100.0, "percent_covered_display": "100.00", "missing_lines": 0, "excluded_lines": 0, "percent_statements_covered": 100.0, "percent_statements_covered_display": "100.00"}, "missing_lines": [], "excluded_lines": [], "start_line": 1}}, "classes": {"ContextFilter": {"executed_lines": [], "summary": {"covered_lines": 0, "num_statements": 6, "percent_covered": 0.0, "percent_covered_display": "0.00", "missing_lines": 6, "excluded_lines": 0, "percent_statements_covered": 0.0, "percent_statements_covered_display": "0.00"}, "missing_lines": [30, 31, 32, 43, 44, 45], "excluded_lines": [], "start_line": 20}, "CustomJsonFormatter": {"executed_lines": [], "summary": {"covered_lines": 0, "num_statements": 8, "percent_covered": 0.0, "percent_covered_display": "0.00", "missing_lines": 8, "excluded_lines": 0, "percent_statements_covered": 0.0, "percent_statements_covered_display": "0.00"}, "missing_lines": [67, 70, 73, 76, 79, 80, 81, 82], "excluded_lines": [], "start_line": 48}, "LoggerContextManager": {"executed_lines": [], "summary": {"covered_lines": 0, "num_statements": 5, "percent_covered": 0.0, "percent_covered_display": "0.00", "missing_lines": 5, "excluded_lines": 0, "percent_statements_covered": 0.0, "percent_statements_covered_display": "0.00"}, "missing_lines": [218, 219, 227, 228, 238], "excluded_lines": [], "start_line": 200}, "": {"executed_lines": [11, 12, 13, 14, 15, 17, 20, 28, 34, 48, 54, 85, 150, 163, 166, 187, 200, 211, 221, 230], "summary": {"covered_lines": 20, "num_statements": 52, "percent_covered": 38.46153846153846, "percent_covered_display": "38.46", "missing_lines": 32, "excluded_lines": 0, "percent_statements_covered": 38.46153846153846, "percent_statements_covered_display": "38.46"}, "missing_lines": [106, 107, 110, 113, 114, 117, 118, 120, 122, 127, 133, 134, 137, 138, 139, 140, 141, 142, 145, 147, 178, 179, 180, 181, 182, 183, 184, 193, 194, 195, 196, 197], "excluded_lines": [], "start_line": 1}}}, "src/lark_service/utils/validators.py": {"executed_lines": [11, 12, 13, 14, 16, 19, 39, 43, 44, 51, 54, 70, 74, 75, 82, 89, 92, 123, 154, 185, 216, 233, 237, 245, 252, 255, 308, 345, 383, 421], "summary": {"covered_lines": 30, "num_statements": 100, "percent_covered": 30.0, "percent_covered_display": "30.00", "missing_lines": 70, "excluded_lines": 0, "percent_statements_covered": 30.0, "percent_statements_covered_display": "30.00"}, "missing_lines": [40, 45, 71, 83, 108, 109, 112, 113, 114, 120, 139, 140, 143, 144, 145, 151, 170, 171, 174, 175, 176, 182, 201, 202, 205, 206, 207, 213, 234, 238, 246, 276, 277, 279, 280, 281, 282, 287, 288, 293, 294, 299, 300, 305, 325, 326, 328, 329, 330, 331, 336, 337, 342, 366, 367, 368, 369, 374, 375, 380, 404, 405, 406, 407, 412, 413, 418, 443, 444, 450], "excluded_lines": [], "functions": {"validate_app_id": {"executed_lines": [39, 43, 44, 51], "summary": {"covered_lines": 4, "num_statements": 6, "percent_covered": 66.66666666666667, "percent_covered_display": "66.67", "missing_lines": 2, "excluded_lines": 0, "percent_statements_covered": 66.66666666666667, "percent_statements_covered_display": "66.67"}, "missing_lines": [40, 45], "excluded_lines": [], "start_line": 19}, "validate_app_secret": {"executed_lines": [70, 74, 75, 82, 89], "summary": {"covered_lines": 5, "num_statements": 7, "percent_covered": 71.42857142857143, "percent_covered_display": "71.43", "missing_lines": 2, "excluded_lines": 0, "percent_statements_covered": 71.42857142857143, "percent_statements_covered_display": "71.43"}, "missing_lines": [71, 83], "excluded_lines": [], "start_line": 54}, "validate_open_id": {"executed_lines": [], "summary": {"covered_lines": 0, "num_statements": 6, "percent_covered": 0.0, "percent_covered_display": "0.00", "missing_lines": 6, "excluded_lines": 0, "percent_statements_covered": 0.0, "percent_statements_covered_display": "0.00"}, "missing_lines": [108, 109, 112, 113, 114, 120], "excluded_lines": [], "start_line": 92}, "validate_user_id": {"executed_lines": [], "summary": {"covered_lines": 0, "num_statements": 6, "percent_covered": 0.0, "percent_covered_display": "0.00", "missing_lines": 6, "excluded_lines": 0, "percent_statements_covered": 0.0, "percent_statements_covered_display": "0.00"}, "missing_lines": [139, 140, 143, 144, 145, 151], "excluded_lines": [], "start_line": 123}, "validate_union_id": {"executed_lines": [], "summary": {"covered_lines": 0, "num_statements": 6, "percent_covered": 0.0, "percent_covered_display": "0.00", "missing_lines": 6, "excluded_lines": 0, "percent_statements_covered": 0.0, "percent_statements_covered_display": "0.00"}, "missing_lines": [170, 171, 174, 175, 176, 182], "excluded_lines": [], "start_line": 154}, "validate_chat_id": {"executed_lines": [], "summary": {"covered_lines": 0, "num_statements": 6, "percent_covered": 0.0, "percent_covered_display": "0.00", "missing_lines": 6, "excluded_lines": 0, "percent_statements_covered": 0.0, "percent_statements_covered_display": "0.00"}, "missing_lines": [201, 202, 205, 206, 207, 213], "excluded_lines": [], "start_line": 185}, "validate_token": {"executed_lines": [233, 237, 245, 252], "summary": {"covered_lines": 4, "num_statements": 7, "percent_covered": 57.142857142857146, "percent_covered_display": "57.14", "missing_lines": 3, "excluded_lines": 0, "percent_statements_covered": 57.142857142857146, "percent_statements_covered_display": "57.14"}, "missing_lines": [234, 238, 246], "excluded_lines": [], "start_line": 216}, "validate_url": {"executed_lines": [], "summary": {"covered_lines": 0, "num_statements": 13, "percent_covered": 0.0, "percent_covered_display": "0.00", "missing_lines": 13, "excluded_lines": 0, "percent_statements_covered": 0.0, "percent_statements_covered_display": "0.00"}, "missing_lines": [276, 277, 279, 280, 281, 282, 287, 288, 293, 294, 299, 300, 305], "excluded_lines": [], "start_line": 255}, "validate_file_path": {"executed_lines": [], "summary": {"covered_lines": 0, "num_statements": 9, "percent_covered": 0.0, "percent_covered_display": "0.00", "missing_lines": 9, "excluded_lines": 0, "percent_statements_covered": 0.0, "percent_statements_covered_display": "0.00"}, "missing_lines": [325, 326, 328, 329, 330, 331, 336, 337, 342], "excluded_lines": [], "start_line": 308}, "validate_positive_int": {"executed_lines": [], "summary": {"covered_lines": 0, "num_statements": 7, "percent_covered": 0.0, "percent_covered_display": "0.00", "missing_lines": 7, "excluded_lines": 0, "percent_statements_covered": 0.0, "percent_statements_covered_display": "0.00"}, "missing_lines": [366, 367, 368, 369, 374, 375, 380], "excluded_lines": [], "start_line": 345}, "validate_non_negative_float": {"executed_lines": [], "summary": {"covered_lines": 0, "num_statements": 7, "percent_covered": 0.0, "percent_covered_display": "0.00", "missing_lines": 7, "excluded_lines": 0, "percent_statements_covered": 0.0, "percent_statements_covered_display": "0.00"}, "missing_lines": [404, 405, 406, 407, 412, 413, 418], "excluded_lines": [], "start_line": 383}, "validate_enum": {"executed_lines": [], "summary": {"covered_lines": 0, "num_statements": 3, "percent_covered": 0.0, "percent_covered_display": "0.00", "missing_lines": 3, "excluded_lines": 0, "percent_statements_covered": 0.0, "percent_statements_covered_display": "0.00"}, "missing_lines": [443, 444, 450], "excluded_lines": [], "start_line": 421}, "": {"executed_lines": [11, 12, 13, 14, 16, 19, 54, 92, 123, 154, 185, 216, 255, 308, 345, 383, 421], "summary": {"covered_lines": 17, "num_statements": 17, "percent_covered": 100.0, "percent_covered_display": "100.00", "missing_lines": 0, "excluded_lines": 0, "percent_statements_covered": 100.0, "percent_statements_covered_display": "100.00"}, "missing_lines": [], "excluded_lines": [], "start_line": 1}}, "classes": {"": {"executed_lines": [11, 12, 13, 14, 16, 19, 39, 43, 44, 51, 54, 70, 74, 75, 82, 89, 92, 123, 154, 185, 216, 233, 237, 245, 252, 255, 308, 345, 383, 421], "summary": {"covered_lines": 30, "num_statements": 100, "percent_covered": 30.0, "percent_covered_display": "30.00", "missing_lines": 70, "excluded_lines": 0, "percent_statements_covered": 30.0, "percent_statements_covered_display": "30.00"}, "missing_lines": [40, 45, 71, 83, 108, 109, 112, 113, 114, 120, 139, 140, 143, 144, 145, 151, 170, 171, 174, 175, 176, 182, 201, 202, 205, 206, 207, 213, 234, 238, 246, 276, 277, 279, 280, 281, 282, 287, 288, 293, 294, 299, 300, 305, 325, 326, 328, 329, 330, 331, 336, 337, 342, 366, 367, 368, 369, 374, 375, 380, 404, 405, 406, 407, 412, 413, 418, 443, 444, 450], "excluded_lines": [], "start_line": 1}}}}, "totals": {"covered_lines": 572, "num_statements": 1167, "percent_covered": 49.014567266495284, "percent_covered_display": "49.01", "missing_lines": 595, "excluded_lines": 35, "percent_statements_covered": 49.014567266495284, "percent_statements_covered_display": "49.01"}}