{"meta": {"format": 3, "version": "7.13.1", "timestamp": "2026-01-15T20:24:11.557265", "branch_coverage": false, "show_contexts": false}, "files": {"src/lark_service/__init__.py": {"executed_lines": [], "summary": {"covered_lines": 0, "num_statements": 0, "percent_covered": 100.0, "percent_covered_display": "100.00", "missing_lines": 0, "excluded_lines": 0, "percent_statements_covered": 100.0, "percent_statements_covered_display": "100.00"}, "missing_lines": [], "excluded_lines": [], "functions": {"": {"executed_lines": [], "summary": {"covered_lines": 0, "num_statements": 0, "percent_covered": 100.0, "percent_covered_display": "100.00", "missing_lines": 0, "excluded_lines": 0, "percent_statements_covered": 100.0, "percent_statements_covered_display": "100.00"}, "missing_lines": [], "excluded_lines": [], "start_line": 1}}, "classes": {"": {"executed_lines": [], "summary": {"covered_lines": 0, "num_statements": 0, "percent_covered": 100.0, "percent_covered_display": "100.00", "missing_lines": 0, "excluded_lines": 0, "percent_statements_covered": 100.0, "percent_statements_covered_display": "100.00"}, "missing_lines": [], "excluded_lines": [], "start_line": 1}}}, "src/lark_service/apaas/__init__.py": {"executed_lines": [], "summary": {"covered_lines": 0, "num_statements": 0, "percent_covered": 100.0, "percent_covered_display": "100.00", "missing_lines": 0, "excluded_lines": 0, "percent_statements_covered": 100.0, "percent_statements_covered_display": "100.00"}, "missing_lines": [], "excluded_lines": [], "functions": {"": {"executed_lines": [], "summary": {"covered_lines": 0, "num_statements": 0, "percent_covered": 100.0, "percent_covered_display": "100.00", "missing_lines": 0, "excluded_lines": 0, "percent_statements_covered": 100.0, "percent_statements_covered_display": "100.00"}, "missing_lines": [], "excluded_lines": [], "start_line": 1}}, "classes": {"": {"executed_lines": [], "summary": {"covered_lines": 0, "num_statements": 0, "percent_covered": 100.0, "percent_covered_display": "100.00", "missing_lines": 0, "excluded_lines": 0, "percent_statements_covered": 100.0, "percent_statements_covered_display": "100.00"}, "missing_lines": [], "excluded_lines": [], "start_line": 1}}}, "src/lark_service/cli/__init__.py": {"executed_lines": [6, 8, 11, 12, 13, 38, 42], "summary": {"covered_lines": 7, "num_statements": 7, "percent_covered": 100.0, "percent_covered_display": "100.00", "missing_lines": 0, "excluded_lines": 2, "percent_statements_covered": 100.0, "percent_statements_covered_display": "100.00"}, "missing_lines": [], "excluded_lines": [45, 46], "functions": {"main": {"executed_lines": [38], "summary": {"covered_lines": 1, "num_statements": 1, "percent_covered": 100.0, "percent_covered_display": "100.00", "missing_lines": 0, "excluded_lines": 0, "percent_statements_covered": 100.0, "percent_statements_covered_display": "100.00"}, "missing_lines": [], "excluded_lines": [], "start_line": 13}, "": {"executed_lines": [6, 8, 11, 12, 13, 42], "summary": {"covered_lines": 6, "num_statements": 6, "percent_covered": 100.0, "percent_covered_display": "100.00", "missing_lines": 0, "excluded_lines": 2, "percent_statements_covered": 100.0, "percent_statements_covered_display": "100.00"}, "missing_lines": [], "excluded_lines": [45, 46], "start_line": 1}}, "classes": {"": {"executed_lines": [6, 8, 11, 12, 13, 38, 42], "summary": {"covered_lines": 7, "num_statements": 7, "percent_covered": 100.0, "percent_covered_display": "100.00", "missing_lines": 0, "excluded_lines": 2, "percent_statements_covered": 100.0, "percent_statements_covered_display": "100.00"}, "missing_lines": [], "excluded_lines": [45, 46], "start_line": 1}}}, "src/lark_service/cli/app.py": {"executed_lines": [6, 7, 8, 10, 11, 12, 13, 15, 16, 19, 21, 24, 33, 35, 36, 39, 42, 44, 50, 51, 53, 56, 57, 58, 59, 60, 61, 62, 63, 80, 82, 83, 92, 93, 94, 95, 97, 98, 99, 101, 104, 105, 108, 109, 117, 119, 120, 122, 124, 136, 139, 140, 141, 143, 144, 145, 146, 147, 148, 150, 151, 152, 156, 164, 165, 171, 174, 175, 176, 177, 186, 188, 189, 191, 192, 193, 196, 198, 214, 215, 216, 217, 218, 219, 220, 221, 224, 227, 229, 233, 236, 237, 238, 239, 240, 241, 242, 243, 258, 260, 262, 268, 277, 278, 279, 280, 286, 289, 290, 291, 292, 293, 304, 306, 308, 309, 314, 315, 316, 320, 325, 327, 328, 329, 335, 338, 339, 340, 346, 348, 349, 351, 352, 353, 359, 362, 363, 364, 370, 372, 373, 375, 376, 377, 383], "summary": {"covered_lines": 145, "num_statements": 173, "percent_covered": 83.81502890173411, "percent_covered_display": "83.82", "missing_lines": 28, "excluded_lines": 0, "percent_statements_covered": 83.81502890173411, "percent_statements_covered_display": "83.82"}, "missing_lines": [37, 46, 47, 167, 168, 169, 200, 211, 230, 231, 263, 266, 282, 283, 284, 310, 311, 321, 322, 331, 332, 333, 355, 356, 357, 379, 380, 381], "excluded_lines": [], "functions": {"get_app_manager": {"executed_lines": [33, 35, 36, 39, 42, 44], "summary": {"covered_lines": 6, "num_statements": 9, "percent_covered": 66.66666666666667, "percent_covered_display": "66.67", "missing_lines": 3, "excluded_lines": 0, "percent_statements_covered": 66.66666666666667, "percent_statements_covered_display": "66.67"}, "missing_lines": [37, 46, 47], "excluded_lines": [], "start_line": 24}, "app": {"executed_lines": [53], "summary": {"covered_lines": 1, "num_statements": 1, "percent_covered": 100.0, "percent_covered_display": "100.00", "missing_lines": 0, "excluded_lines": 0, "percent_statements_covered": 100.0, "percent_statements_covered_display": "100.00"}, "missing_lines": [], "excluded_lines": [], "start_line": 51}, "add": {"executed_lines": [80, 82, 83, 92, 93, 94, 95, 97, 98, 99, 101], "summary": {"covered_lines": 11, "num_statements": 11, "percent_covered": 100.0, "percent_covered_display": "100.00", "missing_lines": 0, "excluded_lines": 0, "percent_statements_covered": 100.0, "percent_statements_covered_display": "100.00"}, "missing_lines": [], "excluded_lines": [], "start_line": 63}, "list": {"executed_lines": [117, 119, 120, 122, 124, 136, 139, 140, 141, 143, 144, 145, 146, 147, 148, 150, 151, 152, 156, 164, 165, 171], "summary": {"covered_lines": 22, "num_statements": 25, "percent_covered": 88.0, "percent_covered_display": "88.00", "missing_lines": 3, "excluded_lines": 0, "percent_statements_covered": 88.0, "percent_statements_covered_display": "88.00"}, "missing_lines": [167, 168, 169], "excluded_lines": [], "start_line": 109}, "show": {"executed_lines": [186, 188, 189, 191, 192, 193, 196, 198, 214, 215, 216, 217, 218, 219, 220, 221, 224, 227, 229, 233], "summary": {"covered_lines": 20, "num_statements": 24, "percent_covered": 83.33333333333333, "percent_covered_display": "83.33", "missing_lines": 4, "excluded_lines": 0, "percent_statements_covered": 83.33333333333333, "percent_statements_covered_display": "83.33"}, "missing_lines": [200, 211, 230, 231], "excluded_lines": [], "start_line": 177}, "update": {"executed_lines": [258, 260, 262, 268, 277, 278, 279, 280, 286], "summary": {"covered_lines": 9, "num_statements": 14, "percent_covered": 64.28571428571429, "percent_covered_display": "64.29", "missing_lines": 5, "excluded_lines": 0, "percent_statements_covered": 64.28571428571429, "percent_statements_covered_display": "64.29"}, "missing_lines": [263, 266, 282, 283, 284], "excluded_lines": [], "start_line": 243}, "delete": {"executed_lines": [304, 306, 308, 309, 314, 315, 316, 320, 325, 327, 328, 329, 335], "summary": {"covered_lines": 13, "num_statements": 20, "percent_covered": 65.0, "percent_covered_display": "65.00", "missing_lines": 7, "excluded_lines": 0, "percent_statements_covered": 65.0, "percent_statements_covered_display": "65.00"}, "missing_lines": [310, 311, 321, 322, 331, 332, 333], "excluded_lines": [], "start_line": 293}, "enable": {"executed_lines": [346, 348, 349, 351, 352, 353, 359], "summary": {"covered_lines": 7, "num_statements": 10, "percent_covered": 70.0, "percent_covered_display": "70.00", "missing_lines": 3, "excluded_lines": 0, "percent_statements_covered": 70.0, "percent_statements_covered_display": "70.00"}, "missing_lines": [355, 356, 357], "excluded_lines": [], "start_line": 340}, "disable": {"executed_lines": [370, 372, 373, 375, 376, 377, 383], "summary": {"covered_lines": 7, "num_statements": 10, "percent_covered": 70.0, "percent_covered_display": "70.00", "missing_lines": 3, "excluded_lines": 0, "percent_statements_covered": 70.0, "percent_statements_covered_display": "70.00"}, "missing_lines": [379, 380, 381], "excluded_lines": [], "start_line": 364}, "": {"executed_lines": [6, 7, 8, 10, 11, 12, 13, 15, 16, 19, 21, 24, 50, 51, 56, 57, 58, 59, 60, 61, 62, 63, 104, 105, 108, 109, 174, 175, 176, 177, 236, 237, 238, 239, 240, 241, 242, 243, 289, 290, 291, 292, 293, 338, 339, 340, 362, 363, 364], "summary": {"covered_lines": 49, "num_statements": 49, "percent_covered": 100.0, "percent_covered_display": "100.00", "missing_lines": 0, "excluded_lines": 0, "percent_statements_covered": 100.0, "percent_statements_covered_display": "100.00"}, "missing_lines": [], "excluded_lines": [], "start_line": 1}}, "classes": {"": {"executed_lines": [6, 7, 8, 10, 11, 12, 13, 15, 16, 19, 21, 24, 33, 35, 36, 39, 42, 44, 50, 51, 53, 56, 57, 58, 59, 60, 61, 62, 63, 80, 82, 83, 92, 93, 94, 95, 97, 98, 99, 101, 104, 105, 108, 109, 117, 119, 120, 122, 124, 136, 139, 140, 141, 143, 144, 145, 146, 147, 148, 150, 151, 152, 156, 164, 165, 171, 174, 175, 176, 177, 186, 188, 189, 191, 192, 193, 196, 198, 214, 215, 216, 217, 218, 219, 220, 221, 224, 227, 229, 233, 236, 237, 238, 239, 240, 241, 242, 243, 258, 260, 262, 268, 277, 278, 279, 280, 286, 289, 290, 291, 292, 293, 304, 306, 308, 309, 314, 315, 316, 320, 325, 327, 328, 329, 335, 338, 339, 340, 346, 348, 349, 351, 352, 353, 359, 362, 363, 364, 370, 372, 373, 375, 376, 377, 383], "summary": {"covered_lines": 145, "num_statements": 173, "percent_covered": 83.81502890173411, "percent_covered_display": "83.82", "missing_lines": 28, "excluded_lines": 0, "percent_statements_covered": 83.81502890173411, "percent_statements_covered_display": "83.82"}, "missing_lines": [37, 46, 47, 167, 168, 169, 200, 211, 230, 231, 263, 266, 282, 283, 284, 310, 311, 321, 322, 331, 332, 333, 355, 356, 357, 379, 380, 381], "excluded_lines": [], "start_line": 1}}}, "src/lark_service/clouddoc/__init__.py": {"executed_lines": [], "summary": {"covered_lines": 0, "num_statements": 0, "percent_covered": 100.0, "percent_covered_display": "100.00", "missing_lines": 0, "excluded_lines": 0, "percent_statements_covered": 100.0, "percent_statements_covered_display": "100.00"}, "missing_lines": [], "excluded_lines": [], "functions": {"": {"executed_lines": [], "summary": {"covered_lines": 0, "num_statements": 0, "percent_covered": 100.0, "percent_covered_display": "100.00", "missing_lines": 0, "excluded_lines": 0, "percent_statements_covered": 100.0, "percent_statements_covered_display": "100.00"}, "missing_lines": [], "excluded_lines": [], "start_line": 1}}, "classes": {"": {"executed_lines": [], "summary": {"covered_lines": 0, "num_statements": 0, "percent_covered": 100.0, "percent_covered_display": "100.00", "missing_lines": 0, "excluded_lines": 0, "percent_statements_covered": 100.0, "percent_statements_covered_display": "100.00"}, "missing_lines": [], "excluded_lines": [], "start_line": 1}}}, "src/lark_service/contact/__init__.py": {"executed_lines": [], "summary": {"covered_lines": 0, "num_statements": 0, "percent_covered": 100.0, "percent_covered_display": "100.00", "missing_lines": 0, "excluded_lines": 0, "percent_statements_covered": 100.0, "percent_statements_covered_display": "100.00"}, "missing_lines": [], "excluded_lines": [], "functions": {"": {"executed_lines": [], "summary": {"covered_lines": 0, "num_statements": 0, "percent_covered": 100.0, "percent_covered_display": "100.00", "missing_lines": 0, "excluded_lines": 0, "percent_statements_covered": 100.0, "percent_statements_covered_display": "100.00"}, "missing_lines": [], "excluded_lines": [], "start_line": 1}}, "classes": {"": {"executed_lines": [], "summary": {"covered_lines": 0, "num_statements": 0, "percent_covered": 100.0, "percent_covered_display": "100.00", "missing_lines": 0, "excluded_lines": 0, "percent_statements_covered": 100.0, "percent_statements_covered_display": "100.00"}, "missing_lines": [], "excluded_lines": [], "start_line": 1}}}, "src/lark_service/core/__init__.py": {"executed_lines": [13, 14, 15, 27, 28, 29, 30, 32], "summary": {"covered_lines": 8, "num_statements": 8, "percent_covered": 100.0, "percent_covered_display": "100.00", "missing_lines": 0, "excluded_lines": 0, "percent_statements_covered": 100.0, "percent_statements_covered_display": "100.00"}, "missing_lines": [], "excluded_lines": [], "functions": {"": {"executed_lines": [13, 14, 15, 27, 28, 29, 30, 32], "summary": {"covered_lines": 8, "num_statements": 8, "percent_covered": 100.0, "percent_covered_display": "100.00", "missing_lines": 0, "excluded_lines": 0, "percent_statements_covered": 100.0, "percent_statements_covered_display": "100.00"}, "missing_lines": [], "excluded_lines": [], "start_line": 1}}, "classes": {"": {"executed_lines": [13, 14, 15, 27, 28, 29, 30, 32], "summary": {"covered_lines": 8, "num_statements": 8, "percent_covered": 100.0, "percent_covered_display": "100.00", "missing_lines": 0, "excluded_lines": 0, "percent_statements_covered": 100.0, "percent_statements_covered_display": "100.00"}, "missing_lines": [], "excluded_lines": [], "start_line": 1}}}, "src/lark_service/core/config.py": {"executed_lines": [7, 8, 9, 11, 14, 15, 46, 47, 48, 49, 50, 53, 54, 55, 56, 59, 62, 63, 64, 65, 66, 68, 69, 91, 92, 94, 96, 99, 107, 108, 109, 112, 113, 114, 116, 118, 119, 120, 123, 124, 125, 126, 127, 128, 129, 131, 153, 167, 172, 186], "summary": {"covered_lines": 50, "num_statements": 51, "percent_covered": 98.03921568627452, "percent_covered_display": "98.04", "missing_lines": 1, "excluded_lines": 0, "percent_statements_covered": 98.03921568627452, "percent_statements_covered_display": "98.04"}, "missing_lines": [93], "excluded_lines": [], "functions": {"Config.load_from_env": {"executed_lines": [91, 92, 94, 96, 99, 107, 108, 109, 112, 113, 114, 116, 118, 119, 120, 123, 124, 125, 126, 127, 128, 129, 131], "summary": {"covered_lines": 23, "num_statements": 24, "percent_covered": 95.83333333333333, "percent_covered_display": "95.83", "missing_lines": 1, "excluded_lines": 0, "percent_statements_covered": 95.83333333333333, "percent_statements_covered_display": "95.83"}, "missing_lines": [93], "excluded_lines": [], "start_line": 69}, "Config.get_postgres_url": {"executed_lines": [167], "summary": {"covered_lines": 1, "num_statements": 1, "percent_covered": 100.0, "percent_covered_display": "100.00", "missing_lines": 0, "excluded_lines": 0, "percent_statements_covered": 100.0, "percent_statements_covered_display": "100.00"}, "missing_lines": [], "excluded_lines": [], "start_line": 153}, "Config.get_rabbitmq_url": {"executed_lines": [186], "summary": {"covered_lines": 1, "num_statements": 1, "percent_covered": 100.0, "percent_covered_display": "100.00", "missing_lines": 0, "excluded_lines": 0, "percent_statements_covered": 100.0, "percent_statements_covered_display": "100.00"}, "missing_lines": [], "excluded_lines": [], "start_line": 172}, "": {"executed_lines": [7, 8, 9, 11, 14, 15, 46, 47, 48, 49, 50, 53, 54, 55, 56, 59, 62, 63, 64, 65, 66, 68, 69, 153, 172], "summary": {"covered_lines": 25, "num_statements": 25, "percent_covered": 100.0, "percent_covered_display": "100.00", "missing_lines": 0, "excluded_lines": 0, "percent_statements_covered": 100.0, "percent_statements_covered_display": "100.00"}, "missing_lines": [], "excluded_lines": [], "start_line": 1}}, "classes": {"Config": {"executed_lines": [91, 92, 94, 96, 99, 107, 108, 109, 112, 113, 114, 116, 118, 119, 120, 123, 124, 125, 126, 127, 128, 129, 131, 167, 186], "summary": {"covered_lines": 25, "num_statements": 26, "percent_covered": 96.15384615384616, "percent_covered_display": "96.15", "missing_lines": 1, "excluded_lines": 0, "percent_statements_covered": 96.15384615384616, "percent_statements_covered_display": "96.15"}, "missing_lines": [93], "excluded_lines": [], "start_line": 15}, "": {"executed_lines": [7, 8, 9, 11, 14, 15, 46, 47, 48, 49, 50, 53, 54, 55, 56, 59, 62, 63, 64, 65, 66, 68, 69, 153, 172], "summary": {"covered_lines": 25, "num_statements": 25, "percent_covered": 100.0, "percent_covered_display": "100.00", "missing_lines": 0, "excluded_lines": 0, "percent_statements_covered": 100.0, "percent_statements_covered_display": "100.00"}, "missing_lines": [], "excluded_lines": [], "start_line": 1}}}, "src/lark_service/core/credential_pool.py": {"executed_lines": [6, 7, 9, 10, 12, 13, 17, 18, 19, 20, 21, 22, 24, 27, 42, 63, 64, 65, 66, 67, 73, 75, 77, 89, 93, 94, 95, 100, 101, 127, 139, 185, 243, 267, 269, 276, 277, 278, 280, 281, 290, 292, 300, 303, 305, 327, 329, 345, 348, 350, 351, 353, 361, 365, 368, 369, 370, 372, 374, 377, 384, 393, 395, 410, 412, 414, 415, 425, 435, 436, 437], "summary": {"covered_lines": 71, "num_statements": 108, "percent_covered": 65.74074074074075, "percent_covered_display": "65.74", "missing_lines": 37, "excluded_lines": 0, "percent_statements_covered": 65.74074074074075, "percent_statements_covered_display": "65.74"}, "missing_lines": [90, 107, 110, 118, 120, 125, 141, 142, 149, 151, 152, 161, 162, 164, 166, 175, 177, 178, 179, 180, 197, 199, 200, 207, 209, 210, 219, 220, 222, 224, 233, 235, 236, 237, 238, 270, 420], "excluded_lines": [], "functions": {"CredentialPool.__init__": {"executed_lines": [63, 64, 65, 66, 67, 73, 75], "summary": {"covered_lines": 7, "num_statements": 7, "percent_covered": 100.0, "percent_covered_display": "100.00", "missing_lines": 0, "excluded_lines": 0, "percent_statements_covered": 100.0, "percent_statements_covered_display": "100.00"}, "missing_lines": [], "excluded_lines": [], "start_line": 42}, "CredentialPool._get_sdk_client": {"executed_lines": [89, 93, 94, 95, 100, 101], "summary": {"covered_lines": 6, "num_statements": 12, "percent_covered": 50.0, "percent_covered_display": "50.00", "missing_lines": 6, "excluded_lines": 0, "percent_statements_covered": 50.0, "percent_statements_covered_display": "50.00"}, "missing_lines": [90, 107, 110, 118, 120, 125], "excluded_lines": [], "start_line": 77}, "CredentialPool._fetch_app_access_token": {"executed_lines": [139], "summary": {"covered_lines": 1, "num_statements": 15, "percent_covered": 6.666666666666667, "percent_covered_display": "6.67", "missing_lines": 14, "excluded_lines": 0, "percent_statements_covered": 6.666666666666667, "percent_statements_covered_display": "6.67"}, "missing_lines": [141, 142, 149, 151, 152, 161, 162, 164, 166, 175, 177, 178, 179, 180], "excluded_lines": [], "start_line": 127}, "CredentialPool._fetch_tenant_access_token": {"executed_lines": [], "summary": {"covered_lines": 0, "num_statements": 15, "percent_covered": 0.0, "percent_covered_display": "0.00", "missing_lines": 15, "excluded_lines": 0, "percent_statements_covered": 0.0, "percent_statements_covered_display": "0.00"}, "missing_lines": [197, 199, 200, 207, 209, 210, 219, 220, 222, 224, 233, 235, 236, 237, 238], "excluded_lines": [], "start_line": 185}, "CredentialPool.get_token": {"executed_lines": [267, 269, 276, 277, 278, 280, 281, 290, 292, 300, 303], "summary": {"covered_lines": 11, "num_statements": 12, "percent_covered": 91.66666666666667, "percent_covered_display": "91.67", "missing_lines": 1, "excluded_lines": 0, "percent_statements_covered": 91.66666666666667, "percent_statements_covered_display": "91.67"}, "missing_lines": [270], "excluded_lines": [], "start_line": 243}, "CredentialPool.refresh_token": {"executed_lines": [327], "summary": {"covered_lines": 1, "num_statements": 1, "percent_covered": 100.0, "percent_covered_display": "100.00", "missing_lines": 0, "excluded_lines": 0, "percent_statements_covered": 100.0, "percent_statements_covered_display": "100.00"}, "missing_lines": [], "excluded_lines": [], "start_line": 305}, "CredentialPool._refresh_token_internal": {"executed_lines": [345, 348, 350, 351, 353, 361, 365, 368, 374, 377, 384, 393], "summary": {"covered_lines": 12, "num_statements": 12, "percent_covered": 100.0, "percent_covered_display": "100.00", "missing_lines": 0, "excluded_lines": 0, "percent_statements_covered": 100.0, "percent_statements_covered_display": "100.00"}, "missing_lines": [], "excluded_lines": [], "start_line": 329}, "CredentialPool._refresh_token_internal.fetch_token": {"executed_lines": [369, 370, 372], "summary": {"covered_lines": 3, "num_statements": 3, "percent_covered": 100.0, "percent_covered_display": "100.00", "missing_lines": 0, "excluded_lines": 0, "percent_statements_covered": 100.0, "percent_statements_covered_display": "100.00"}, "missing_lines": [], "excluded_lines": [], "start_line": 368}, "CredentialPool.invalidate_token": {"executed_lines": [410, 412, 414, 415], "summary": {"covered_lines": 4, "num_statements": 5, "percent_covered": 80.0, "percent_covered_display": "80.00", "missing_lines": 1, "excluded_lines": 0, "percent_statements_covered": 80.0, "percent_statements_covered_display": "80.00"}, "missing_lines": [420], "excluded_lines": [], "start_line": 395}, "CredentialPool.close": {"executed_lines": [435, 436, 437], "summary": {"covered_lines": 3, "num_statements": 3, "percent_covered": 100.0, "percent_covered_display": "100.00", "missing_lines": 0, "excluded_lines": 0, "percent_statements_covered": 100.0, "percent_statements_covered_display": "100.00"}, "missing_lines": [], "excluded_lines": [], "start_line": 425}, "": {"executed_lines": [6, 7, 9, 10, 12, 13, 17, 18, 19, 20, 21, 22, 24, 27, 42, 77, 127, 185, 243, 305, 329, 395, 425], "summary": {"covered_lines": 23, "num_statements": 23, "percent_covered": 100.0, "percent_covered_display": "100.00", "missing_lines": 0, "excluded_lines": 0, "percent_statements_covered": 100.0, "percent_statements_covered_display": "100.00"}, "missing_lines": [], "excluded_lines": [], "start_line": 1}}, "classes": {"CredentialPool": {"executed_lines": [63, 64, 65, 66, 67, 73, 75, 89, 93, 94, 95, 100, 101, 139, 267, 269, 276, 277, 278, 280, 281, 290, 292, 300, 303, 327, 345, 348, 350, 351, 353, 361, 365, 368, 369, 370, 372, 374, 377, 384, 393, 410, 412, 414, 415, 435, 436, 437], "summary": {"covered_lines": 48, "num_statements": 85, "percent_covered": 56.470588235294116, "percent_covered_display": "56.47", "missing_lines": 37, "excluded_lines": 0, "percent_statements_covered": 56.470588235294116, "percent_statements_covered_display": "56.47"}, "missing_lines": [90, 107, 110, 118, 120, 125, 141, 142, 149, 151, 152, 161, 162, 164, 166, 175, 177, 178, 179, 180, 197, 199, 200, 207, 209, 210, 219, 220, 222, 224, 233, 235, 236, 237, 238, 270, 420], "excluded_lines": [], "start_line": 27}, "": {"executed_lines": [6, 7, 9, 10, 12, 13, 17, 18, 19, 20, 21, 22, 24, 27, 42, 77, 127, 185, 243, 305, 329, 395, 425], "summary": {"covered_lines": 23, "num_statements": 23, "percent_covered": 100.0, "percent_covered_display": "100.00", "missing_lines": 0, "excluded_lines": 0, "percent_statements_covered": 100.0, "percent_statements_covered_display": "100.00"}, "missing_lines": [], "excluded_lines": [], "start_line": 1}}}, "src/lark_service/core/exceptions.py": {"executed_lines": [6, 9, 21, 32, 33, 34, 35, 38, 48, 51, 64, 67, 80, 83, 95, 113, 114, 115, 116, 119, 129, 138, 139, 142, 155, 158, 171, 174, 185, 197, 198, 199, 202, 215], "summary": {"covered_lines": 34, "num_statements": 34, "percent_covered": 100.0, "percent_covered_display": "100.00", "missing_lines": 0, "excluded_lines": 0, "percent_statements_covered": 100.0, "percent_statements_covered_display": "100.00"}, "missing_lines": [], "excluded_lines": [], "functions": {"LarkServiceError.__init__": {"executed_lines": [32, 33, 34, 35], "summary": {"covered_lines": 4, "num_statements": 4, "percent_covered": 100.0, "percent_covered_display": "100.00", "missing_lines": 0, "excluded_lines": 0, "percent_statements_covered": 100.0, "percent_statements_covered_display": "100.00"}, "missing_lines": [], "excluded_lines": [], "start_line": 21}, "APIError.__init__": {"executed_lines": [113, 114, 115, 116], "summary": {"covered_lines": 4, "num_statements": 4, "percent_covered": 100.0, "percent_covered_display": "100.00", "missing_lines": 0, "excluded_lines": 0, "percent_statements_covered": 100.0, "percent_statements_covered_display": "100.00"}, "missing_lines": [], "excluded_lines": [], "start_line": 95}, "RateLimitError.__init__": {"executed_lines": [138, 139], "summary": {"covered_lines": 2, "num_statements": 2, "percent_covered": 100.0, "percent_covered_display": "100.00", "missing_lines": 0, "excluded_lines": 0, "percent_statements_covered": 100.0, "percent_statements_covered_display": "100.00"}, "missing_lines": [], "excluded_lines": [], "start_line": 129}, "LockAcquisitionError.__init__": {"executed_lines": [197, 198, 199], "summary": {"covered_lines": 3, "num_statements": 3, "percent_covered": 100.0, "percent_covered_display": "100.00", "missing_lines": 0, "excluded_lines": 0, "percent_statements_covered": 100.0, "percent_statements_covered_display": "100.00"}, "missing_lines": [], "excluded_lines": [], "start_line": 185}, "": {"executed_lines": [6, 9, 21, 38, 48, 51, 64, 67, 80, 83, 95, 119, 129, 142, 155, 158, 171, 174, 185, 202, 215], "summary": {"covered_lines": 21, "num_statements": 21, "percent_covered": 100.0, "percent_covered_display": "100.00", "missing_lines": 0, "excluded_lines": 0, "percent_statements_covered": 100.0, "percent_statements_covered_display": "100.00"}, "missing_lines": [], "excluded_lines": [], "start_line": 1}}, "classes": {"LarkServiceError": {"executed_lines": [32, 33, 34, 35], "summary": {"covered_lines": 4, "num_statements": 4, "percent_covered": 100.0, "percent_covered_display": "100.00", "missing_lines": 0, "excluded_lines": 0, "percent_statements_covered": 100.0, "percent_statements_covered_display": "100.00"}, "missing_lines": [], "excluded_lines": [], "start_line": 9}, "ConfigError": {"executed_lines": [], "summary": {"covered_lines": 0, "num_statements": 0, "percent_covered": 100.0, "percent_covered_display": "100.00", "missing_lines": 0, "excluded_lines": 0, "percent_statements_covered": 100.0, "percent_statements_covered_display": "100.00"}, "missing_lines": [], "excluded_lines": [], "start_line": 38}, "TokenAcquisitionError": {"executed_lines": [], "summary": {"covered_lines": 0, "num_statements": 0, "percent_covered": 100.0, "percent_covered_display": "100.00", "missing_lines": 0, "excluded_lines": 0, "percent_statements_covered": 100.0, "percent_statements_covered_display": "100.00"}, "missing_lines": [], "excluded_lines": [], "start_line": 51}, "TokenExpiredError": {"executed_lines": [], "summary": {"covered_lines": 0, "num_statements": 0, "percent_covered": 100.0, "percent_covered_display": "100.00", "missing_lines": 0, "excluded_lines": 0, "percent_statements_covered": 100.0, "percent_statements_covered_display": "100.00"}, "missing_lines": [], "excluded_lines": [], "start_line": 67}, "APIError": {"executed_lines": [113, 114, 115, 116], "summary": {"covered_lines": 4, "num_statements": 4, "percent_covered": 100.0, "percent_covered_display": "100.00", "missing_lines": 0, "excluded_lines": 0, "percent_statements_covered": 100.0, "percent_statements_covered_display": "100.00"}, "missing_lines": [], "excluded_lines": [], "start_line": 83}, "RateLimitError": {"executed_lines": [138, 139], "summary": {"covered_lines": 2, "num_statements": 2, "percent_covered": 100.0, "percent_covered_display": "100.00", "missing_lines": 0, "excluded_lines": 0, "percent_statements_covered": 100.0, "percent_statements_covered_display": "100.00"}, "missing_lines": [], "excluded_lines": [], "start_line": 119}, "ValidationError": {"executed_lines": [], "summary": {"covered_lines": 0, "num_statements": 0, "percent_covered": 100.0, "percent_covered_display": "100.00", "missing_lines": 0, "excluded_lines": 0, "percent_statements_covered": 100.0, "percent_statements_covered_display": "100.00"}, "missing_lines": [], "excluded_lines": [], "start_line": 142}, "StorageError": {"executed_lines": [], "summary": {"covered_lines": 0, "num_statements": 0, "percent_covered": 100.0, "percent_covered_display": "100.00", "missing_lines": 0, "excluded_lines": 0, "percent_statements_covered": 100.0, "percent_statements_covered_display": "100.00"}, "missing_lines": [], "excluded_lines": [], "start_line": 158}, "LockAcquisitionError": {"executed_lines": [197, 198, 199], "summary": {"covered_lines": 3, "num_statements": 3, "percent_covered": 100.0, "percent_covered_display": "100.00", "missing_lines": 0, "excluded_lines": 0, "percent_statements_covered": 100.0, "percent_statements_covered_display": "100.00"}, "missing_lines": [], "excluded_lines": [], "start_line": 174}, "AuthenticationError": {"executed_lines": [], "summary": {"covered_lines": 0, "num_statements": 0, "percent_covered": 100.0, "percent_covered_display": "100.00", "missing_lines": 0, "excluded_lines": 0, "percent_statements_covered": 100.0, "percent_statements_covered_display": "100.00"}, "missing_lines": [], "excluded_lines": [], "start_line": 202}, "": {"executed_lines": [6, 9, 21, 38, 48, 51, 64, 67, 80, 83, 95, 119, 129, 142, 155, 158, 171, 174, 185, 202, 215], "summary": {"covered_lines": 21, "num_statements": 21, "percent_covered": 100.0, "percent_covered_display": "100.00", "missing_lines": 0, "excluded_lines": 0, "percent_statements_covered": 100.0, "percent_statements_covered_display": "100.00"}, "missing_lines": [], "excluded_lines": [], "start_line": 1}}}, "src/lark_service/core/lock_manager.py": {"executed_lines": [6, 7, 8, 10, 12, 13, 15, 18, 31, 41, 42, 43, 46, 47, 49, 54, 63, 64, 65, 66, 68, 77, 79, 107, 108, 110, 111, 112, 115, 116, 117, 118, 119, 124, 125, 132, 133, 151, 156, 158, 181, 182, 183, 191, 192, 193, 200, 205, 213, 227, 239, 252, 253, 254, 255, 256, 258, 267, 271, 273, 283, 284], "summary": {"covered_lines": 62, "num_statements": 74, "percent_covered": 83.78378378378379, "percent_covered_display": "83.78", "missing_lines": 12, "excluded_lines": 0, "percent_statements_covered": 83.78378378378379, "percent_statements_covered_display": "83.78"}, "missing_lines": [134, 136, 137, 142, 144, 145, 184, 185, 194, 195, 211, 224], "excluded_lines": [], "functions": {"TokenRefreshLock.__init__": {"executed_lines": [41, 42, 43, 46, 47, 49], "summary": {"covered_lines": 6, "num_statements": 6, "percent_covered": 100.0, "percent_covered_display": "100.00", "missing_lines": 0, "excluded_lines": 0, "percent_statements_covered": 100.0, "percent_statements_covered_display": "100.00"}, "missing_lines": [], "excluded_lines": [], "start_line": 31}, "TokenRefreshLock._get_thread_lock": {"executed_lines": [63, 64, 65, 66], "summary": {"covered_lines": 4, "num_statements": 4, "percent_covered": 100.0, "percent_covered_display": "100.00", "missing_lines": 0, "excluded_lines": 0, "percent_statements_covered": 100.0, "percent_statements_covered_display": "100.00"}, "missing_lines": [], "excluded_lines": [], "start_line": 54}, "TokenRefreshLock._get_file_lock_path": {"executed_lines": [77], "summary": {"covered_lines": 1, "num_statements": 1, "percent_covered": 100.0, "percent_covered_display": "100.00", "missing_lines": 0, "excluded_lines": 0, "percent_statements_covered": 100.0, "percent_statements_covered_display": "100.00"}, "missing_lines": [], "excluded_lines": [], "start_line": 68}, "TokenRefreshLock.acquire": {"executed_lines": [107, 108, 110, 111, 112, 115, 116, 117, 118, 119, 124, 125, 132, 133, 151, 156], "summary": {"covered_lines": 16, "num_statements": 22, "percent_covered": 72.72727272727273, "percent_covered_display": "72.73", "missing_lines": 6, "excluded_lines": 0, "percent_statements_covered": 72.72727272727273, "percent_statements_covered_display": "72.73"}, "missing_lines": [134, 136, 137, 142, 144, 145], "excluded_lines": [], "start_line": 79}, "TokenRefreshLock.release": {"executed_lines": [181, 182, 183, 191, 192, 193, 200], "summary": {"covered_lines": 7, "num_statements": 11, "percent_covered": 63.63636363636363, "percent_covered_display": "63.64", "missing_lines": 4, "excluded_lines": 0, "percent_statements_covered": 63.63636363636363, "percent_statements_covered_display": "63.64"}, "missing_lines": [184, 185, 194, 195], "excluded_lines": [], "start_line": 158}, "TokenRefreshLock.__enter__": {"executed_lines": [], "summary": {"covered_lines": 0, "num_statements": 1, "percent_covered": 0.0, "percent_covered_display": "0.00", "missing_lines": 1, "excluded_lines": 0, "percent_statements_covered": 0.0, "percent_statements_covered_display": "0.00"}, "missing_lines": [211], "excluded_lines": [], "start_line": 205}, "TokenRefreshLock.__exit__": {"executed_lines": [], "summary": {"covered_lines": 0, "num_statements": 1, "percent_covered": 0.0, "percent_covered_display": "0.00", "missing_lines": 1, "excluded_lines": 0, "percent_statements_covered": 0.0, "percent_statements_covered_display": "0.00"}, "missing_lines": [224], "excluded_lines": [], "start_line": 213}, "RefreshLockContext.__init__": {"executed_lines": [252, 253, 254, 255, 256], "summary": {"covered_lines": 5, "num_statements": 5, "percent_covered": 100.0, "percent_covered_display": "100.00", "missing_lines": 0, "excluded_lines": 0, "percent_statements_covered": 100.0, "percent_statements_covered_display": "100.00"}, "missing_lines": [], "excluded_lines": [], "start_line": 239}, "RefreshLockContext.__enter__": {"executed_lines": [267, 271], "summary": {"covered_lines": 2, "num_statements": 2, "percent_covered": 100.0, "percent_covered_display": "100.00", "missing_lines": 0, "excluded_lines": 0, "percent_statements_covered": 100.0, "percent_statements_covered_display": "100.00"}, "missing_lines": [], "excluded_lines": [], "start_line": 258}, "RefreshLockContext.__exit__": {"executed_lines": [283, 284], "summary": {"covered_lines": 2, "num_statements": 2, "percent_covered": 100.0, "percent_covered_display": "100.00", "missing_lines": 0, "excluded_lines": 0, "percent_statements_covered": 100.0, "percent_statements_covered_display": "100.00"}, "missing_lines": [], "excluded_lines": [], "start_line": 273}, "": {"executed_lines": [6, 7, 8, 10, 12, 13, 15, 18, 31, 54, 68, 79, 158, 205, 213, 227, 239, 258, 273], "summary": {"covered_lines": 19, "num_statements": 19, "percent_covered": 100.0, "percent_covered_display": "100.00", "missing_lines": 0, "excluded_lines": 0, "percent_statements_covered": 100.0, "percent_statements_covered_display": "100.00"}, "missing_lines": [], "excluded_lines": [], "start_line": 1}}, "classes": {"TokenRefreshLock": {"executed_lines": [41, 42, 43, 46, 47, 49, 63, 64, 65, 66, 77, 107, 108, 110, 111, 112, 115, 116, 117, 118, 119, 124, 125, 132, 133, 151, 156, 181, 182, 183, 191, 192, 193, 200], "summary": {"covered_lines": 34, "num_statements": 46, "percent_covered": 73.91304347826087, "percent_covered_display": "73.91", "missing_lines": 12, "excluded_lines": 0, "percent_statements_covered": 73.91304347826087, "percent_statements_covered_display": "73.91"}, "missing_lines": [134, 136, 137, 142, 144, 145, 184, 185, 194, 195, 211, 224], "excluded_lines": [], "start_line": 18}, "RefreshLockContext": {"executed_lines": [252, 253, 254, 255, 256, 267, 271, 283, 284], "summary": {"covered_lines": 9, "num_statements": 9, "percent_covered": 100.0, "percent_covered_display": "100.00", "missing_lines": 0, "excluded_lines": 0, "percent_statements_covered": 100.0, "percent_statements_covered_display": "100.00"}, "missing_lines": [], "excluded_lines": [], "start_line": 227}, "": {"executed_lines": [6, 7, 8, 10, 12, 13, 15, 18, 31, 54, 68, 79, 158, 205, 213, 227, 239, 258, 273], "summary": {"covered_lines": 19, "num_statements": 19, "percent_covered": 100.0, "percent_covered_display": "100.00", "missing_lines": 0, "excluded_lines": 0, "percent_statements_covered": 100.0, "percent_statements_covered_display": "100.00"}, "missing_lines": [], "excluded_lines": [], "start_line": 1}}}, "src/lark_service/core/models/__init__.py": {"executed_lines": [3, 4, 7, 8, 10], "summary": {"covered_lines": 5, "num_statements": 5, "percent_covered": 100.0, "percent_covered_display": "100.00", "missing_lines": 0, "excluded_lines": 0, "percent_statements_covered": 100.0, "percent_statements_covered_display": "100.00"}, "missing_lines": [], "excluded_lines": [], "functions": {"": {"executed_lines": [3, 4, 7, 8, 10], "summary": {"covered_lines": 5, "num_statements": 5, "percent_covered": 100.0, "percent_covered_display": "100.00", "missing_lines": 0, "excluded_lines": 0, "percent_statements_covered": 100.0, "percent_statements_covered_display": "100.00"}, "missing_lines": [], "excluded_lines": [], "start_line": 1}}, "classes": {"": {"executed_lines": [3, 4, 7, 8, 10], "summary": {"covered_lines": 5, "num_statements": 5, "percent_covered": 100.0, "percent_covered_display": "100.00", "missing_lines": 0, "excluded_lines": 0, "percent_statements_covered": 100.0, "percent_statements_covered_display": "100.00"}, "missing_lines": [], "excluded_lines": [], "start_line": 1}}}, "src/lark_service/core/models/application.py": {"executed_lines": [7, 9, 10, 11, 14, 17, 20, 50, 52, 53, 54, 55, 56, 57, 58, 59, 60, 62, 69, 71, 87, 88, 90, 102, 103], "summary": {"covered_lines": 25, "num_statements": 25, "percent_covered": 100.0, "percent_covered_display": "100.00", "missing_lines": 0, "excluded_lines": 7, "percent_statements_covered": 100.0, "percent_statements_covered_display": "100.00"}, "missing_lines": [], "excluded_lines": [105, 106, 107, 108, 109, 110, 111], "functions": {"Application.is_active": {"executed_lines": [69], "summary": {"covered_lines": 1, "num_statements": 1, "percent_covered": 100.0, "percent_covered_display": "100.00", "missing_lines": 0, "excluded_lines": 0, "percent_statements_covered": 100.0, "percent_statements_covered_display": "100.00"}, "missing_lines": [], "excluded_lines": [], "start_line": 62}, "Application.get_decrypted_secret": {"executed_lines": [87, 88], "summary": {"covered_lines": 2, "num_statements": 2, "percent_covered": 100.0, "percent_covered_display": "100.00", "missing_lines": 0, "excluded_lines": 0, "percent_statements_covered": 100.0, "percent_statements_covered_display": "100.00"}, "missing_lines": [], "excluded_lines": [], "start_line": 71}, "Application.set_encrypted_secret": {"executed_lines": [102, 103], "summary": {"covered_lines": 2, "num_statements": 2, "percent_covered": 100.0, "percent_covered_display": "100.00", "missing_lines": 0, "excluded_lines": 0, "percent_statements_covered": 100.0, "percent_statements_covered_display": "100.00"}, "missing_lines": [], "excluded_lines": [], "start_line": 90}, "Application.__repr__": {"executed_lines": [], "summary": {"covered_lines": 0, "num_statements": 0, "percent_covered": 100.0, "percent_covered_display": "100.00", "missing_lines": 0, "excluded_lines": 6, "percent_statements_covered": 100.0, "percent_statements_covered_display": "100.00"}, "missing_lines": [], "excluded_lines": [106, 107, 108, 109, 110, 111], "start_line": 105}, "": {"executed_lines": [7, 9, 10, 11, 14, 17, 20, 50, 52, 53, 54, 55, 56, 57, 58, 59, 60, 62, 71, 90], "summary": {"covered_lines": 20, "num_statements": 20, "percent_covered": 100.0, "percent_covered_display": "100.00", "missing_lines": 0, "excluded_lines": 1, "percent_statements_covered": 100.0, "percent_statements_covered_display": "100.00"}, "missing_lines": [], "excluded_lines": [105], "start_line": 1}}, "classes": {"ConfigBase": {"executed_lines": [], "summary": {"covered_lines": 0, "num_statements": 0, "percent_covered": 100.0, "percent_covered_display": "100.00", "missing_lines": 0, "excluded_lines": 0, "percent_statements_covered": 100.0, "percent_statements_covered_display": "100.00"}, "missing_lines": [], "excluded_lines": [], "start_line": 14}, "Application": {"executed_lines": [69, 87, 88, 102, 103], "summary": {"covered_lines": 5, "num_statements": 5, "percent_covered": 100.0, "percent_covered_display": "100.00", "missing_lines": 0, "excluded_lines": 6, "percent_statements_covered": 100.0, "percent_statements_covered_display": "100.00"}, "missing_lines": [], "excluded_lines": [106, 107, 108, 109, 110, 111], "start_line": 20}, "": {"executed_lines": [7, 9, 10, 11, 14, 17, 20, 50, 52, 53, 54, 55, 56, 57, 58, 59, 60, 62, 71, 90], "summary": {"covered_lines": 20, "num_statements": 20, "percent_covered": 100.0, "percent_covered_display": "100.00", "missing_lines": 0, "excluded_lines": 1, "percent_statements_covered": 100.0, "percent_statements_covered_display": "100.00"}, "missing_lines": [], "excluded_lines": [105], "start_line": 1}}}, "src/lark_service/core/models/auth_session.py": {"executed_lines": [7, 9, 10, 13, 16, 19, 54, 56, 57, 58, 59, 60, 61, 62, 63, 64, 65, 66, 67, 69, 74, 89, 98, 112], "summary": {"covered_lines": 24, "num_statements": 35, "percent_covered": 68.57142857142857, "percent_covered_display": "68.57", "missing_lines": 11, "excluded_lines": 9, "percent_statements_covered": 68.57142857142857, "percent_statements_covered_display": "68.57"}, "missing_lines": [85, 86, 87, 96, 107, 108, 109, 110, 123, 124, 125], "excluded_lines": [127, 128, 129, 130, 131, 132, 133, 134, 135], "functions": {"UserAuthSession.is_expired": {"executed_lines": [], "summary": {"covered_lines": 0, "num_statements": 3, "percent_covered": 0.0, "percent_covered_display": "0.00", "missing_lines": 3, "excluded_lines": 0, "percent_statements_covered": 0.0, "percent_statements_covered_display": "0.00"}, "missing_lines": [85, 86, 87], "excluded_lines": [], "start_line": 74}, "UserAuthSession.is_completed": {"executed_lines": [], "summary": {"covered_lines": 0, "num_statements": 1, "percent_covered": 0.0, "percent_covered_display": "0.00", "missing_lines": 1, "excluded_lines": 0, "percent_statements_covered": 0.0, "percent_statements_covered_display": "0.00"}, "missing_lines": [96], "excluded_lines": [], "start_line": 89}, "UserAuthSession.complete": {"executed_lines": [], "summary": {"covered_lines": 0, "num_statements": 4, "percent_covered": 0.0, "percent_covered_display": "0.00", "missing_lines": 4, "excluded_lines": 0, "percent_statements_covered": 0.0, "percent_statements_covered_display": "0.00"}, "missing_lines": [107, 108, 109, 110], "excluded_lines": [], "start_line": 98}, "UserAuthSession.get_remaining_seconds": {"executed_lines": [], "summary": {"covered_lines": 0, "num_statements": 3, "percent_covered": 0.0, "percent_covered_display": "0.00", "missing_lines": 3, "excluded_lines": 0, "percent_statements_covered": 0.0, "percent_statements_covered_display": "0.00"}, "missing_lines": [123, 124, 125], "excluded_lines": [], "start_line": 112}, "UserAuthSession.__repr__": {"executed_lines": [], "summary": {"covered_lines": 0, "num_statements": 0, "percent_covered": 100.0, "percent_covered_display": "100.00", "missing_lines": 0, "excluded_lines": 8, "percent_statements_covered": 100.0, "percent_statements_covered_display": "100.00"}, "missing_lines": [], "excluded_lines": [128, 129, 130, 131, 132, 133, 134, 135], "start_line": 127}, "": {"executed_lines": [7, 9, 10, 13, 16, 19, 54, 56, 57, 58, 59, 60, 61, 62, 63, 64, 65, 66, 67, 69, 74, 89, 98, 112], "summary": {"covered_lines": 24, "num_statements": 24, "percent_covered": 100.0, "percent_covered_display": "100.00", "missing_lines": 0, "excluded_lines": 1, "percent_statements_covered": 100.0, "percent_statements_covered_display": "100.00"}, "missing_lines": [], "excluded_lines": [127], "start_line": 1}}, "classes": {"Base": {"executed_lines": [], "summary": {"covered_lines": 0, "num_statements": 0, "percent_covered": 100.0, "percent_covered_display": "100.00", "missing_lines": 0, "excluded_lines": 0, "percent_statements_covered": 100.0, "percent_statements_covered_display": "100.00"}, "missing_lines": [], "excluded_lines": [], "start_line": 13}, "UserAuthSession": {"executed_lines": [], "summary": {"covered_lines": 0, "num_statements": 11, "percent_covered": 0.0, "percent_covered_display": "0.00", "missing_lines": 11, "excluded_lines": 8, "percent_statements_covered": 0.0, "percent_statements_covered_display": "0.00"}, "missing_lines": [85, 86, 87, 96, 107, 108, 109, 110, 123, 124, 125], "excluded_lines": [128, 129, 130, 131, 132, 133, 134, 135], "start_line": 19}, "": {"executed_lines": [7, 9, 10, 13, 16, 19, 54, 56, 57, 58, 59, 60, 61, 62, 63, 64, 65, 66, 67, 69, 74, 89, 98, 112], "summary": {"covered_lines": 24, "num_statements": 24, "percent_covered": 100.0, "percent_covered_display": "100.00", "missing_lines": 0, "excluded_lines": 1, "percent_statements_covered": 100.0, "percent_statements_covered_display": "100.00"}, "missing_lines": [], "excluded_lines": [127], "start_line": 1}}}, "src/lark_service/core/models/token_storage.py": {"executed_lines": [7, 9, 10, 13, 16, 19, 49, 51, 52, 53, 54, 55, 56, 57, 59, 64, 75, 76, 77, 79, 98, 99, 101, 102, 105, 106, 109, 111, 122, 123, 124], "summary": {"covered_lines": 31, "num_statements": 31, "percent_covered": 100.0, "percent_covered_display": "100.00", "missing_lines": 0, "excluded_lines": 8, "percent_statements_covered": 100.0, "percent_statements_covered_display": "100.00"}, "missing_lines": [], "excluded_lines": [126, 127, 128, 129, 130, 131, 132, 133], "functions": {"TokenStorage.is_expired": {"executed_lines": [75, 76, 77], "summary": {"covered_lines": 3, "num_statements": 3, "percent_covered": 100.0, "percent_covered_display": "100.00", "missing_lines": 0, "excluded_lines": 0, "percent_statements_covered": 100.0, "percent_statements_covered_display": "100.00"}, "missing_lines": [], "excluded_lines": [], "start_line": 64}, "TokenStorage.should_refresh": {"executed_lines": [98, 99, 101, 102, 105, 106, 109], "summary": {"covered_lines": 7, "num_statements": 7, "percent_covered": 100.0, "percent_covered_display": "100.00", "missing_lines": 0, "excluded_lines": 0, "percent_statements_covered": 100.0, "percent_statements_covered_display": "100.00"}, "missing_lines": [], "excluded_lines": [], "start_line": 79}, "TokenStorage.get_remaining_seconds": {"executed_lines": [122, 123, 124], "summary": {"covered_lines": 3, "num_statements": 3, "percent_covered": 100.0, "percent_covered_display": "100.00", "missing_lines": 0, "excluded_lines": 0, "percent_statements_covered": 100.0, "percent_statements_covered_display": "100.00"}, "missing_lines": [], "excluded_lines": [], "start_line": 111}, "TokenStorage.__repr__": {"executed_lines": [], "summary": {"covered_lines": 0, "num_statements": 0, "percent_covered": 100.0, "percent_covered_display": "100.00", "missing_lines": 0, "excluded_lines": 7, "percent_statements_covered": 100.0, "percent_statements_covered_display": "100.00"}, "missing_lines": [], "excluded_lines": [127, 128, 129, 130, 131, 132, 133], "start_line": 126}, "": {"executed_lines": [7, 9, 10, 13, 16, 19, 49, 51, 52, 53, 54, 55, 56, 57, 59, 64, 79, 111], "summary": {"covered_lines": 18, "num_statements": 18, "percent_covered": 100.0, "percent_covered_display": "100.00", "missing_lines": 0, "excluded_lines": 1, "percent_statements_covered": 100.0, "percent_statements_covered_display": "100.00"}, "missing_lines": [], "excluded_lines": [126], "start_line": 1}}, "classes": {"Base": {"executed_lines": [], "summary": {"covered_lines": 0, "num_statements": 0, "percent_covered": 100.0, "percent_covered_display": "100.00", "missing_lines": 0, "excluded_lines": 0, "percent_statements_covered": 100.0, "percent_statements_covered_display": "100.00"}, "missing_lines": [], "excluded_lines": [], "start_line": 13}, "TokenStorage": {"executed_lines": [75, 76, 77, 98, 99, 101, 102, 105, 106, 109, 122, 123, 124], "summary": {"covered_lines": 13, "num_statements": 13, "percent_covered": 100.0, "percent_covered_display": "100.00", "missing_lines": 0, "excluded_lines": 7, "percent_statements_covered": 100.0, "percent_statements_covered_display": "100.00"}, "missing_lines": [], "excluded_lines": [127, 128, 129, 130, 131, 132, 133], "start_line": 19}, "": {"executed_lines": [7, 9, 10, 13, 16, 19, 49, 51, 52, 53, 54, 55, 56, 57, 59, 64, 79, 111], "summary": {"covered_lines": 18, "num_statements": 18, "percent_covered": 100.0, "percent_covered_display": "100.00", "missing_lines": 0, "excluded_lines": 1, "percent_statements_covered": 100.0, "percent_statements_covered_display": "100.00"}, "missing_lines": [], "excluded_lines": [126], "start_line": 1}}}, "src/lark_service/core/models/user_cache.py": {"executed_lines": [7, 9, 10, 13, 16, 19, 53, 55, 56, 57, 58, 59, 60, 61, 62, 63, 64, 65, 66, 68, 75, 90, 105], "summary": {"covered_lines": 23, "num_statements": 32, "percent_covered": 71.875, "percent_covered_display": "71.88", "missing_lines": 9, "excluded_lines": 9, "percent_statements_covered": 71.875, "percent_statements_covered_display": "71.88"}, "missing_lines": [86, 87, 88, 101, 102, 103, 107, 108, 109], "excluded_lines": [111, 112, 113, 114, 115, 116, 117, 118, 119], "functions": {"UserCache.is_expired": {"executed_lines": [], "summary": {"covered_lines": 0, "num_statements": 3, "percent_covered": 0.0, "percent_covered_display": "0.00", "missing_lines": 3, "excluded_lines": 0, "percent_statements_covered": 0.0, "percent_statements_covered_display": "0.00"}, "missing_lines": [86, 87, 88], "excluded_lines": [], "start_line": 75}, "UserCache.get_remaining_seconds": {"executed_lines": [], "summary": {"covered_lines": 0, "num_statements": 3, "percent_covered": 0.0, "percent_covered_display": "0.00", "missing_lines": 3, "excluded_lines": 0, "percent_statements_covered": 0.0, "percent_statements_covered_display": "0.00"}, "missing_lines": [101, 102, 103], "excluded_lines": [], "start_line": 90}, "UserCache.refresh_expiration": {"executed_lines": [], "summary": {"covered_lines": 0, "num_statements": 3, "percent_covered": 0.0, "percent_covered_display": "0.00", "missing_lines": 3, "excluded_lines": 0, "percent_statements_covered": 0.0, "percent_statements_covered_display": "0.00"}, "missing_lines": [107, 108, 109], "excluded_lines": [], "start_line": 105}, "UserCache.__repr__": {"executed_lines": [], "summary": {"covered_lines": 0, "num_statements": 0, "percent_covered": 100.0, "percent_covered_display": "100.00", "missing_lines": 0, "excluded_lines": 8, "percent_statements_covered": 100.0, "percent_statements_covered_display": "100.00"}, "missing_lines": [], "excluded_lines": [112, 113, 114, 115, 116, 117, 118, 119], "start_line": 111}, "": {"executed_lines": [7, 9, 10, 13, 16, 19, 53, 55, 56, 57, 58, 59, 60, 61, 62, 63, 64, 65, 66, 68, 75, 90, 105], "summary": {"covered_lines": 23, "num_statements": 23, "percent_covered": 100.0, "percent_covered_display": "100.00", "missing_lines": 0, "excluded_lines": 1, "percent_statements_covered": 100.0, "percent_statements_covered_display": "100.00"}, "missing_lines": [], "excluded_lines": [111], "start_line": 1}}, "classes": {"Base": {"executed_lines": [], "summary": {"covered_lines": 0, "num_statements": 0, "percent_covered": 100.0, "percent_covered_display": "100.00", "missing_lines": 0, "excluded_lines": 0, "percent_statements_covered": 100.0, "percent_statements_covered_display": "100.00"}, "missing_lines": [], "excluded_lines": [], "start_line": 13}, "UserCache": {"executed_lines": [], "summary": {"covered_lines": 0, "num_statements": 9, "percent_covered": 0.0, "percent_covered_display": "0.00", "missing_lines": 9, "excluded_lines": 8, "percent_statements_covered": 0.0, "percent_statements_covered_display": "0.00"}, "missing_lines": [86, 87, 88, 101, 102, 103, 107, 108, 109], "excluded_lines": [112, 113, 114, 115, 116, 117, 118, 119], "start_line": 19}, "": {"executed_lines": [7, 9, 10, 13, 16, 19, 53, 55, 56, 57, 58, 59, 60, 61, 62, 63, 64, 65, 66, 68, 75, 90, 105], "summary": {"covered_lines": 23, "num_statements": 23, "percent_covered": 100.0, "percent_covered_display": "100.00", "missing_lines": 0, "excluded_lines": 1, "percent_statements_covered": 100.0, "percent_statements_covered_display": "100.00"}, "missing_lines": [], "excluded_lines": [111], "start_line": 1}}}, "src/lark_service/core/response.py": {"executed_lines": [6, 8, 10, 13, 24, 25, 26, 27, 30, 68, 69, 70, 71, 72, 74, 75, 95, 96, 123, 132], "summary": {"covered_lines": 20, "num_statements": 26, "percent_covered": 76.92307692307692, "percent_covered_display": "76.92", "missing_lines": 6, "excluded_lines": 0, "percent_statements_covered": 76.92307692307692, "percent_statements_covered_display": "76.92"}, "missing_lines": [93, 116, 117, 119, 130, 139], "excluded_lines": [], "functions": {"StandardResponse.success": {"executed_lines": [], "summary": {"covered_lines": 0, "num_statements": 1, "percent_covered": 0.0, "percent_covered_display": "0.00", "missing_lines": 1, "excluded_lines": 0, "percent_statements_covered": 0.0, "percent_statements_covered_display": "0.00"}, "missing_lines": [93], "excluded_lines": [], "start_line": 75}, "StandardResponse.error": {"executed_lines": [], "summary": {"covered_lines": 0, "num_statements": 3, "percent_covered": 0.0, "percent_covered_display": "0.00", "missing_lines": 3, "excluded_lines": 0, "percent_statements_covered": 0.0, "percent_statements_covered_display": "0.00"}, "missing_lines": [116, 117, 119], "excluded_lines": [], "start_line": 96}, "StandardResponse.is_success": {"executed_lines": [], "summary": {"covered_lines": 0, "num_statements": 1, "percent_covered": 0.0, "percent_covered_display": "0.00", "missing_lines": 1, "excluded_lines": 0, "percent_statements_covered": 0.0, "percent_statements_covered_display": "0.00"}, "missing_lines": [130], "excluded_lines": [], "start_line": 123}, "StandardResponse.is_error": {"executed_lines": [], "summary": {"covered_lines": 0, "num_statements": 1, "percent_covered": 0.0, "percent_covered_display": "0.00", "missing_lines": 1, "excluded_lines": 0, "percent_statements_covered": 0.0, "percent_statements_covered_display": "0.00"}, "missing_lines": [139], "excluded_lines": [], "start_line": 132}, "": {"executed_lines": [6, 8, 10, 13, 24, 25, 26, 27, 30, 68, 69, 70, 71, 72, 74, 75, 95, 96, 123, 132], "summary": {"covered_lines": 20, "num_statements": 20, "percent_covered": 100.0, "percent_covered_display": "100.00", "missing_lines": 0, "excluded_lines": 0, "percent_statements_covered": 100.0, "percent_statements_covered_display": "100.00"}, "missing_lines": [], "excluded_lines": [], "start_line": 1}}, "classes": {"ErrorDetail": {"executed_lines": [], "summary": {"covered_lines": 0, "num_statements": 0, "percent_covered": 100.0, "percent_covered_display": "100.00", "missing_lines": 0, "excluded_lines": 0, "percent_statements_covered": 100.0, "percent_statements_covered_display": "100.00"}, "missing_lines": [], "excluded_lines": [], "start_line": 13}, "StandardResponse": {"executed_lines": [], "summary": {"covered_lines": 0, "num_statements": 6, "percent_covered": 0.0, "percent_covered_display": "0.00", "missing_lines": 6, "excluded_lines": 0, "percent_statements_covered": 0.0, "percent_statements_covered_display": "0.00"}, "missing_lines": [93, 116, 117, 119, 130, 139], "excluded_lines": [], "start_line": 30}, "": {"executed_lines": [6, 8, 10, 13, 24, 25, 26, 27, 30, 68, 69, 70, 71, 72, 74, 75, 95, 96, 123, 132], "summary": {"covered_lines": 20, "num_statements": 20, "percent_covered": 100.0, "percent_covered_display": "100.00", "missing_lines": 0, "excluded_lines": 0, "percent_statements_covered": 100.0, "percent_statements_covered_display": "100.00"}, "missing_lines": [], "excluded_lines": [], "start_line": 1}}}, "src/lark_service/core/retry.py": {"executed_lines": [6, 7, 8, 10, 11, 13, 15, 18, 28, 46, 47, 48, 49, 51, 61, 79, 80, 82, 108, 110, 111, 112, 113, 114, 118, 120, 121, 122, 124, 134, 135, 136, 138, 145, 147, 148, 151, 152, 160, 162, 164, 174, 175, 176, 178, 185, 187, 188, 189, 191, 202, 203, 204, 206, 213, 221, 245, 246, 247, 253, 255, 257], "summary": {"covered_lines": 62, "num_statements": 65, "percent_covered": 95.38461538461539, "percent_covered_display": "95.38", "missing_lines": 3, "excluded_lines": 0, "percent_statements_covered": 95.38461538461539, "percent_statements_covered_display": "95.38"}, "missing_lines": [216, 217, 218], "excluded_lines": [], "functions": {"RetryStrategy.__init__": {"executed_lines": [46, 47, 48, 49, 51], "summary": {"covered_lines": 5, "num_statements": 5, "percent_covered": 100.0, "percent_covered_display": "100.00", "missing_lines": 0, "excluded_lines": 0, "percent_statements_covered": 100.0, "percent_statements_covered_display": "100.00"}, "missing_lines": [], "excluded_lines": [], "start_line": 28}, "RetryStrategy.calculate_delay": {"executed_lines": [79, 80], "summary": {"covered_lines": 2, "num_statements": 2, "percent_covered": 100.0, "percent_covered_display": "100.00", "missing_lines": 0, "excluded_lines": 0, "percent_statements_covered": 100.0, "percent_statements_covered_display": "100.00"}, "missing_lines": [], "excluded_lines": [], "start_line": 61}, "RetryStrategy.execute": {"executed_lines": [108, 110, 111, 112, 113, 114, 118, 120, 121, 122, 124, 134, 135, 136, 138, 145, 147, 148, 151, 152, 160, 162, 164, 174, 175, 176, 178, 185, 187, 188, 189, 191, 202, 203, 204, 206, 213], "summary": {"covered_lines": 37, "num_statements": 40, "percent_covered": 92.5, "percent_covered_display": "92.50", "missing_lines": 3, "excluded_lines": 0, "percent_statements_covered": 92.5, "percent_statements_covered_display": "92.50"}, "missing_lines": [216, 217, 218], "excluded_lines": [], "start_line": 82}, "retry_on_error": {"executed_lines": [245, 257], "summary": {"covered_lines": 2, "num_statements": 2, "percent_covered": 100.0, "percent_covered_display": "100.00", "missing_lines": 0, "excluded_lines": 0, "percent_statements_covered": 100.0, "percent_statements_covered_display": "100.00"}, "missing_lines": [], "excluded_lines": [], "start_line": 221}, "retry_on_error.decorator": {"executed_lines": [246, 255], "summary": {"covered_lines": 2, "num_statements": 2, "percent_covered": 100.0, "percent_covered_display": "100.00", "missing_lines": 0, "excluded_lines": 0, "percent_statements_covered": 100.0, "percent_statements_covered_display": "100.00"}, "missing_lines": [], "excluded_lines": [], "start_line": 245}, "retry_on_error.decorator.wrapper": {"executed_lines": [247, 253], "summary": {"covered_lines": 2, "num_statements": 2, "percent_covered": 100.0, "percent_covered_display": "100.00", "missing_lines": 0, "excluded_lines": 0, "percent_statements_covered": 100.0, "percent_statements_covered_display": "100.00"}, "missing_lines": [], "excluded_lines": [], "start_line": 246}, "": {"executed_lines": [6, 7, 8, 10, 11, 13, 15, 18, 28, 61, 82, 221], "summary": {"covered_lines": 12, "num_statements": 12, "percent_covered": 100.0, "percent_covered_display": "100.00", "missing_lines": 0, "excluded_lines": 0, "percent_statements_covered": 100.0, "percent_statements_covered_display": "100.00"}, "missing_lines": [], "excluded_lines": [], "start_line": 1}}, "classes": {"RetryStrategy": {"executed_lines": [46, 47, 48, 49, 51, 79, 80, 108, 110, 111, 112, 113, 114, 118, 120, 121, 122, 124, 134, 135, 136, 138, 145, 147, 148, 151, 152, 160, 162, 164, 174, 175, 176, 178, 185, 187, 188, 189, 191, 202, 203, 204, 206, 213], "summary": {"covered_lines": 44, "num_statements": 47, "percent_covered": 93.61702127659575, "percent_covered_display": "93.62", "missing_lines": 3, "excluded_lines": 0, "percent_statements_covered": 93.61702127659575, "percent_statements_covered_display": "93.62"}, "missing_lines": [216, 217, 218], "excluded_lines": [], "start_line": 18}, "": {"executed_lines": [6, 7, 8, 10, 11, 13, 15, 18, 28, 61, 82, 221, 245, 246, 247, 253, 255, 257], "summary": {"covered_lines": 18, "num_statements": 18, "percent_covered": 100.0, "percent_covered_display": "100.00", "missing_lines": 0, "excluded_lines": 0, "percent_statements_covered": 100.0, "percent_statements_covered_display": "100.00"}, "missing_lines": [], "excluded_lines": [], "start_line": 1}}}, "src/lark_service/core/storage/__init__.py": {"executed_lines": [8, 9, 11], "summary": {"covered_lines": 3, "num_statements": 3, "percent_covered": 100.0, "percent_covered_display": "100.00", "missing_lines": 0, "excluded_lines": 0, "percent_statements_covered": 100.0, "percent_statements_covered_display": "100.00"}, "missing_lines": [], "excluded_lines": [], "functions": {"": {"executed_lines": [8, 9, 11], "summary": {"covered_lines": 3, "num_statements": 3, "percent_covered": 100.0, "percent_covered_display": "100.00", "missing_lines": 0, "excluded_lines": 0, "percent_statements_covered": 100.0, "percent_statements_covered_display": "100.00"}, "missing_lines": [], "excluded_lines": [], "start_line": 1}}, "classes": {"": {"executed_lines": [8, 9, 11], "summary": {"covered_lines": 3, "num_statements": 3, "percent_covered": 100.0, "percent_covered_display": "100.00", "missing_lines": 0, "excluded_lines": 0, "percent_statements_covered": 100.0, "percent_statements_covered_display": "100.00"}, "missing_lines": [], "excluded_lines": [], "start_line": 1}}}, "src/lark_service/core/storage/postgres_storage.py": {"executed_lines": [6, 8, 9, 10, 12, 13, 14, 15, 17, 20, 31, 55, 57, 59, 70, 73, 75, 89, 95, 97, 130, 131, 133, 137, 138, 140, 141, 143, 152, 156, 157, 158, 159, 163, 170, 172, 173, 175, 185, 186, 202, 204, 227, 229, 230, 231, 240, 242, 244, 256, 258, 279, 281, 282, 283, 292, 293, 295, 296, 298, 303, 312, 314, 366, 411, 456, 462, 463], "summary": {"covered_lines": 68, "num_statements": 119, "percent_covered": 57.142857142857146, "percent_covered_display": "57.14", "missing_lines": 51, "excluded_lines": 0, "percent_statements_covered": 57.142857142857146, "percent_statements_covered_display": "57.14"}, "missing_lines": [83, 84, 134, 188, 189, 190, 191, 192, 193, 246, 247, 305, 306, 307, 337, 338, 340, 341, 342, 344, 345, 347, 348, 350, 353, 354, 356, 358, 359, 364, 382, 383, 384, 386, 390, 392, 400, 402, 403, 404, 409, 431, 432, 433, 438, 443, 444, 446, 448, 449, 454], "excluded_lines": [], "functions": {"TokenStorageService.__init__": {"executed_lines": [55, 57, 59, 70, 73, 75], "summary": {"covered_lines": 6, "num_statements": 8, "percent_covered": 75.0, "percent_covered_display": "75.00", "missing_lines": 2, "excluded_lines": 0, "percent_statements_covered": 75.0, "percent_statements_covered_display": "75.00"}, "missing_lines": [83, 84], "excluded_lines": [], "start_line": 31}, "TokenStorageService._get_session": {"executed_lines": [95], "summary": {"covered_lines": 1, "num_statements": 1, "percent_covered": 100.0, "percent_covered_display": "100.00", "missing_lines": 0, "excluded_lines": 0, "percent_statements_covered": 100.0, "percent_statements_covered_display": "100.00"}, "missing_lines": [], "excluded_lines": [], "start_line": 89}, "TokenStorageService.set_token": {"executed_lines": [130, 131, 133, 137, 138, 140, 141, 143, 152, 156, 157, 158, 159, 163, 170, 172, 173, 175, 185, 186, 202], "summary": {"covered_lines": 21, "num_statements": 28, "percent_covered": 75.0, "percent_covered_display": "75.00", "missing_lines": 7, "excluded_lines": 0, "percent_statements_covered": 75.0, "percent_statements_covered_display": "75.00"}, "missing_lines": [134, 188, 189, 190, 191, 192, 193], "excluded_lines": [], "start_line": 97}, "TokenStorageService.get_token": {"executed_lines": [227, 229, 230, 231, 240, 242, 244, 256], "summary": {"covered_lines": 8, "num_statements": 10, "percent_covered": 80.0, "percent_covered_display": "80.00", "missing_lines": 2, "excluded_lines": 0, "percent_statements_covered": 80.0, "percent_statements_covered_display": "80.00"}, "missing_lines": [246, 247], "excluded_lines": [], "start_line": 204}, "TokenStorageService.delete_token": {"executed_lines": [279, 281, 282, 283, 292, 293, 295, 296, 298, 303, 312], "summary": {"covered_lines": 11, "num_statements": 14, "percent_covered": 78.57142857142857, "percent_covered_display": "78.57", "missing_lines": 3, "excluded_lines": 0, "percent_statements_covered": 78.57142857142857, "percent_statements_covered_display": "78.57"}, "missing_lines": [305, 306, 307], "excluded_lines": [], "start_line": 258}, "TokenStorageService.list_tokens": {"executed_lines": [], "summary": {"covered_lines": 0, "num_statements": 16, "percent_covered": 0.0, "percent_covered_display": "0.00", "missing_lines": 16, "excluded_lines": 0, "percent_statements_covered": 0.0, "percent_statements_covered_display": "0.00"}, "missing_lines": [337, 338, 340, 341, 342, 344, 345, 347, 348, 350, 353, 354, 356, 358, 359, 364], "excluded_lines": [], "start_line": 314}, "TokenStorageService.cleanup_expired_tokens": {"executed_lines": [], "summary": {"covered_lines": 0, "num_statements": 11, "percent_covered": 0.0, "percent_covered_display": "0.00", "missing_lines": 11, "excluded_lines": 0, "percent_statements_covered": 0.0, "percent_statements_covered_display": "0.00"}, "missing_lines": [382, 383, 384, 386, 390, 392, 400, 402, 403, 404, 409], "excluded_lines": [], "start_line": 366}, "TokenStorageService.get_tokens_needing_refresh": {"executed_lines": [], "summary": {"covered_lines": 0, "num_statements": 10, "percent_covered": 0.0, "percent_covered_display": "0.00", "missing_lines": 10, "excluded_lines": 0, "percent_statements_covered": 0.0, "percent_statements_covered_display": "0.00"}, "missing_lines": [431, 432, 433, 438, 443, 444, 446, 448, 449, 454], "excluded_lines": [], "start_line": 411}, "TokenStorageService.close": {"executed_lines": [462, 463], "summary": {"covered_lines": 2, "num_statements": 2, "percent_covered": 100.0, "percent_covered_display": "100.00", "missing_lines": 0, "excluded_lines": 0, "percent_statements_covered": 100.0, "percent_statements_covered_display": "100.00"}, "missing_lines": [], "excluded_lines": [], "start_line": 456}, "": {"executed_lines": [6, 8, 9, 10, 12, 13, 14, 15, 17, 20, 31, 89, 97, 204, 258, 314, 366, 411, 456], "summary": {"covered_lines": 19, "num_statements": 19, "percent_covered": 100.0, "percent_covered_display": "100.00", "missing_lines": 0, "excluded_lines": 0, "percent_statements_covered": 100.0, "percent_statements_covered_display": "100.00"}, "missing_lines": [], "excluded_lines": [], "start_line": 1}}, "classes": {"TokenStorageService": {"executed_lines": [55, 57, 59, 70, 73, 75, 95, 130, 131, 133, 137, 138, 140, 141, 143, 152, 156, 157, 158, 159, 163, 170, 172, 173, 175, 185, 186, 202, 227, 229, 230, 231, 240, 242, 244, 256, 279, 281, 282, 283, 292, 293, 295, 296, 298, 303, 312, 462, 463], "summary": {"covered_lines": 49, "num_statements": 100, "percent_covered": 49.0, "percent_covered_display": "49.00", "missing_lines": 51, "excluded_lines": 0, "percent_statements_covered": 49.0, "percent_statements_covered_display": "49.00"}, "missing_lines": [83, 84, 134, 188, 189, 190, 191, 192, 193, 246, 247, 305, 306, 307, 337, 338, 340, 341, 342, 344, 345, 347, 348, 350, 353, 354, 356, 358, 359, 364, 382, 383, 384, 386, 390, 392, 400, 402, 403, 404, 409, 431, 432, 433, 438, 443, 444, 446, 448, 449, 454], "excluded_lines": [], "start_line": 20}, "": {"executed_lines": [6, 8, 9, 10, 12, 13, 14, 15, 17, 20, 31, 89, 97, 204, 258, 314, 366, 411, 456], "summary": {"covered_lines": 19, "num_statements": 19, "percent_covered": 100.0, "percent_covered_display": "100.00", "missing_lines": 0, "excluded_lines": 0, "percent_statements_covered": 100.0, "percent_statements_covered_display": "100.00"}, "missing_lines": [], "excluded_lines": [], "start_line": 1}}}, "src/lark_service/core/storage/sqlite_storage.py": {"executed_lines": [6, 8, 9, 11, 12, 13, 14, 16, 19, 31, 45, 46, 48, 50, 53, 60, 63, 65, 76, 82, 84, 118, 119, 121, 124, 125, 127, 128, 135, 136, 143, 151, 153, 154, 155, 157, 162, 174, 176, 194, 196, 197, 198, 199, 201, 202, 210, 212, 230, 233, 234, 235, 236, 239, 242, 243, 245, 255, 257, 289, 291, 294, 295, 297, 298, 299, 300, 307, 309, 314, 319, 321, 324, 327, 328, 330, 333, 334, 336, 342, 343, 355, 357, 372, 374, 375, 376, 377, 383, 384, 385, 386, 408, 410, 441, 447, 448], "summary": {"covered_lines": 97, "num_statements": 145, "percent_covered": 66.89655172413794, "percent_covered_display": "66.90", "missing_lines": 48, "excluded_lines": 0, "percent_statements_covered": 66.89655172413794, "percent_statements_covered_display": "66.90"}, "missing_lines": [70, 71, 122, 129, 137, 164, 165, 166, 167, 168, 169, 204, 205, 231, 237, 247, 248, 249, 250, 292, 301, 315, 322, 325, 331, 345, 346, 347, 348, 349, 350, 378, 391, 392, 393, 398, 399, 400, 401, 402, 403, 426, 427, 428, 433, 434, 435, 436], "excluded_lines": [], "functions": {"ApplicationManager.__init__": {"executed_lines": [45, 46, 48, 50, 53, 60, 63, 65], "summary": {"covered_lines": 8, "num_statements": 10, "percent_covered": 80.0, "percent_covered_display": "80.00", "missing_lines": 2, "excluded_lines": 0, "percent_statements_covered": 80.0, "percent_statements_covered_display": "80.00"}, "missing_lines": [70, 71], "excluded_lines": [], "start_line": 31}, "ApplicationManager._get_session": {"executed_lines": [82], "summary": {"covered_lines": 1, "num_statements": 1, "percent_covered": 100.0, "percent_covered_display": "100.00", "missing_lines": 0, "excluded_lines": 0, "percent_statements_covered": 100.0, "percent_statements_covered_display": "100.00"}, "missing_lines": [], "excluded_lines": [], "start_line": 76}, "ApplicationManager.add_application": {"executed_lines": [118, 119, 121, 124, 125, 127, 128, 135, 136, 143, 151, 153, 154, 155, 157, 162, 174], "summary": {"covered_lines": 17, "num_statements": 26, "percent_covered": 65.38461538461539, "percent_covered_display": "65.38", "missing_lines": 9, "excluded_lines": 0, "percent_statements_covered": 65.38461538461539, "percent_statements_covered_display": "65.38"}, "missing_lines": [122, 129, 137, 164, 165, 166, 167, 168, 169], "excluded_lines": [], "start_line": 84}, "ApplicationManager.get_application": {"executed_lines": [194, 196, 197, 198, 199, 201, 202, 210], "summary": {"covered_lines": 8, "num_statements": 10, "percent_covered": 80.0, "percent_covered_display": "80.00", "missing_lines": 2, "excluded_lines": 0, "percent_statements_covered": 80.0, "percent_statements_covered_display": "80.00"}, "missing_lines": [204, 205], "excluded_lines": [], "start_line": 176}, "ApplicationManager.list_applications": {"executed_lines": [230, 233, 234, 235, 236, 239, 242, 243, 245, 255], "summary": {"covered_lines": 10, "num_statements": 16, "percent_covered": 62.5, "percent_covered_display": "62.50", "missing_lines": 6, "excluded_lines": 0, "percent_statements_covered": 62.5, "percent_statements_covered_display": "62.50"}, "missing_lines": [231, 237, 247, 248, 249, 250], "excluded_lines": [], "start_line": 212}, "ApplicationManager.update_application": {"executed_lines": [289, 291, 294, 295, 297, 298, 299, 300, 307, 309, 314, 319, 321, 324, 327, 328, 330, 333, 334, 336, 342, 343, 355], "summary": {"covered_lines": 23, "num_statements": 35, "percent_covered": 65.71428571428571, "percent_covered_display": "65.71", "missing_lines": 12, "excluded_lines": 0, "percent_statements_covered": 65.71428571428571, "percent_statements_covered_display": "65.71"}, "missing_lines": [292, 301, 315, 322, 325, 331, 345, 346, 347, 348, 349, 350], "excluded_lines": [], "start_line": 257}, "ApplicationManager.delete_application": {"executed_lines": [372, 374, 375, 376, 377, 383, 384, 385, 386, 408], "summary": {"covered_lines": 10, "num_statements": 20, "percent_covered": 50.0, "percent_covered_display": "50.00", "missing_lines": 10, "excluded_lines": 0, "percent_statements_covered": 50.0, "percent_statements_covered_display": "50.00"}, "missing_lines": [378, 391, 392, 393, 398, 399, 400, 401, 402, 403], "excluded_lines": [], "start_line": 357}, "ApplicationManager.get_decrypted_secret": {"executed_lines": [], "summary": {"covered_lines": 0, "num_statements": 7, "percent_covered": 0.0, "percent_covered_display": "0.00", "missing_lines": 7, "excluded_lines": 0, "percent_statements_covered": 0.0, "percent_statements_covered_display": "0.00"}, "missing_lines": [426, 427, 428, 433, 434, 435, 436], "excluded_lines": [], "start_line": 410}, "ApplicationManager.close": {"executed_lines": [447, 448], "summary": {"covered_lines": 2, "num_statements": 2, "percent_covered": 100.0, "percent_covered_display": "100.00", "missing_lines": 0, "excluded_lines": 0, "percent_statements_covered": 100.0, "percent_statements_covered_display": "100.00"}, "missing_lines": [], "excluded_lines": [], "start_line": 441}, "": {"executed_lines": [6, 8, 9, 11, 12, 13, 14, 16, 19, 31, 76, 84, 176, 212, 257, 357, 410, 441], "summary": {"covered_lines": 18, "num_statements": 18, "percent_covered": 100.0, "percent_covered_display": "100.00", "missing_lines": 0, "excluded_lines": 0, "percent_statements_covered": 100.0, "percent_statements_covered_display": "100.00"}, "missing_lines": [], "excluded_lines": [], "start_line": 1}}, "classes": {"ApplicationManager": {"executed_lines": [45, 46, 48, 50, 53, 60, 63, 65, 82, 118, 119, 121, 124, 125, 127, 128, 135, 136, 143, 151, 153, 154, 155, 157, 162, 174, 194, 196, 197, 198, 199, 201, 202, 210, 230, 233, 234, 235, 236, 239, 242, 243, 245, 255, 289, 291, 294, 295, 297, 298, 299, 300, 307, 309, 314, 319, 321, 324, 327, 328, 330, 333, 334, 336, 342, 343, 355, 372, 374, 375, 376, 377, 383, 384, 385, 386, 408, 447, 448], "summary": {"covered_lines": 79, "num_statements": 127, "percent_covered": 62.20472440944882, "percent_covered_display": "62.20", "missing_lines": 48, "excluded_lines": 0, "percent_statements_covered": 62.20472440944882, "percent_statements_covered_display": "62.20"}, "missing_lines": [70, 71, 122, 129, 137, 164, 165, 166, 167, 168, 169, 204, 205, 231, 237, 247, 248, 249, 250, 292, 301, 315, 322, 325, 331, 345, 346, 347, 348, 349, 350, 378, 391, 392, 393, 398, 399, 400, 401, 402, 403, 426, 427, 428, 433, 434, 435, 436], "excluded_lines": [], "start_line": 19}, "": {"executed_lines": [6, 8, 9, 11, 12, 13, 14, 16, 19, 31, 76, 84, 176, 212, 257, 357, 410, 441], "summary": {"covered_lines": 18, "num_statements": 18, "percent_covered": 100.0, "percent_covered_display": "100.00", "missing_lines": 0, "excluded_lines": 0, "percent_statements_covered": 100.0, "percent_statements_covered_display": "100.00"}, "missing_lines": [], "excluded_lines": [], "start_line": 1}}}, "src/lark_service/db/__init__.py": {"executed_lines": [3, 10], "summary": {"covered_lines": 2, "num_statements": 2, "percent_covered": 100.0, "percent_covered_display": "100.00", "missing_lines": 0, "excluded_lines": 0, "percent_statements_covered": 100.0, "percent_statements_covered_display": "100.00"}, "missing_lines": [], "excluded_lines": [], "functions": {"": {"executed_lines": [3, 10], "summary": {"covered_lines": 2, "num_statements": 2, "percent_covered": 100.0, "percent_covered_display": "100.00", "missing_lines": 0, "excluded_lines": 0, "percent_statements_covered": 100.0, "percent_statements_covered_display": "100.00"}, "missing_lines": [], "excluded_lines": [], "start_line": 1}}, "classes": {"": {"executed_lines": [3, 10], "summary": {"covered_lines": 2, "num_statements": 2, "percent_covered": 100.0, "percent_covered_display": "100.00", "missing_lines": 0, "excluded_lines": 0, "percent_statements_covered": 100.0, "percent_statements_covered_display": "100.00"}, "missing_lines": [], "excluded_lines": [], "start_line": 1}}}, "src/lark_service/db/init_config_db.py": {"executed_lines": [7, 8, 10, 11, 13, 16, 39, 63, 141], "summary": {"covered_lines": 9, "num_statements": 45, "percent_covered": 20.0, "percent_covered_display": "20.00", "missing_lines": 36, "excluded_lines": 0, "percent_statements_covered": 20.0, "percent_statements_covered_display": "20.00"}, "missing_lines": [30, 31, 34, 36, 53, 54, 57, 60, 93, 94, 96, 97, 99, 100, 101, 102, 106, 108, 109, 112, 113, 114, 116, 118, 119, 120, 123, 129, 131, 132, 133, 135, 138, 157, 159, 160], "excluded_lines": [], "functions": {"get_config_db_path": {"executed_lines": [], "summary": {"covered_lines": 0, "num_statements": 4, "percent_covered": 0.0, "percent_covered_display": "0.00", "missing_lines": 4, "excluded_lines": 0, "percent_statements_covered": 0.0, "percent_statements_covered_display": "0.00"}, "missing_lines": [30, 31, 34, 36], "excluded_lines": [], "start_line": 16}, "init_config_database": {"executed_lines": [], "summary": {"covered_lines": 0, "num_statements": 4, "percent_covered": 0.0, "percent_covered_display": "0.00", "missing_lines": 4, "excluded_lines": 0, "percent_statements_covered": 0.0, "percent_statements_covered_display": "0.00"}, "missing_lines": [53, 54, 57, 60], "excluded_lines": [], "start_line": 39}, "add_default_application_from_env": {"executed_lines": [], "summary": {"covered_lines": 0, "num_statements": 25, "percent_covered": 0.0, "percent_covered_display": "0.00", "missing_lines": 25, "excluded_lines": 0, "percent_statements_covered": 0.0, "percent_statements_covered_display": "0.00"}, "missing_lines": [93, 94, 96, 97, 99, 100, 101, 102, 106, 108, 109, 112, 113, 114, 116, 118, 119, 120, 123, 129, 131, 132, 133, 135, 138], "excluded_lines": [], "start_line": 63}, "setup_config_database": {"executed_lines": [], "summary": {"covered_lines": 0, "num_statements": 3, "percent_covered": 0.0, "percent_covered_display": "0.00", "missing_lines": 3, "excluded_lines": 0, "percent_statements_covered": 0.0, "percent_statements_covered_display": "0.00"}, "missing_lines": [157, 159, 160], "excluded_lines": [], "start_line": 141}, "": {"executed_lines": [7, 8, 10, 11, 13, 16, 39, 63, 141], "summary": {"covered_lines": 9, "num_statements": 9, "percent_covered": 100.0, "percent_covered_display": "100.00", "missing_lines": 0, "excluded_lines": 0, "percent_statements_covered": 100.0, "percent_statements_covered_display": "100.00"}, "missing_lines": [], "excluded_lines": [], "start_line": 1}}, "classes": {"": {"executed_lines": [7, 8, 10, 11, 13, 16, 39, 63, 141], "summary": {"covered_lines": 9, "num_statements": 45, "percent_covered": 20.0, "percent_covered_display": "20.00", "missing_lines": 36, "excluded_lines": 0, "percent_statements_covered": 20.0, "percent_statements_covered_display": "20.00"}, "missing_lines": [30, 31, 34, 36, 53, 54, 57, 60, 93, 94, 96, 97, 99, 100, 101, 102, 106, 108, 109, 112, 113, 114, 116, 118, 119, 120, 123, 129, 131, 132, 133, 135, 138, 157, 159, 160], "excluded_lines": [], "start_line": 1}}}, "src/lark_service/messaging/__init__.py": {"executed_lines": [], "summary": {"covered_lines": 0, "num_statements": 0, "percent_covered": 100.0, "percent_covered_display": "100.00", "missing_lines": 0, "excluded_lines": 0, "percent_statements_covered": 100.0, "percent_statements_covered_display": "100.00"}, "missing_lines": [], "excluded_lines": [], "functions": {"": {"executed_lines": [], "summary": {"covered_lines": 0, "num_statements": 0, "percent_covered": 100.0, "percent_covered_display": "100.00", "missing_lines": 0, "excluded_lines": 0, "percent_statements_covered": 100.0, "percent_statements_covered_display": "100.00"}, "missing_lines": [], "excluded_lines": [], "start_line": 1}}, "classes": {"": {"executed_lines": [], "summary": {"covered_lines": 0, "num_statements": 0, "percent_covered": 100.0, "percent_covered_display": "100.00", "missing_lines": 0, "excluded_lines": 0, "percent_statements_covered": 100.0, "percent_statements_covered_display": "100.00"}, "missing_lines": [], "excluded_lines": [], "start_line": 1}}}, "src/lark_service/utils/__init__.py": {"executed_lines": [8, 15, 30], "summary": {"covered_lines": 3, "num_statements": 3, "percent_covered": 100.0, "percent_covered_display": "100.00", "missing_lines": 0, "excluded_lines": 0, "percent_statements_covered": 100.0, "percent_statements_covered_display": "100.00"}, "missing_lines": [], "excluded_lines": [], "functions": {"": {"executed_lines": [8, 15, 30], "summary": {"covered_lines": 3, "num_statements": 3, "percent_covered": 100.0, "percent_covered_display": "100.00", "missing_lines": 0, "excluded_lines": 0, "percent_statements_covered": 100.0, "percent_statements_covered_display": "100.00"}, "missing_lines": [], "excluded_lines": [], "start_line": 1}}, "classes": {"": {"executed_lines": [8, 15, 30], "summary": {"covered_lines": 3, "num_statements": 3, "percent_covered": 100.0, "percent_covered_display": "100.00", "missing_lines": 0, "excluded_lines": 0, "percent_statements_covered": 100.0, "percent_statements_covered_display": "100.00"}, "missing_lines": [], "excluded_lines": [], "start_line": 1}}}, "src/lark_service/utils/logger.py": {"executed_lines": [11, 12, 13, 14, 15, 17, 20, 28, 30, 31, 32, 34, 43, 44, 45, 48, 54, 85, 106, 107, 110, 113, 114, 117, 118, 120, 122, 127, 133, 134, 137, 138, 139, 140, 141, 142, 145, 147, 150, 163, 166, 178, 179, 180, 181, 182, 183, 184, 187, 193, 194, 195, 196, 197, 200, 211, 218, 219, 221, 227, 228, 230, 240], "summary": {"covered_lines": 63, "num_statements": 71, "percent_covered": 88.73239436619718, "percent_covered_display": "88.73", "missing_lines": 8, "excluded_lines": 0, "percent_statements_covered": 88.73239436619718, "percent_statements_covered_display": "88.73"}, "missing_lines": [67, 70, 73, 76, 79, 80, 81, 82], "excluded_lines": [], "functions": {"ContextFilter.__init__": {"executed_lines": [30, 31, 32], "summary": {"covered_lines": 3, "num_statements": 3, "percent_covered": 100.0, "percent_covered_display": "100.00", "missing_lines": 0, "excluded_lines": 0, "percent_statements_covered": 100.0, "percent_statements_covered_display": "100.00"}, "missing_lines": [], "excluded_lines": [], "start_line": 28}, "ContextFilter.filter": {"executed_lines": [43, 44, 45], "summary": {"covered_lines": 3, "num_statements": 3, "percent_covered": 100.0, "percent_covered_display": "100.00", "missing_lines": 0, "excluded_lines": 0, "percent_statements_covered": 100.0, "percent_statements_covered_display": "100.00"}, "missing_lines": [], "excluded_lines": [], "start_line": 34}, "CustomJsonFormatter.add_fields": {"executed_lines": [], "summary": {"covered_lines": 0, "num_statements": 8, "percent_covered": 0.0, "percent_covered_display": "0.00", "missing_lines": 8, "excluded_lines": 0, "percent_statements_covered": 0.0, "percent_statements_covered_display": "0.00"}, "missing_lines": [67, 70, 73, 76, 79, 80, 81, 82], "excluded_lines": [], "start_line": 54}, "setup_logger": {"executed_lines": [106, 107, 110, 113, 114, 117, 118, 120, 122, 127, 133, 134, 137, 138, 139, 140, 141, 142, 145, 147], "summary": {"covered_lines": 20, "num_statements": 20, "percent_covered": 100.0, "percent_covered_display": "100.00", "missing_lines": 0, "excluded_lines": 0, "percent_statements_covered": 100.0, "percent_statements_covered_display": "100.00"}, "missing_lines": [], "excluded_lines": [], "start_line": 85}, "get_logger": {"executed_lines": [163], "summary": {"covered_lines": 1, "num_statements": 1, "percent_covered": 100.0, "percent_covered_display": "100.00", "missing_lines": 0, "excluded_lines": 0, "percent_statements_covered": 100.0, "percent_statements_covered_display": "100.00"}, "missing_lines": [], "excluded_lines": [], "start_line": 150}, "set_request_context": {"executed_lines": [178, 179, 180, 181, 182, 183, 184], "summary": {"covered_lines": 7, "num_statements": 7, "percent_covered": 100.0, "percent_covered_display": "100.00", "missing_lines": 0, "excluded_lines": 0, "percent_statements_covered": 100.0, "percent_statements_covered_display": "100.00"}, "missing_lines": [], "excluded_lines": [], "start_line": 166}, "clear_request_context": {"executed_lines": [193, 194, 195, 196, 197], "summary": {"covered_lines": 5, "num_statements": 5, "percent_covered": 100.0, "percent_covered_display": "100.00", "missing_lines": 0, "excluded_lines": 0, "percent_statements_covered": 100.0, "percent_statements_covered_display": "100.00"}, "missing_lines": [], "excluded_lines": [], "start_line": 187}, "LoggerContextManager.__init__": {"executed_lines": [218, 219], "summary": {"covered_lines": 2, "num_statements": 2, "percent_covered": 100.0, "percent_covered_display": "100.00", "missing_lines": 0, "excluded_lines": 0, "percent_statements_covered": 100.0, "percent_statements_covered_display": "100.00"}, "missing_lines": [], "excluded_lines": [], "start_line": 211}, "LoggerContextManager.__enter__": {"executed_lines": [227, 228], "summary": {"covered_lines": 2, "num_statements": 2, "percent_covered": 100.0, "percent_covered_display": "100.00", "missing_lines": 0, "excluded_lines": 0, "percent_statements_covered": 100.0, "percent_statements_covered_display": "100.00"}, "missing_lines": [], "excluded_lines": [], "start_line": 221}, "LoggerContextManager.__exit__": {"executed_lines": [240], "summary": {"covered_lines": 1, "num_statements": 1, "percent_covered": 100.0, "percent_covered_display": "100.00", "missing_lines": 0, "excluded_lines": 0, "percent_statements_covered": 100.0, "percent_statements_covered_display": "100.00"}, "missing_lines": [], "excluded_lines": [], "start_line": 230}, "": {"executed_lines": [11, 12, 13, 14, 15, 17, 20, 28, 34, 48, 54, 85, 150, 166, 187, 200, 211, 221, 230], "summary": {"covered_lines": 19, "num_statements": 19, "percent_covered": 100.0, "percent_covered_display": "100.00", "missing_lines": 0, "excluded_lines": 0, "percent_statements_covered": 100.0, "percent_statements_covered_display": "100.00"}, "missing_lines": [], "excluded_lines": [], "start_line": 1}}, "classes": {"ContextFilter": {"executed_lines": [30, 31, 32, 43, 44, 45], "summary": {"covered_lines": 6, "num_statements": 6, "percent_covered": 100.0, "percent_covered_display": "100.00", "missing_lines": 0, "excluded_lines": 0, "percent_statements_covered": 100.0, "percent_statements_covered_display": "100.00"}, "missing_lines": [], "excluded_lines": [], "start_line": 20}, "CustomJsonFormatter": {"executed_lines": [], "summary": {"covered_lines": 0, "num_statements": 8, "percent_covered": 0.0, "percent_covered_display": "0.00", "missing_lines": 8, "excluded_lines": 0, "percent_statements_covered": 0.0, "percent_statements_covered_display": "0.00"}, "missing_lines": [67, 70, 73, 76, 79, 80, 81, 82], "excluded_lines": [], "start_line": 48}, "LoggerContextManager": {"executed_lines": [218, 219, 227, 228, 240], "summary": {"covered_lines": 5, "num_statements": 5, "percent_covered": 100.0, "percent_covered_display": "100.00", "missing_lines": 0, "excluded_lines": 0, "percent_statements_covered": 100.0, "percent_statements_covered_display": "100.00"}, "missing_lines": [], "excluded_lines": [], "start_line": 200}, "": {"executed_lines": [11, 12, 13, 14, 15, 17, 20, 28, 34, 48, 54, 85, 106, 107, 110, 113, 114, 117, 118, 120, 122, 127, 133, 134, 137, 138, 139, 140, 141, 142, 145, 147, 150, 163, 166, 178, 179, 180, 181, 182, 183, 184, 187, 193, 194, 195, 196, 197, 200, 211, 221, 230], "summary": {"covered_lines": 52, "num_statements": 52, "percent_covered": 100.0, "percent_covered_display": "100.00", "missing_lines": 0, "excluded_lines": 0, "percent_statements_covered": 100.0, "percent_statements_covered_display": "100.00"}, "missing_lines": [], "excluded_lines": [], "start_line": 1}}}, "src/lark_service/utils/validators.py": {"executed_lines": [11, 12, 13, 14, 16, 19, 39, 40, 43, 44, 45, 51, 54, 70, 71, 74, 75, 81, 82, 87, 90, 106, 110, 111, 112, 118, 121, 137, 141, 142, 143, 149, 152, 168, 172, 173, 174, 180, 183, 199, 203, 204, 205, 211, 214, 231, 232, 235, 236, 242, 243, 248, 251, 272, 273, 275, 276, 283, 284, 289, 290, 295, 296, 301, 304, 321, 324, 325, 332, 333, 338, 341, 362, 363, 364, 365, 370, 371, 376, 379, 400, 401, 402, 403, 408, 409, 414, 417, 439, 440, 445], "summary": {"covered_lines": 91, "num_statements": 100, "percent_covered": 91.0, "percent_covered_display": "91.00", "missing_lines": 9, "excluded_lines": 0, "percent_statements_covered": 91.0, "percent_statements_covered_display": "91.00"}, "missing_lines": [107, 138, 169, 200, 277, 278, 322, 326, 327], "excluded_lines": [], "functions": {"validate_app_id": {"executed_lines": [39, 40, 43, 44, 45, 51], "summary": {"covered_lines": 6, "num_statements": 6, "percent_covered": 100.0, "percent_covered_display": "100.00", "missing_lines": 0, "excluded_lines": 0, "percent_statements_covered": 100.0, "percent_statements_covered_display": "100.00"}, "missing_lines": [], "excluded_lines": [], "start_line": 19}, "validate_app_secret": {"executed_lines": [70, 71, 74, 75, 81, 82, 87], "summary": {"covered_lines": 7, "num_statements": 7, "percent_covered": 100.0, "percent_covered_display": "100.00", "missing_lines": 0, "excluded_lines": 0, "percent_statements_covered": 100.0, "percent_statements_covered_display": "100.00"}, "missing_lines": [], "excluded_lines": [], "start_line": 54}, "validate_open_id": {"executed_lines": [106, 110, 111, 112, 118], "summary": {"covered_lines": 5, "num_statements": 6, "percent_covered": 83.33333333333333, "percent_covered_display": "83.33", "missing_lines": 1, "excluded_lines": 0, "percent_statements_covered": 83.33333333333333, "percent_statements_covered_display": "83.33"}, "missing_lines": [107], "excluded_lines": [], "start_line": 90}, "validate_user_id": {"executed_lines": [137, 141, 142, 143, 149], "summary": {"covered_lines": 5, "num_statements": 6, "percent_covered": 83.33333333333333, "percent_covered_display": "83.33", "missing_lines": 1, "excluded_lines": 0, "percent_statements_covered": 83.33333333333333, "percent_statements_covered_display": "83.33"}, "missing_lines": [138], "excluded_lines": [], "start_line": 121}, "validate_union_id": {"executed_lines": [168, 172, 173, 174, 180], "summary": {"covered_lines": 5, "num_statements": 6, "percent_covered": 83.33333333333333, "percent_covered_display": "83.33", "missing_lines": 1, "excluded_lines": 0, "percent_statements_covered": 83.33333333333333, "percent_statements_covered_display": "83.33"}, "missing_lines": [169], "excluded_lines": [], "start_line": 152}, "validate_chat_id": {"executed_lines": [199, 203, 204, 205, 211], "summary": {"covered_lines": 5, "num_statements": 6, "percent_covered": 83.33333333333333, "percent_covered_display": "83.33", "missing_lines": 1, "excluded_lines": 0, "percent_statements_covered": 83.33333333333333, "percent_statements_covered_display": "83.33"}, "missing_lines": [200], "excluded_lines": [], "start_line": 183}, "validate_token": {"executed_lines": [231, 232, 235, 236, 242, 243, 248], "summary": {"covered_lines": 7, "num_statements": 7, "percent_covered": 100.0, "percent_covered_display": "100.00", "missing_lines": 0, "excluded_lines": 0, "percent_statements_covered": 100.0, "percent_statements_covered_display": "100.00"}, "missing_lines": [], "excluded_lines": [], "start_line": 214}, "validate_url": {"executed_lines": [272, 273, 275, 276, 283, 284, 289, 290, 295, 296, 301], "summary": {"covered_lines": 11, "num_statements": 13, "percent_covered": 84.61538461538461, "percent_covered_display": "84.62", "missing_lines": 2, "excluded_lines": 0, "percent_statements_covered": 84.61538461538461, "percent_statements_covered_display": "84.62"}, "missing_lines": [277, 278], "excluded_lines": [], "start_line": 251}, "validate_file_path": {"executed_lines": [321, 324, 325, 332, 333, 338], "summary": {"covered_lines": 6, "num_statements": 9, "percent_covered": 66.66666666666667, "percent_covered_display": "66.67", "missing_lines": 3, "excluded_lines": 0, "percent_statements_covered": 66.66666666666667, "percent_statements_covered_display": "66.67"}, "missing_lines": [322, 326, 327], "excluded_lines": [], "start_line": 304}, "validate_positive_int": {"executed_lines": [362, 363, 364, 365, 370, 371, 376], "summary": {"covered_lines": 7, "num_statements": 7, "percent_covered": 100.0, "percent_covered_display": "100.00", "missing_lines": 0, "excluded_lines": 0, "percent_statements_covered": 100.0, "percent_statements_covered_display": "100.00"}, "missing_lines": [], "excluded_lines": [], "start_line": 341}, "validate_non_negative_float": {"executed_lines": [400, 401, 402, 403, 408, 409, 414], "summary": {"covered_lines": 7, "num_statements": 7, "percent_covered": 100.0, "percent_covered_display": "100.00", "missing_lines": 0, "excluded_lines": 0, "percent_statements_covered": 100.0, "percent_statements_covered_display": "100.00"}, "missing_lines": [], "excluded_lines": [], "start_line": 379}, "validate_enum": {"executed_lines": [439, 440, 445], "summary": {"covered_lines": 3, "num_statements": 3, "percent_covered": 100.0, "percent_covered_display": "100.00", "missing_lines": 0, "excluded_lines": 0, "percent_statements_covered": 100.0, "percent_statements_covered_display": "100.00"}, "missing_lines": [], "excluded_lines": [], "start_line": 417}, "": {"executed_lines": [11, 12, 13, 14, 16, 19, 54, 90, 121, 152, 183, 214, 251, 304, 341, 379, 417], "summary": {"covered_lines": 17, "num_statements": 17, "percent_covered": 100.0, "percent_covered_display": "100.00", "missing_lines": 0, "excluded_lines": 0, "percent_statements_covered": 100.0, "percent_statements_covered_display": "100.00"}, "missing_lines": [], "excluded_lines": [], "start_line": 1}}, "classes": {"": {"executed_lines": [11, 12, 13, 14, 16, 19, 39, 40, 43, 44, 45, 51, 54, 70, 71, 74, 75, 81, 82, 87, 90, 106, 110, 111, 112, 118, 121, 137, 141, 142, 143, 149, 152, 168, 172, 173, 174, 180, 183, 199, 203, 204, 205, 211, 214, 231, 232, 235, 236, 242, 243, 248, 251, 272, 273, 275, 276, 283, 284, 289, 290, 295, 296, 301, 304, 321, 324, 325, 332, 333, 338, 341, 362, 363, 364, 365, 370, 371, 376, 379, 400, 401, 402, 403, 408, 409, 414, 417, 439, 440, 445], "summary": {"covered_lines": 91, "num_statements": 100, "percent_covered": 91.0, "percent_covered_display": "91.00", "missing_lines": 9, "excluded_lines": 0, "percent_statements_covered": 91.0, "percent_statements_covered_display": "91.00"}, "missing_lines": [107, 138, 169, 200, 277, 278, 322, 326, 327], "excluded_lines": [], "start_line": 1}}}}, "totals": {"covered_lines": 903, "num_statements": 1162, "percent_covered": 77.71084337349397, "percent_covered_display": "77.71", "missing_lines": 259, "excluded_lines": 35, "percent_statements_covered": 77.71084337349397, "percent_statements_covered_display": "77.71"}}